<?xml version="1.0" encoding="utf-8"?><testsuites name="pytest tests"><testsuite name="pytest" errors="0" failures="0" skipped="161" tests="2739" time="20.412" timestamp="2026-06-06T22:07:10.268633+00:00" hostname="8b1e417d392e"><testcase classname="tests.e2e.cloud.test_adf_write.TestADFCreateIssue" name="test_create_issue_bold_italic[asyncio]" time="0.000"><skipped type="pytest.skip" message="need --cloud-e2e option to run">/repo/tests/e2e/cloud/test_adf_write.py:105: need --cloud-e2e option to run</skipped></testcase><testcase classname="tests.e2e.cloud.test_adf_write.TestADFCreateIssue" name="test_create_issue_lists[asyncio]" time="0.000"><skipped type="pytest.skip" message="need --cloud-e2e option to run">/repo/tests/e2e/cloud/test_adf_write.py:123: need --cloud-e2e option to run</skipped></testcase><testcase classname="tests.e2e.cloud.test_adf_write.TestADFCreateIssue" name="test_create_issue_code_block[asyncio]" time="0.000"><skipped type="pytest.skip" message="need --cloud-e2e option to run">/repo/tests/e2e/cloud/test_adf_write.py:141: need --cloud-e2e option to run</skipped></testcase><testcase classname="tests.e2e.cloud.test_adf_write.TestADFCreateIssue" name="test_create_issue_heading_link[asyncio]" time="0.000"><skipped type="pytest.skip" message="need --cloud-e2e option to run">/repo/tests/e2e/cloud/test_adf_write.py:158: need --cloud-e2e option to run</skipped></testcase><testcase classname="tests.e2e.cloud.test_adf_write.TestADFCreateIssue" name="test_create_issue_blockquote[asyncio]" time="0.000"><skipped type="pytest.skip" message="need --cloud-e2e option to run">/repo/tests/e2e/cloud/test_adf_write.py:176: need --cloud-e2e option to run</skipped></testcase><testcase classname="tests.e2e.cloud.test_adf_write.TestADFCreateIssue" name="test_create_issue_mixed[asyncio]" time="0.000"><skipped type="pytest.skip" message="need --cloud-e2e option to run">/repo/tests/e2e/cloud/test_adf_write.py:193: need --cloud-e2e option to run</skipped></testcase><testcase classname="tests.e2e.cloud.test_adf_write.TestADFUpdateAndComment" name="test_update_issue_description[asyncio]" time="0.000"><skipped type="pytest.skip" message="need --cloud-e2e option to run">/repo/tests/e2e/cloud/test_adf_write.py:223: need --cloud-e2e option to run</skipped></testcase><testcase classname="tests.e2e.cloud.test_adf_write.TestADFUpdateAndComment" name="test_add_comment_markdown[asyncio]" time="0.000"><skipped type="pytest.skip" message="need --cloud-e2e option to run">/repo/tests/e2e/cloud/test_adf_write.py:254: need --cloud-e2e option to run</skipped></testcase><testcase classname="tests.e2e.cloud.test_confluence_auth_matrix.TestConfluenceReadOperations" name="test_get_page[basic]" time="0.000"><skipped type="pytest.skip" message="need --cloud-e2e option to run">/repo/tests/e2e/cloud/test_confluence_auth_matrix.py:41: need --cloud-e2e option to run</skipped></testcase><testcase classname="tests.e2e.cloud.test_confluence_auth_matrix.TestConfluenceReadOperations" name="test_get_page[byo_oauth]" time="0.000"><skipped type="pytest.skip" message="need --cloud-e2e option to run">/repo/tests/e2e/cloud/test_confluence_auth_matrix.py:41: need --cloud-e2e option to run</skipped></testcase><testcase classname="tests.e2e.cloud.test_confluence_auth_matrix.TestConfluenceReadOperations" name="test_search[basic]" time="0.000"><skipped type="pytest.skip" message="need --cloud-e2e option to run">/repo/tests/e2e/cloud/test_confluence_auth_matrix.py:50: need --cloud-e2e option to run</skipped></testcase><testcase classname="tests.e2e.cloud.test_confluence_auth_matrix.TestConfluenceReadOperations" name="test_search[byo_oauth]" time="0.000"><skipped type="pytest.skip" message="need --cloud-e2e option to run">/repo/tests/e2e/cloud/test_confluence_auth_matrix.py:50: need --cloud-e2e option to run</skipped></testcase><testcase classname="tests.e2e.cloud.test_confluence_auth_matrix.TestConfluenceReadOperations" name="test_get_spaces[basic]" time="0.000"><skipped type="pytest.skip" message="need --cloud-e2e option to run">/repo/tests/e2e/cloud/test_confluence_auth_matrix.py:62: need --cloud-e2e option to run</skipped></testcase><testcase classname="tests.e2e.cloud.test_confluence_auth_matrix.TestConfluenceReadOperations" name="test_get_spaces[byo_oauth]" time="0.000"><skipped type="pytest.skip" message="need --cloud-e2e option to run">/repo/tests/e2e/cloud/test_confluence_auth_matrix.py:62: need --cloud-e2e option to run</skipped></testcase><testcase classname="tests.e2e.cloud.test_confluence_auth_matrix.TestConfluenceWriteOperations" name="test_create_and_delete_page[basic]" time="0.000"><skipped type="pytest.skip" message="need --cloud-e2e option to run">/repo/tests/e2e/cloud/test_confluence_auth_matrix.py:77: need --cloud-e2e option to run</skipped></testcase><testcase classname="tests.e2e.cloud.test_confluence_auth_matrix.TestConfluenceWriteOperations" name="test_create_and_delete_page[byo_oauth]" time="0.000"><skipped type="pytest.skip" message="need --cloud-e2e option to run">/repo/tests/e2e/cloud/test_confluence_auth_matrix.py:77: need --cloud-e2e option to run</skipped></testcase><testcase classname="tests.e2e.cloud.test_confluence_auth_matrix.TestConfluenceWriteOperations" name="test_update_page[basic]" time="0.000"><skipped type="pytest.skip" message="need --cloud-e2e option to run">/repo/tests/e2e/cloud/test_confluence_auth_matrix.py:92: need --cloud-e2e option to run</skipped></testcase><testcase classname="tests.e2e.cloud.test_confluence_auth_matrix.TestConfluenceWriteOperations" name="test_update_page[byo_oauth]" time="0.000"><skipped type="pytest.skip" message="need --cloud-e2e option to run">/repo/tests/e2e/cloud/test_confluence_auth_matrix.py:92: need --cloud-e2e option to run</skipped></testcase><testcase classname="tests.e2e.cloud.test_confluence_auth_matrix.TestConfluenceWriteOperations" name="test_add_comment[basic]" time="0.000"><skipped type="pytest.skip" message="need --cloud-e2e option to run">/repo/tests/e2e/cloud/test_confluence_auth_matrix.py:113: need --cloud-e2e option to run</skipped></testcase><testcase classname="tests.e2e.cloud.test_confluence_auth_matrix.TestConfluenceWriteOperations" name="test_add_comment[byo_oauth]" time="0.000"><skipped type="pytest.skip" message="need --cloud-e2e option to run">/repo/tests/e2e/cloud/test_confluence_auth_matrix.py:113: need --cloud-e2e option to run</skipped></testcase><testcase classname="tests.e2e.cloud.test_confluence_cloud_operations.TestConfluenceCloudBehavior" name="test_is_cloud" time="0.000"><skipped type="pytest.skip" message="need --cloud-e2e option to run">/repo/tests/e2e/cloud/test_confluence_cloud_operations.py:19: need --cloud-e2e option to run</skipped></testcase><testcase classname="tests.e2e.cloud.test_confluence_cloud_operations.TestConfluenceCloudBehavior" name="test_wiki_prefix_in_url" time="0.000"><skipped type="pytest.skip" message="need --cloud-e2e option to run">/repo/tests/e2e/cloud/test_confluence_cloud_operations.py:22: need --cloud-e2e option to run</skipped></testcase><testcase classname="tests.e2e.cloud.test_confluence_cloud_operations.TestConfluenceCloudAnalytics" name="test_get_page_views" time="0.000"><skipped type="pytest.skip" message="need --cloud-e2e option to run">/repo/tests/e2e/cloud/test_confluence_cloud_operations.py:30: need --cloud-e2e option to run</skipped></testcase><testcase classname="tests.e2e.cloud.test_confluence_cloud_operations.TestConfluenceCloudStorageFormat" name="test_create_storage_format_page" time="0.000"><skipped type="pytest.skip" message="need --cloud-e2e option to run">/repo/tests/e2e/cloud/test_confluence_cloud_operations.py:44: need --cloud-e2e option to run</skipped></testcase><testcase classname="tests.e2e.cloud.test_confluence_cloud_operations.TestConfluenceCloudPageHierarchy" name="test_create_child_page" time="0.000"><skipped type="pytest.skip" message="need --cloud-e2e option to run">/repo/tests/e2e/cloud/test_confluence_cloud_operations.py:70: need --cloud-e2e option to run</skipped></testcase><testcase classname="tests.e2e.cloud.test_confluence_cloud_operations.TestConfluenceCloudLabels" name="test_add_label" time="0.000"><skipped type="pytest.skip" message="need --cloud-e2e option to run">/repo/tests/e2e/cloud/test_confluence_cloud_operations.py:97: need --cloud-e2e option to run</skipped></testcase><testcase classname="tests.e2e.cloud.test_confluence_cloud_operations.TestConfluenceCloudComments" name="test_add_and_get_comments" time="0.000"><skipped type="pytest.skip" message="need --cloud-e2e option to run">/repo/tests/e2e/cloud/test_confluence_cloud_operations.py:118: need --cloud-e2e option to run</skipped></testcase><testcase classname="tests.e2e.cloud.test_images_cloud.TestJiraGetIssueImages" name="test_jira_get_issue_images[asyncio]" time="0.000"><skipped type="pytest.skip" message="need --cloud-e2e option to run">/repo/tests/e2e/cloud/test_images_cloud.py:61: need --cloud-e2e option to run</skipped></testcase><testcase classname="tests.e2e.cloud.test_images_cloud.TestJiraGetIssueImages" name="test_jira_get_issue_images_no_images[asyncio]" time="0.000"><skipped type="pytest.skip" message="need --cloud-e2e option to run">/repo/tests/e2e/cloud/test_images_cloud.py:86: need --cloud-e2e option to run</skipped></testcase><testcase classname="tests.e2e.cloud.test_images_cloud.TestConfluenceGetPageImages" name="test_confluence_get_page_images[asyncio]" time="0.000"><skipped type="pytest.skip" message="need --cloud-e2e option to run">/repo/tests/e2e/cloud/test_images_cloud.py:111: need --cloud-e2e option to run</skipped></testcase><testcase classname="tests.e2e.cloud.test_images_cloud.TestConfluenceGetPageImages" name="test_confluence_get_page_images_no_images[asyncio]" time="0.000"><skipped type="pytest.skip" message="need --cloud-e2e option to run">/repo/tests/e2e/cloud/test_images_cloud.py:136: need --cloud-e2e option to run</skipped></testcase><testcase classname="tests.e2e.cloud.test_images_cloud.TestAcImageConversion" name="test_ac_image_converted_to_markdown[asyncio]" time="0.000"><skipped type="pytest.skip" message="need --cloud-e2e option to run">/repo/tests/e2e/cloud/test_images_cloud.py:161: need --cloud-e2e option to run</skipped></testcase><testcase classname="tests.e2e.cloud.test_jira_auth_matrix.TestJiraReadOperations" name="test_get_issue[basic]" time="0.000"><skipped type="pytest.skip" message="need --cloud-e2e option to run">/repo/tests/e2e/cloud/test_jira_auth_matrix.py:39: need --cloud-e2e option to run</skipped></testcase><testcase classname="tests.e2e.cloud.test_jira_auth_matrix.TestJiraReadOperations" name="test_get_issue[byo_oauth]" time="0.000"><skipped type="pytest.skip" message="need --cloud-e2e option to run">/repo/tests/e2e/cloud/test_jira_auth_matrix.py:39: need --cloud-e2e option to run</skipped></testcase><testcase classname="tests.e2e.cloud.test_jira_auth_matrix.TestJiraReadOperations" name="test_search_issues[basic]" time="0.000"><skipped type="pytest.skip" message="need --cloud-e2e option to run">/repo/tests/e2e/cloud/test_jira_auth_matrix.py:48: need --cloud-e2e option to run</skipped></testcase><testcase classname="tests.e2e.cloud.test_jira_auth_matrix.TestJiraReadOperations" name="test_search_issues[byo_oauth]" time="0.000"><skipped type="pytest.skip" message="need --cloud-e2e option to run">/repo/tests/e2e/cloud/test_jira_auth_matrix.py:48: need --cloud-e2e option to run</skipped></testcase><testcase classname="tests.e2e.cloud.test_jira_auth_matrix.TestJiraReadOperations" name="test_get_project_keys[basic]" time="0.000"><skipped type="pytest.skip" message="need --cloud-e2e option to run">/repo/tests/e2e/cloud/test_jira_auth_matrix.py:60: need --cloud-e2e option to run</skipped></testcase><testcase classname="tests.e2e.cloud.test_jira_auth_matrix.TestJiraReadOperations" name="test_get_project_keys[byo_oauth]" time="0.000"><skipped type="pytest.skip" message="need --cloud-e2e option to run">/repo/tests/e2e/cloud/test_jira_auth_matrix.py:60: need --cloud-e2e option to run</skipped></testcase><testcase classname="tests.e2e.cloud.test_jira_auth_matrix.TestJiraReadOperations" name="test_get_transitions[basic]" time="0.000"><skipped type="pytest.skip" message="need --cloud-e2e option to run">/repo/tests/e2e/cloud/test_jira_auth_matrix.py:69: need --cloud-e2e option to run</skipped></testcase><testcase classname="tests.e2e.cloud.test_jira_auth_matrix.TestJiraReadOperations" name="test_get_transitions[byo_oauth]" time="0.000"><skipped type="pytest.skip" message="need --cloud-e2e option to run">/repo/tests/e2e/cloud/test_jira_auth_matrix.py:69: need --cloud-e2e option to run</skipped></testcase><testcase classname="tests.e2e.cloud.test_jira_auth_matrix.TestJiraReadOperations" name="test_get_project_issue_types[basic]" time="0.000"><skipped type="pytest.skip" message="need --cloud-e2e option to run">/repo/tests/e2e/cloud/test_jira_auth_matrix.py:78: need --cloud-e2e option to run</skipped></testcase><testcase classname="tests.e2e.cloud.test_jira_auth_matrix.TestJiraReadOperations" name="test_get_project_issue_types[byo_oauth]" time="0.000"><skipped type="pytest.skip" message="need --cloud-e2e option to run">/repo/tests/e2e/cloud/test_jira_auth_matrix.py:78: need --cloud-e2e option to run</skipped></testcase><testcase classname="tests.e2e.cloud.test_jira_auth_matrix.TestJiraWriteOperations" name="test_create_and_delete_issue[basic]" time="0.000"><skipped type="pytest.skip" message="need --cloud-e2e option to run">/repo/tests/e2e/cloud/test_jira_auth_matrix.py:90: need --cloud-e2e option to run</skipped></testcase><testcase classname="tests.e2e.cloud.test_jira_auth_matrix.TestJiraWriteOperations" name="test_create_and_delete_issue[byo_oauth]" time="0.000"><skipped type="pytest.skip" message="need --cloud-e2e option to run">/repo/tests/e2e/cloud/test_jira_auth_matrix.py:90: need --cloud-e2e option to run</skipped></testcase><testcase classname="tests.e2e.cloud.test_jira_auth_matrix.TestJiraWriteOperations" name="test_update_issue[basic]" time="0.000"><skipped type="pytest.skip" message="need --cloud-e2e option to run">/repo/tests/e2e/cloud/test_jira_auth_matrix.py:106: need --cloud-e2e option to run</skipped></testcase><testcase classname="tests.e2e.cloud.test_jira_auth_matrix.TestJiraWriteOperations" name="test_update_issue[byo_oauth]" time="0.000"><skipped type="pytest.skip" message="need --cloud-e2e option to run">/repo/tests/e2e/cloud/test_jira_auth_matrix.py:106: need --cloud-e2e option to run</skipped></testcase><testcase classname="tests.e2e.cloud.test_jira_auth_matrix.TestJiraWriteOperations" name="test_add_comment[basic]" time="0.000"><skipped type="pytest.skip" message="need --cloud-e2e option to run">/repo/tests/e2e/cloud/test_jira_auth_matrix.py:124: need --cloud-e2e option to run</skipped></testcase><testcase classname="tests.e2e.cloud.test_jira_auth_matrix.TestJiraWriteOperations" name="test_add_comment[byo_oauth]" time="0.000"><skipped type="pytest.skip" message="need --cloud-e2e option to run">/repo/tests/e2e/cloud/test_jira_auth_matrix.py:124: need --cloud-e2e option to run</skipped></testcase><testcase classname="tests.e2e.cloud.test_jira_cloud_operations.TestJiraCloudBehavior" name="test_is_cloud" time="0.000"><skipped type="pytest.skip" message="need --cloud-e2e option to run">/repo/tests/e2e/cloud/test_jira_cloud_operations.py:20: need --cloud-e2e option to run</skipped></testcase><testcase classname="tests.e2e.cloud.test_jira_cloud_operations.TestJiraCloudBehavior" name="test_assignee_uses_account_id" time="0.000"><skipped type="pytest.skip" message="need --cloud-e2e option to run">/repo/tests/e2e/cloud/test_jira_cloud_operations.py:23: need --cloud-e2e option to run</skipped></testcase><testcase classname="tests.e2e.cloud.test_jira_cloud_operations.TestJiraCloudEpicOperations" name="test_create_epic" time="0.000"><skipped type="pytest.skip" message="need --cloud-e2e option to run">/repo/tests/e2e/cloud/test_jira_cloud_operations.py:39: need --cloud-e2e option to run</skipped></testcase><testcase classname="tests.e2e.cloud.test_jira_cloud_operations.TestJiraCloudSubtask" name="test_create_subtask" time="0.000"><skipped type="pytest.skip" message="need --cloud-e2e option to run">/repo/tests/e2e/cloud/test_jira_cloud_operations.py:67: need --cloud-e2e option to run</skipped></testcase><testcase classname="tests.e2e.cloud.test_jira_cloud_operations.TestJiraCloudIssueLinks" name="test_create_issue_link" time="0.000"><skipped type="pytest.skip" message="need --cloud-e2e option to run">/repo/tests/e2e/cloud/test_jira_cloud_operations.py:104: need --cloud-e2e option to run</skipped></testcase><testcase classname="tests.e2e.cloud.test_jira_cloud_operations.TestJiraCloudWorklog" name="test_add_worklog" time="0.000"><skipped type="pytest.skip" message="need --cloud-e2e option to run">/repo/tests/e2e/cloud/test_jira_cloud_operations.py:146: need --cloud-e2e option to run</skipped></testcase><testcase classname="tests.e2e.cloud.test_jira_cloud_operations.TestJiraCloudTransitions" name="test_transition_lifecycle" time="0.000"><skipped type="pytest.skip" message="need --cloud-e2e option to run">/repo/tests/e2e/cloud/test_jira_cloud_operations.py:171: need --cloud-e2e option to run</skipped></testcase><testcase classname="tests.e2e.cloud.test_mcp_tools_cloud.TestMCPJiraTools" name="test_jira_get_issue[asyncio]" time="0.000"><skipped type="pytest.skip" message="need --cloud-e2e option to run">/repo/tests/e2e/cloud/test_mcp_tools_cloud.py:58: need --cloud-e2e option to run</skipped></testcase><testcase classname="tests.e2e.cloud.test_mcp_tools_cloud.TestMCPJiraTools" name="test_jira_search[asyncio]" time="0.000"><skipped type="pytest.skip" message="need --cloud-e2e option to run">/repo/tests/e2e/cloud/test_mcp_tools_cloud.py:74: need --cloud-e2e option to run</skipped></testcase><testcase classname="tests.e2e.cloud.test_mcp_tools_cloud.TestMCPJiraTools" name="test_jira_create_and_delete_issue[asyncio]" time="0.000"><skipped type="pytest.skip" message="need --cloud-e2e option to run">/repo/tests/e2e/cloud/test_mcp_tools_cloud.py:94: need --cloud-e2e option to run</skipped></testcase><testcase classname="tests.e2e.cloud.test_mcp_tools_cloud.TestMCPConfluenceTools" name="test_confluence_get_page[asyncio]" time="0.000"><skipped type="pytest.skip" message="need --cloud-e2e option to run">/repo/tests/e2e/cloud/test_mcp_tools_cloud.py:128: need --cloud-e2e option to run</skipped></testcase><testcase classname="tests.e2e.cloud.test_mcp_tools_cloud.TestMCPConfluenceTools" name="test_confluence_search[asyncio]" time="0.000"><skipped type="pytest.skip" message="need --cloud-e2e option to run">/repo/tests/e2e/cloud/test_mcp_tools_cloud.py:142: need --cloud-e2e option to run</skipped></testcase><testcase classname="tests.e2e.cloud.test_mcp_tools_cloud.TestMCPConfluenceTools" name="test_confluence_create_and_delete_page[asyncio]" time="0.000"><skipped type="pytest.skip" message="need --cloud-e2e option to run">/repo/tests/e2e/cloud/test_mcp_tools_cloud.py:156: need --cloud-e2e option to run</skipped></testcase><testcase classname="tests.e2e.test_confluence_auth_matrix.TestConfluenceReadOperations" name="test_get_page[basic]" time="0.000"><skipped type="pytest.skip" message="need --dc-e2e option to run">/repo/tests/e2e/test_confluence_auth_matrix.py:41: need --dc-e2e option to run</skipped></testcase><testcase classname="tests.e2e.test_confluence_auth_matrix.TestConfluenceReadOperations" name="test_get_page[pat]" time="0.000"><skipped type="pytest.skip" message="need --dc-e2e option to run">/repo/tests/e2e/test_confluence_auth_matrix.py:41: need --dc-e2e option to run</skipped></testcase><testcase classname="tests.e2e.test_confluence_auth_matrix.TestConfluenceReadOperations" name="test_get_page[byo_oauth]" time="0.000"><skipped type="pytest.skip" message="need --dc-e2e option to run">/repo/tests/e2e/test_confluence_auth_matrix.py:41: need --dc-e2e option to run</skipped></testcase><testcase classname="tests.e2e.test_confluence_auth_matrix.TestConfluenceReadOperations" name="test_search[basic]" time="0.000"><skipped type="pytest.skip" message="need --dc-e2e option to run">/repo/tests/e2e/test_confluence_auth_matrix.py:50: need --dc-e2e option to run</skipped></testcase><testcase classname="tests.e2e.test_confluence_auth_matrix.TestConfluenceReadOperations" name="test_search[pat]" time="0.000"><skipped type="pytest.skip" message="need --dc-e2e option to run">/repo/tests/e2e/test_confluence_auth_matrix.py:50: need --dc-e2e option to run</skipped></testcase><testcase classname="tests.e2e.test_confluence_auth_matrix.TestConfluenceReadOperations" name="test_search[byo_oauth]" time="0.000"><skipped type="pytest.skip" message="need --dc-e2e option to run">/repo/tests/e2e/test_confluence_auth_matrix.py:50: need --dc-e2e option to run</skipped></testcase><testcase classname="tests.e2e.test_confluence_auth_matrix.TestConfluenceReadOperations" name="test_get_spaces[basic]" time="0.000"><skipped type="pytest.skip" message="need --dc-e2e option to run">/repo/tests/e2e/test_confluence_auth_matrix.py:62: need --dc-e2e option to run</skipped></testcase><testcase classname="tests.e2e.test_confluence_auth_matrix.TestConfluenceReadOperations" name="test_get_spaces[pat]" time="0.000"><skipped type="pytest.skip" message="need --dc-e2e option to run">/repo/tests/e2e/test_confluence_auth_matrix.py:62: need --dc-e2e option to run</skipped></testcase><testcase classname="tests.e2e.test_confluence_auth_matrix.TestConfluenceReadOperations" name="test_get_spaces[byo_oauth]" time="0.000"><skipped type="pytest.skip" message="need --dc-e2e option to run">/repo/tests/e2e/test_confluence_auth_matrix.py:62: need --dc-e2e option to run</skipped></testcase><testcase classname="tests.e2e.test_confluence_auth_matrix.TestConfluenceWriteOperations" name="test_create_and_delete_page[basic]" time="0.000"><skipped type="pytest.skip" message="need --dc-e2e option to run">/repo/tests/e2e/test_confluence_auth_matrix.py:77: need --dc-e2e option to run</skipped></testcase><testcase classname="tests.e2e.test_confluence_auth_matrix.TestConfluenceWriteOperations" name="test_create_and_delete_page[pat]" time="0.000"><skipped type="pytest.skip" message="need --dc-e2e option to run">/repo/tests/e2e/test_confluence_auth_matrix.py:77: need --dc-e2e option to run</skipped></testcase><testcase classname="tests.e2e.test_confluence_auth_matrix.TestConfluenceWriteOperations" name="test_create_and_delete_page[byo_oauth]" time="0.000"><skipped type="pytest.skip" message="need --dc-e2e option to run">/repo/tests/e2e/test_confluence_auth_matrix.py:77: need --dc-e2e option to run</skipped></testcase><testcase classname="tests.e2e.test_confluence_auth_matrix.TestConfluenceWriteOperations" name="test_update_page[basic]" time="0.000"><skipped type="pytest.skip" message="need --dc-e2e option to run">/repo/tests/e2e/test_confluence_auth_matrix.py:92: need --dc-e2e option to run</skipped></testcase><testcase classname="tests.e2e.test_confluence_auth_matrix.TestConfluenceWriteOperations" name="test_update_page[pat]" time="0.000"><skipped type="pytest.skip" message="need --dc-e2e option to run">/repo/tests/e2e/test_confluence_auth_matrix.py:92: need --dc-e2e option to run</skipped></testcase><testcase classname="tests.e2e.test_confluence_auth_matrix.TestConfluenceWriteOperations" name="test_update_page[byo_oauth]" time="0.000"><skipped type="pytest.skip" message="need --dc-e2e option to run">/repo/tests/e2e/test_confluence_auth_matrix.py:92: need --dc-e2e option to run</skipped></testcase><testcase classname="tests.e2e.test_confluence_auth_matrix.TestConfluenceWriteOperations" name="test_add_comment[basic]" time="0.000"><skipped type="pytest.skip" message="need --dc-e2e option to run">/repo/tests/e2e/test_confluence_auth_matrix.py:113: need --dc-e2e option to run</skipped></testcase><testcase classname="tests.e2e.test_confluence_auth_matrix.TestConfluenceWriteOperations" name="test_add_comment[pat]" time="0.000"><skipped type="pytest.skip" message="need --dc-e2e option to run">/repo/tests/e2e/test_confluence_auth_matrix.py:113: need --dc-e2e option to run</skipped></testcase><testcase classname="tests.e2e.test_confluence_auth_matrix.TestConfluenceWriteOperations" name="test_add_comment[byo_oauth]" time="0.000"><skipped type="pytest.skip" message="need --dc-e2e option to run">/repo/tests/e2e/test_confluence_auth_matrix.py:113: need --dc-e2e option to run</skipped></testcase><testcase classname="tests.e2e.test_confluence_dc_operations.TestConfluenceDCBehavior" name="test_is_not_cloud" time="0.000"><skipped type="pytest.skip" message="need --dc-e2e option to run">/repo/tests/e2e/test_confluence_dc_operations.py:19: need --dc-e2e option to run</skipped></testcase><testcase classname="tests.e2e.test_confluence_dc_operations.TestConfluenceDCBehavior" name="test_no_wiki_prefix" time="0.000"><skipped type="pytest.skip" message="need --dc-e2e option to run">/repo/tests/e2e/test_confluence_dc_operations.py:22: need --dc-e2e option to run</skipped></testcase><testcase classname="tests.e2e.test_confluence_dc_operations.TestConfluenceDCStorageFormat" name="test_create_storage_format_page" time="0.000"><skipped type="pytest.skip" message="need --dc-e2e option to run">/repo/tests/e2e/test_confluence_dc_operations.py:30: need --dc-e2e option to run</skipped></testcase><testcase classname="tests.e2e.test_confluence_dc_operations.TestConfluenceDCPageHierarchy" name="test_create_child_page" time="0.000"><skipped type="pytest.skip" message="need --dc-e2e option to run">/repo/tests/e2e/test_confluence_dc_operations.py:54: need --dc-e2e option to run</skipped></testcase><testcase classname="tests.e2e.test_confluence_dc_operations.TestConfluenceDCLabels" name="test_add_label" time="0.000"><skipped type="pytest.skip" message="need --dc-e2e option to run">/repo/tests/e2e/test_confluence_dc_operations.py:81: need --dc-e2e option to run</skipped></testcase><testcase classname="tests.e2e.test_confluence_dc_operations.TestConfluenceDCComments" name="test_add_and_get_comments" time="0.000"><skipped type="pytest.skip" message="need --dc-e2e option to run">/repo/tests/e2e/test_confluence_dc_operations.py:102: need --dc-e2e option to run</skipped></testcase><testcase classname="tests.e2e.test_images_dc.TestJiraGetIssueImages" name="test_jira_get_issue_images[asyncio]" time="0.000"><skipped type="pytest.skip" message="need --dc-e2e option to run">/repo/tests/e2e/test_images_dc.py:61: need --dc-e2e option to run</skipped></testcase><testcase classname="tests.e2e.test_images_dc.TestJiraGetIssueImages" name="test_jira_get_issue_images_no_images[asyncio]" time="0.000"><skipped type="pytest.skip" message="need --dc-e2e option to run">/repo/tests/e2e/test_images_dc.py:86: need --dc-e2e option to run</skipped></testcase><testcase classname="tests.e2e.test_images_dc.TestConfluenceGetPageImages" name="test_confluence_get_page_images[asyncio]" time="0.000"><skipped type="pytest.skip" message="need --dc-e2e option to run">/repo/tests/e2e/test_images_dc.py:112: need --dc-e2e option to run</skipped></testcase><testcase classname="tests.e2e.test_images_dc.TestConfluenceGetPageImages" name="test_confluence_get_page_images_no_images[asyncio]" time="0.000"><skipped type="pytest.skip" message="need --dc-e2e option to run">/repo/tests/e2e/test_images_dc.py:137: need --dc-e2e option to run</skipped></testcase><testcase classname="tests.e2e.test_images_dc.TestAcImageConversion" name="test_ac_image_converted_to_markdown[asyncio]" time="0.000"><skipped type="pytest.skip" message="need --dc-e2e option to run">/repo/tests/e2e/test_images_dc.py:162: need --dc-e2e option to run</skipped></testcase><testcase classname="tests.e2e.test_jira_auth_matrix.TestJiraReadOperations" name="test_get_issue[basic]" time="0.000"><skipped type="pytest.skip" message="need --dc-e2e option to run">/repo/tests/e2e/test_jira_auth_matrix.py:39: need --dc-e2e option to run</skipped></testcase><testcase classname="tests.e2e.test_jira_auth_matrix.TestJiraReadOperations" name="test_get_issue[pat]" time="0.000"><skipped type="pytest.skip" message="need --dc-e2e option to run">/repo/tests/e2e/test_jira_auth_matrix.py:39: need --dc-e2e option to run</skipped></testcase><testcase classname="tests.e2e.test_jira_auth_matrix.TestJiraReadOperations" name="test_get_issue[byo_oauth]" time="0.000"><skipped type="pytest.skip" message="need --dc-e2e option to run">/repo/tests/e2e/test_jira_auth_matrix.py:39: need --dc-e2e option to run</skipped></testcase><testcase classname="tests.e2e.test_jira_auth_matrix.TestJiraReadOperations" name="test_search_issues[basic]" time="0.000"><skipped type="pytest.skip" message="need --dc-e2e option to run">/repo/tests/e2e/test_jira_auth_matrix.py:48: need --dc-e2e option to run</skipped></testcase><testcase classname="tests.e2e.test_jira_auth_matrix.TestJiraReadOperations" name="test_search_issues[pat]" time="0.000"><skipped type="pytest.skip" message="need --dc-e2e option to run">/repo/tests/e2e/test_jira_auth_matrix.py:48: need --dc-e2e option to run</skipped></testcase><testcase classname="tests.e2e.test_jira_auth_matrix.TestJiraReadOperations" name="test_search_issues[byo_oauth]" time="0.000"><skipped type="pytest.skip" message="need --dc-e2e option to run">/repo/tests/e2e/test_jira_auth_matrix.py:48: need --dc-e2e option to run</skipped></testcase><testcase classname="tests.e2e.test_jira_auth_matrix.TestJiraReadOperations" name="test_get_project_keys[basic]" time="0.000"><skipped type="pytest.skip" message="need --dc-e2e option to run">/repo/tests/e2e/test_jira_auth_matrix.py:60: need --dc-e2e option to run</skipped></testcase><testcase classname="tests.e2e.test_jira_auth_matrix.TestJiraReadOperations" name="test_get_project_keys[pat]" time="0.000"><skipped type="pytest.skip" message="need --dc-e2e option to run">/repo/tests/e2e/test_jira_auth_matrix.py:60: need --dc-e2e option to run</skipped></testcase><testcase classname="tests.e2e.test_jira_auth_matrix.TestJiraReadOperations" name="test_get_project_keys[byo_oauth]" time="0.000"><skipped type="pytest.skip" message="need --dc-e2e option to run">/repo/tests/e2e/test_jira_auth_matrix.py:60: need --dc-e2e option to run</skipped></testcase><testcase classname="tests.e2e.test_jira_auth_matrix.TestJiraReadOperations" name="test_get_transitions[basic]" time="0.000"><skipped type="pytest.skip" message="need --dc-e2e option to run">/repo/tests/e2e/test_jira_auth_matrix.py:69: need --dc-e2e option to run</skipped></testcase><testcase classname="tests.e2e.test_jira_auth_matrix.TestJiraReadOperations" name="test_get_transitions[pat]" time="0.000"><skipped type="pytest.skip" message="need --dc-e2e option to run">/repo/tests/e2e/test_jira_auth_matrix.py:69: need --dc-e2e option to run</skipped></testcase><testcase classname="tests.e2e.test_jira_auth_matrix.TestJiraReadOperations" name="test_get_transitions[byo_oauth]" time="0.000"><skipped type="pytest.skip" message="need --dc-e2e option to run">/repo/tests/e2e/test_jira_auth_matrix.py:69: need --dc-e2e option to run</skipped></testcase><testcase classname="tests.e2e.test_jira_auth_matrix.TestJiraReadOperations" name="test_get_project_issue_types[basic]" time="0.000"><skipped type="pytest.skip" message="need --dc-e2e option to run">/repo/tests/e2e/test_jira_auth_matrix.py:78: need --dc-e2e option to run</skipped></testcase><testcase classname="tests.e2e.test_jira_auth_matrix.TestJiraReadOperations" name="test_get_project_issue_types[pat]" time="0.000"><skipped type="pytest.skip" message="need --dc-e2e option to run">/repo/tests/e2e/test_jira_auth_matrix.py:78: need --dc-e2e option to run</skipped></testcase><testcase classname="tests.e2e.test_jira_auth_matrix.TestJiraReadOperations" name="test_get_project_issue_types[byo_oauth]" time="0.000"><skipped type="pytest.skip" message="need --dc-e2e option to run">/repo/tests/e2e/test_jira_auth_matrix.py:78: need --dc-e2e option to run</skipped></testcase><testcase classname="tests.e2e.test_jira_auth_matrix.TestJiraWriteOperations" name="test_create_and_delete_issue[basic]" time="0.000"><skipped type="pytest.skip" message="need --dc-e2e option to run">/repo/tests/e2e/test_jira_auth_matrix.py:91: need --dc-e2e option to run</skipped></testcase><testcase classname="tests.e2e.test_jira_auth_matrix.TestJiraWriteOperations" name="test_create_and_delete_issue[pat]" time="0.000"><skipped type="pytest.skip" message="need --dc-e2e option to run">/repo/tests/e2e/test_jira_auth_matrix.py:91: need --dc-e2e option to run</skipped></testcase><testcase classname="tests.e2e.test_jira_auth_matrix.TestJiraWriteOperations" name="test_create_and_delete_issue[byo_oauth]" time="0.000"><skipped type="pytest.skip" message="need --dc-e2e option to run">/repo/tests/e2e/test_jira_auth_matrix.py:91: need --dc-e2e option to run</skipped></testcase><testcase classname="tests.e2e.test_jira_auth_matrix.TestJiraWriteOperations" name="test_update_issue[basic]" time="0.000"><skipped type="pytest.skip" message="need --dc-e2e option to run">/repo/tests/e2e/test_jira_auth_matrix.py:107: need --dc-e2e option to run</skipped></testcase><testcase classname="tests.e2e.test_jira_auth_matrix.TestJiraWriteOperations" name="test_update_issue[pat]" time="0.000"><skipped type="pytest.skip" message="need --dc-e2e option to run">/repo/tests/e2e/test_jira_auth_matrix.py:107: need --dc-e2e option to run</skipped></testcase><testcase classname="tests.e2e.test_jira_auth_matrix.TestJiraWriteOperations" name="test_update_issue[byo_oauth]" time="0.000"><skipped type="pytest.skip" message="need --dc-e2e option to run">/repo/tests/e2e/test_jira_auth_matrix.py:107: need --dc-e2e option to run</skipped></testcase><testcase classname="tests.e2e.test_jira_auth_matrix.TestJiraWriteOperations" name="test_add_comment[basic]" time="0.000"><skipped type="pytest.skip" message="need --dc-e2e option to run">/repo/tests/e2e/test_jira_auth_matrix.py:125: need --dc-e2e option to run</skipped></testcase><testcase classname="tests.e2e.test_jira_auth_matrix.TestJiraWriteOperations" name="test_add_comment[pat]" time="0.000"><skipped type="pytest.skip" message="need --dc-e2e option to run">/repo/tests/e2e/test_jira_auth_matrix.py:125: need --dc-e2e option to run</skipped></testcase><testcase classname="tests.e2e.test_jira_auth_matrix.TestJiraWriteOperations" name="test_add_comment[byo_oauth]" time="0.000"><skipped type="pytest.skip" message="need --dc-e2e option to run">/repo/tests/e2e/test_jira_auth_matrix.py:125: need --dc-e2e option to run</skipped></testcase><testcase classname="tests.e2e.test_jira_dc_operations.TestJiraDCBehavior" name="test_is_not_cloud" time="0.000"><skipped type="pytest.skip" message="need --dc-e2e option to run">/repo/tests/e2e/test_jira_dc_operations.py:20: need --dc-e2e option to run</skipped></testcase><testcase classname="tests.e2e.test_jira_dc_operations.TestJiraDCBehavior" name="test_assignee_uses_name_field" time="0.000"><skipped type="pytest.skip" message="need --dc-e2e option to run">/repo/tests/e2e/test_jira_dc_operations.py:23: need --dc-e2e option to run</skipped></testcase><testcase classname="tests.e2e.test_jira_dc_operations.TestJiraDCEpicOperations" name="test_create_epic" time="0.000"><skipped type="pytest.skip" message="need --dc-e2e option to run">/repo/tests/e2e/test_jira_dc_operations.py:40: need --dc-e2e option to run</skipped></testcase><testcase classname="tests.e2e.test_jira_dc_operations.TestJiraDCSubtask" name="test_create_subtask" time="0.000"><skipped type="pytest.skip" message="need --dc-e2e option to run">/repo/tests/e2e/test_jira_dc_operations.py:68: need --dc-e2e option to run</skipped></testcase><testcase classname="tests.e2e.test_jira_dc_operations.TestJiraDCIssueLinks" name="test_create_issue_link" time="0.000"><skipped type="pytest.skip" message="need --dc-e2e option to run">/repo/tests/e2e/test_jira_dc_operations.py:97: need --dc-e2e option to run</skipped></testcase><testcase classname="tests.e2e.test_jira_dc_operations.TestJiraDCWorklog" name="test_add_worklog" time="0.000"><skipped type="pytest.skip" message="need --dc-e2e option to run">/repo/tests/e2e/test_jira_dc_operations.py:139: need --dc-e2e option to run</skipped></testcase><testcase classname="tests.e2e.test_jira_dc_operations.TestJiraDCTransitions" name="test_transition_lifecycle" time="0.000"><skipped type="pytest.skip" message="need --dc-e2e option to run">/repo/tests/e2e/test_jira_dc_operations.py:164: need --dc-e2e option to run</skipped></testcase><testcase classname="tests.e2e.test_mcp_tools_dc.TestMCPJiraTools" name="test_jira_get_issue[asyncio]" time="0.000"><skipped type="pytest.skip" message="need --dc-e2e option to run">/repo/tests/e2e/test_mcp_tools_dc.py:58: need --dc-e2e option to run</skipped></testcase><testcase classname="tests.e2e.test_mcp_tools_dc.TestMCPJiraTools" name="test_jira_search[asyncio]" time="0.000"><skipped type="pytest.skip" message="need --dc-e2e option to run">/repo/tests/e2e/test_mcp_tools_dc.py:74: need --dc-e2e option to run</skipped></testcase><testcase classname="tests.e2e.test_mcp_tools_dc.TestMCPJiraTools" name="test_jira_create_and_delete_issue[asyncio]" time="0.000"><skipped type="pytest.skip" message="need --dc-e2e option to run">/repo/tests/e2e/test_mcp_tools_dc.py:94: need --dc-e2e option to run</skipped></testcase><testcase classname="tests.e2e.test_mcp_tools_dc.TestMCPConfluenceTools" name="test_confluence_get_page[asyncio]" time="0.000"><skipped type="pytest.skip" message="need --dc-e2e option to run">/repo/tests/e2e/test_mcp_tools_dc.py:128: need --dc-e2e option to run</skipped></testcase><testcase classname="tests.e2e.test_mcp_tools_dc.TestMCPConfluenceTools" name="test_confluence_search[asyncio]" time="0.000"><skipped type="pytest.skip" message="need --dc-e2e option to run">/repo/tests/e2e/test_mcp_tools_dc.py:142: need --dc-e2e option to run</skipped></testcase><testcase classname="tests.e2e.test_mcp_tools_dc.TestMCPConfluenceTools" name="test_confluence_create_and_delete_page[asyncio]" time="0.000"><skipped type="pytest.skip" message="need --dc-e2e option to run">/repo/tests/e2e/test_mcp_tools_dc.py:156: need --dc-e2e option to run</skipped></testcase><testcase classname="tests.e2e.test_user_lookup_dc.TestUserResolution" name="test_resolve_email_to_username" time="0.000"><skipped type="pytest.skip" message="need --dc-e2e option to run">/repo/tests/e2e/test_user_lookup_dc.py:63: need --dc-e2e option to run</skipped></testcase><testcase classname="tests.e2e.test_user_lookup_dc.TestUserResolution" name="test_resolve_username_directly" time="0.000"><skipped type="pytest.skip" message="need --dc-e2e option to run">/repo/tests/e2e/test_user_lookup_dc.py:78: need --dc-e2e option to run</skipped></testcase><testcase classname="tests.e2e.test_user_lookup_dc.TestUserResolution" name="test_get_user_profile_by_email" time="0.000"><skipped type="pytest.skip" message="need --dc-e2e option to run">/repo/tests/e2e/test_user_lookup_dc.py:87: need --dc-e2e option to run</skipped></testcase><testcase classname="tests.e2e.test_user_lookup_dc.TestUserResolution" name="test_invalid_email_fallback" time="0.000"><skipped type="pytest.skip" message="need --dc-e2e option to run">/repo/tests/e2e/test_user_lookup_dc.py:99: need --dc-e2e option to run</skipped></testcase><testcase classname="tests.e2e.test_user_lookup_dc.TestUserResolution" name="test_unresolved_email_falls_back_to_username" time="0.000"><skipped type="pytest.skip" message="need --dc-e2e option to run">/repo/tests/e2e/test_user_lookup_dc.py:109: need --dc-e2e option to run</skipped></testcase><testcase classname="tests.e2e.test_user_lookup_dc.TestAssignByEmail" name="test_assign_by_email_via_mcp[asyncio]" time="0.000"><skipped type="pytest.skip" message="need --dc-e2e option to run">/repo/tests/e2e/test_user_lookup_dc.py:122: need --dc-e2e option to run</skipped></testcase><testcase classname="tests.integration.test_real_api.TestRealJiraAPI" name="test_complete_issue_lifecycle" time="0.000"><skipped type="pytest.skip" message="Need --integration option to run">/repo/tests/integration/test_real_api.py:53: Need --integration option to run</skipped></testcase><testcase classname="tests.integration.test_real_api.TestRealJiraAPI" name="test_attachment_upload_download" time="0.000"><skipped type="pytest.skip" message="Need --integration option to run">/repo/tests/integration/test_real_api.py:115: Need --integration option to run</skipped></testcase><testcase classname="tests.integration.test_real_api.TestRealJiraAPI" name="test_jql_search_with_pagination" time="0.000"><skipped type="pytest.skip" message="Need --integration option to run">/repo/tests/integration/test_real_api.py:158: Need --integration option to run</skipped></testcase><testcase classname="tests.integration.test_real_api.TestRealJiraAPI" name="test_bulk_issue_creation" time="0.000"><skipped type="pytest.skip" message="Need --integration option to run">/repo/tests/integration/test_real_api.py:179: Need --integration option to run</skipped></testcase><testcase classname="tests.integration.test_real_api.TestRealJiraAPI" name="test_rate_limiting_behavior" time="0.000"><skipped type="pytest.skip" message="Need --integration option to run">/repo/tests/integration/test_real_api.py:217: Need --integration option to run</skipped></testcase><testcase classname="tests.integration.test_real_api.TestRealJiraAPI" name="test_edit_comment_lifecycle" time="0.000"><skipped type="pytest.skip" message="Need --integration option to run">/repo/tests/integration/test_real_api.py:235: Need --integration option to run</skipped></testcase><testcase classname="tests.integration.test_real_api.TestRealJiraAPI" name="test_create_issue_with_additional_fields" time="0.000"><skipped type="pytest.skip" message="Need --integration option to run">/repo/tests/integration/test_real_api.py:275: Need --integration option to run</skipped></testcase><testcase classname="tests.integration.test_real_api.TestRealConfluenceAPI" name="test_page_lifecycle" time="0.000"><skipped type="pytest.skip" message="Need --integration option to run">/repo/tests/integration/test_real_api.py:336: Need --integration option to run</skipped></testcase><testcase classname="tests.integration.test_real_api.TestRealConfluenceAPI" name="test_page_hierarchy" time="0.000"><skipped type="pytest.skip" message="Need --integration option to run">/repo/tests/integration/test_real_api.py:378: Need --integration option to run</skipped></testcase><testcase classname="tests.integration.test_real_api.TestRealConfluenceAPI" name="test_cql_search" time="0.000"><skipped type="pytest.skip" message="Need --integration option to run">/repo/tests/integration/test_real_api.py:417: Need --integration option to run</skipped></testcase><testcase classname="tests.integration.test_real_api.TestRealConfluenceAPI" name="test_attachment_handling" time="0.000"><skipped type="pytest.skip" message="Need --integration option to run">/repo/tests/integration/test_real_api.py:431: Need --integration option to run</skipped></testcase><testcase classname="tests.integration.test_real_api.TestRealConfluenceAPI" name="test_large_content_handling" time="0.000"><skipped type="pytest.skip" message="Need --integration option to run">/repo/tests/integration/test_real_api.py:469: Need --integration option to run</skipped></testcase><testcase classname="tests.integration.test_real_api.TestCrossServiceIntegration" name="test_jira_confluence_linking" time="0.000"><skipped type="pytest.skip" message="Need --integration option to run">/repo/tests/integration/test_real_api.py:550: Need --integration option to run</skipped></testcase><testcase classname="tests.integration.test_ssl_verification" name="test_configure_ssl_verification_with_real_confluence_url" time="0.000"><skipped type="pytest.skip" message="Need --integration option to run">/repo/tests/integration/test_ssl_verification.py:18: Need --integration option to run</skipped></testcase><testcase classname="tests.integration.test_ssl_verification.TestSSLVerificationEnhanced" name="test_ssl_verification_enabled_by_default" time="0.000"><skipped type="pytest.skip" message="Need --integration option to run">/repo/tests/integration/test_ssl_verification.py:54: Need --integration option to run</skipped></testcase><testcase classname="tests.integration.test_ssl_verification.TestSSLVerificationEnhanced" name="test_ssl_verification_disabled_via_env" time="0.000"><skipped type="pytest.skip" message="Need --integration option to run">/repo/tests/integration/test_ssl_verification.py:66: Need --integration option to run</skipped></testcase><testcase classname="tests.integration.test_ssl_verification.TestSSLVerificationEnhanced" name="test_ssl_adapter_mounting_for_multiple_domains" time="0.000"><skipped type="pytest.skip" message="Need --integration option to run">/repo/tests/integration/test_ssl_verification.py:82: Need --integration option to run</skipped></testcase><testcase classname="tests.integration.test_ssl_verification.TestSSLVerificationEnhanced" name="test_ssl_error_handling_with_invalid_cert" time="0.000"><skipped type="pytest.skip" message="Need --integration option to run">/repo/tests/integration/test_ssl_verification.py:104: Need --integration option to run</skipped></testcase><testcase classname="tests.integration.test_ssl_verification.TestSSLVerificationEnhanced" name="test_ssl_verification_with_custom_ca_bundle" time="0.000"><skipped type="pytest.skip" message="Need --integration option to run">/repo/tests/integration/test_ssl_verification.py:120: Need --integration option to run</skipped></testcase><testcase classname="tests.integration.test_ssl_verification.TestSSLVerificationEnhanced" name="test_ssl_adapter_not_mounted_when_verification_enabled" time="0.000"><skipped type="pytest.skip" message="Need --integration option to run">/repo/tests/integration/test_ssl_verification.py:144: Need --integration option to run</skipped></testcase><testcase classname="tests.integration.test_ssl_verification.TestSSLVerificationEnhanced" name="test_ssl_configuration_persistence_across_requests" time="0.000"><skipped type="pytest.skip" message="Need --integration option to run">/repo/tests/integration/test_ssl_verification.py:162: Need --integration option to run</skipped></testcase><testcase classname="tests.integration.test_ssl_verification.TestSSLVerificationEnhanced" name="test_ssl_verification_with_oauth_configuration" time="0.000"><skipped type="pytest.skip" message="Need --integration option to run">/repo/tests/integration/test_ssl_verification.py:191: Need --integration option to run</skipped></testcase><testcase classname="tests.integration.test_ssl_verification" name="test_configure_ssl_verification_with_real_jira_url" time="0.000"><skipped type="pytest.skip" message="Need --integration option to run">/repo/tests/integration/test_ssl_verification.py:207: Need --integration option to run</skipped></testcase><testcase classname="tests.unit.auth.test_authentication.TestOAuthTokenRefreshFlow" name="test_oauth_token_refresh_on_expiration" time="0.020" /><testcase classname="tests.unit.auth.test_authentication.TestOAuthTokenRefreshFlow" name="test_oauth_token_refresh_failure_handling" time="0.001" /><testcase classname="tests.unit.auth.test_authentication.TestOAuthTokenRefreshFlow" name="test_oauth_token_expiry_margin" time="0.000" /><testcase classname="tests.unit.auth.test_authentication.TestBasicAuthValidation" name="test_jira_basic_auth_success" time="0.002" /><testcase classname="tests.unit.auth.test_authentication.TestBasicAuthValidation" name="test_confluence_basic_auth_success" time="0.003" /><testcase classname="tests.unit.auth.test_authentication.TestBasicAuthValidation" name="test_basic_auth_with_invalid_credentials" time="0.001" /><testcase classname="tests.unit.auth.test_authentication.TestPATTokenValidation" name="test_jira_pat_token_success" time="0.001" /><testcase classname="tests.unit.auth.test_authentication.TestPATTokenValidation" name="test_confluence_pat_token_success" time="0.001" /><testcase classname="tests.unit.auth.test_authentication.TestPATTokenValidation" name="test_pat_token_precedence_over_basic_auth" time="0.001" /><testcase classname="tests.unit.auth.test_authentication.TestAuthenticationFailureRecovery" name="test_oauth_to_basic_auth_fallback" time="0.001" /><testcase classname="tests.unit.auth.test_authentication.TestAuthenticationFailureRecovery" name="test_authentication_retry_on_401" time="0.001" /><testcase classname="tests.unit.auth.test_authentication.TestTokenExpirationAndRetry" name="test_automatic_token_refresh_in_session" time="0.002" /><testcase classname="tests.unit.auth.test_authentication.TestTokenExpirationAndRetry" name="test_token_storage_and_retrieval" time="0.001" /><testcase classname="tests.unit.auth.test_authentication.TestMixedAuthenticationScenarios" name="test_oauth_with_direct_access_token" time="0.000" /><testcase classname="tests.unit.auth.test_authentication.TestMixedAuthenticationScenarios" name="test_environment_detection_priority" time="0.001" /><testcase classname="tests.unit.auth.test_authentication.TestMixedAuthenticationScenarios" name="test_cloud_vs_server_authentication" time="0.001" /><testcase classname="tests.unit.auth.test_authentication.TestJiraConfluenceAuthFlows" name="test_shared_oauth_config_both_services" time="0.002" /><testcase classname="tests.unit.auth.test_authentication.TestJiraConfluenceAuthFlows" name="test_service_specific_auth_override" time="0.001" /><testcase classname="tests.unit.auth.test_authentication.TestJiraConfluenceAuthFlows" name="test_ssl_and_proxy_with_authentication" time="0.009" /><testcase classname="tests.unit.confluence.test_analytics.TestAnalyticsMixin" name="test_get_page_views_cloud_only" time="0.002" /><testcase classname="tests.unit.confluence.test_analytics.TestAnalyticsMixin" name="test_get_page_views_basic" time="0.005" /><testcase classname="tests.unit.confluence.test_analytics.TestAnalyticsMixin" name="test_get_page_views_with_last_seen" time="0.002" /><testcase classname="tests.unit.confluence.test_analytics.TestAnalyticsMixin" name="test_get_page_views_without_title" time="0.002" /><testcase classname="tests.unit.confluence.test_analytics.TestAnalyticsMixin" name="test_get_page_views_http_error_non_auth" time="0.003" /><testcase classname="tests.unit.confluence.test_analytics.TestAnalyticsMixin" name="test_get_page_views_http_error_auth_propagated" time="0.002" /><testcase classname="tests.unit.confluence.test_analytics.TestAnalyticsMixin" name="test_batch_get_page_views" time="0.003" /><testcase classname="tests.unit.confluence.test_analytics.TestAnalyticsMixin" name="test_batch_get_page_views_with_errors" time="0.003" /><testcase classname="tests.unit.confluence.test_analytics.TestAnalyticsMixin" name="test_no_double_wiki_prefix_in_direct_api" time="0.002" /><testcase classname="tests.unit.confluence.test_analytics.TestAnalyticsModels" name="test_page_views_basic" time="0.000" /><testcase classname="tests.unit.confluence.test_analytics.TestAnalyticsModels" name="test_page_views_with_all_fields" time="0.000" /><testcase classname="tests.unit.confluence.test_analytics.TestAnalyticsModels" name="test_page_views_without_title" time="0.000" /><testcase classname="tests.unit.confluence.test_analytics.TestAnalyticsModels" name="test_page_views_batch_response" time="0.000" /><testcase classname="tests.unit.confluence.test_analytics.TestAnalyticsModels" name="test_page_views_batch_response_no_errors" time="0.000" /><testcase classname="tests.unit.confluence.test_attachments.TestAttachmentsMixin" name="test_upload_attachment_success" time="0.007" /><testcase classname="tests.unit.confluence.test_attachments.TestAttachmentsMixin" name="test_upload_attachment_relative_path" time="0.007" /><testcase classname="tests.unit.confluence.test_attachments.TestAttachmentsMixin" name="test_upload_attachment_no_content_id" time="0.111" /><testcase classname="tests.unit.confluence.test_attachments.TestAttachmentsMixin" name="test_upload_attachment_no_file_path" time="0.005" /><testcase classname="tests.unit.confluence.test_attachments.TestAttachmentsMixin" name="test_upload_attachment_file_not_found" time="0.005" /><testcase classname="tests.unit.confluence.test_attachments.TestAttachmentsMixin" name="test_upload_attachment_api_error" time="0.007" /><testcase classname="tests.unit.confluence.test_attachments.TestAttachmentsMixin" name="test_upload_attachments_success" time="0.006" /><testcase classname="tests.unit.confluence.test_attachments.TestAttachmentsMixin" name="test_upload_attachments_mixed_results" time="0.005" /><testcase classname="tests.unit.confluence.test_attachments.TestAttachmentsMixin" name="test_upload_attachments_empty_list" time="0.004" /><testcase classname="tests.unit.confluence.test_attachments.TestAttachmentsMixin" name="test_upload_attachments_no_content_id" time="0.004" /><testcase classname="tests.unit.confluence.test_attachments.TestAttachmentsMixin" name="test_download_attachment_success" time="0.008" /><testcase classname="tests.unit.confluence.test_attachments.TestAttachmentsMixin" name="test_download_attachment_relative_path" time="0.007" /><testcase classname="tests.unit.confluence.test_attachments.TestAttachmentsMixin" name="test_download_attachment_no_url" time="0.004" /><testcase classname="tests.unit.confluence.test_attachments.TestAttachmentsMixin" name="test_download_attachment_http_error" time="0.005" /><testcase classname="tests.unit.confluence.test_attachments.TestAttachmentsMixin" name="test_download_attachment_file_write_error" time="0.007" /><testcase classname="tests.unit.confluence.test_attachments.TestAttachmentsMixin" name="test_download_attachment_file_not_created" time="0.007" /><testcase classname="tests.unit.confluence.test_attachments.TestAttachmentsMixin" name="test_fetch_attachment_content_success" time="0.004" /><testcase classname="tests.unit.confluence.test_attachments.TestAttachmentsMixin" name="test_fetch_attachment_content_empty_url" time="0.004" /><testcase classname="tests.unit.confluence.test_attachments.TestAttachmentsMixin" name="test_fetch_attachment_content_http_error" time="0.005" /><testcase classname="tests.unit.confluence.test_attachments.TestAttachmentsMixin" name="test_fetch_attachment_content_network_exception" time="0.005" /><testcase classname="tests.unit.confluence.test_attachments.TestAttachmentsMixin" name="test_fetch_attachment_content_streaming" time="0.006" /><testcase classname="tests.unit.confluence.test_attachments.TestAttachmentsMixin" name="test_download_content_attachments_success" time="0.005" /><testcase classname="tests.unit.confluence.test_attachments.TestAttachmentsMixin" name="test_download_content_attachments_relative_path" time="0.133" /><testcase classname="tests.unit.confluence.test_attachments.TestAttachmentsMixin" name="test_download_content_attachments_no_attachments" time="0.006" /><testcase classname="tests.unit.confluence.test_attachments.TestAttachmentsMixin" name="test_download_content_attachments_api_error" time="0.005" /><testcase classname="tests.unit.confluence.test_attachments.TestAttachmentsMixin" name="test_download_content_attachments_some_failures" time="0.006" /><testcase classname="tests.unit.confluence.test_attachments.TestAttachmentsMixin" name="test_download_content_attachments_missing_url" time="0.006" /><testcase classname="tests.unit.confluence.test_attachments.TestAttachmentsMixin" name="test_get_content_attachments_success" time="0.005" /><testcase classname="tests.unit.confluence.test_attachments.TestAttachmentsMixin" name="test_get_content_attachments_with_pagination" time="0.004" /><testcase classname="tests.unit.confluence.test_attachments.TestAttachmentsMixin" name="test_get_content_attachments_empty_results" time="0.005" /><testcase classname="tests.unit.confluence.test_attachments.TestAttachmentsMixin" name="test_get_content_attachments_no_content_id" time="0.005" /><testcase classname="tests.unit.confluence.test_attachments.TestAttachmentsMixin" name="test_get_content_attachments_api_error" time="0.005" /><testcase classname="tests.unit.confluence.test_attachments.TestAttachmentsMixin" name="test_get_content_attachments_v2_oauth" time="0.005" /><testcase classname="tests.unit.confluence.test_attachments.TestAttachmentsMixin" name="test_get_content_attachments_v2_with_pagination" time="0.005" /><testcase classname="tests.unit.confluence.test_attachments.TestAttachmentsMixin" name="test_get_content_attachments_v2_error" time="0.005" /><testcase classname="tests.unit.confluence.test_attachments.TestAttachmentsMixin" name="test_delete_attachment_success_v1" time="0.004" /><testcase classname="tests.unit.confluence.test_attachments.TestAttachmentsMixin" name="test_delete_attachment_success_v2" time="0.006" /><testcase classname="tests.unit.confluence.test_attachments.TestAttachmentsMixin" name="test_delete_attachment_no_id" time="0.004" /><testcase classname="tests.unit.confluence.test_attachments.TestAttachmentsMixin" name="test_delete_attachment_v1_http_error" time="0.006" /><testcase classname="tests.unit.confluence.test_attachments.TestAttachmentsMixin" name="test_delete_attachment_v2_error" time="0.005" /><testcase classname="tests.unit.confluence.test_attachments.TestAttachmentsMixin" name="test_delete_attachment_v1_network_error" time="0.005" /><testcase classname="tests.unit.confluence.test_attachments.TestDownloadAttachmentServerTool" name="test_returns_embedded_resource_on_success" time="0.004" /><testcase classname="tests.unit.confluence.test_attachments.TestDownloadAttachmentServerTool" name="test_returns_text_on_missing_download_url" time="0.004" /><testcase classname="tests.unit.confluence.test_attachments.TestDownloadAttachmentServerTool" name="test_returns_text_on_size_exceeded" time="0.003" /><testcase classname="tests.unit.confluence.test_attachments.TestDownloadAttachmentServerTool" name="test_returns_text_on_exception" time="0.002" /><testcase classname="tests.unit.confluence.test_attachments.TestDownloadContentAttachmentsServerTool" name="test_returns_summary_plus_embedded_resources" time="0.002" /><testcase classname="tests.unit.confluence.test_attachments.TestDownloadContentAttachmentsServerTool" name="test_returns_text_when_no_attachments" time="0.002" /><testcase classname="tests.unit.confluence.test_attachments.TestDownloadContentAttachmentsServerTool" name="test_returns_error_text_on_api_failure" time="0.002" /><testcase classname="tests.unit.confluence.test_attachments.TestDownloadContentAttachmentsServerTool" name="test_skips_attachment_over_size_limit" time="0.002" /><testcase classname="tests.unit.confluence.test_attachments.TestConfluenceAttachmentPathTraversal" name="test_download_attachment_absolute_etc_passwd" time="0.002" /><testcase classname="tests.unit.confluence.test_attachments.TestConfluenceAttachmentPathTraversal" name="test_download_attachment_relative_traversal" time="0.001" /><testcase classname="tests.unit.confluence.test_attachments.TestConfluenceAttachmentPathTraversal" name="test_download_content_attachments_absolute_escape" time="0.001" /><testcase classname="tests.unit.confluence.test_client" name="test_init_with_basic_auth" time="0.002" /><testcase classname="tests.unit.confluence.test_client" name="test_init_with_token_auth" time="0.002" /><testcase classname="tests.unit.confluence.test_client" name="test_init_from_env" time="0.009" /><testcase classname="tests.unit.confluence.test_client" name="test_process_html_content" time="0.147" /><testcase classname="tests.unit.confluence.test_client" name="test_get_user_details_by_accountid" time="0.009" /><testcase classname="tests.unit.confluence.test_client" name="test_init_sets_proxies_and_no_proxy" time="0.002" /><testcase classname="tests.unit.confluence.test_client" name="test_init_no_proxies" time="0.002" /><testcase classname="tests.unit.confluence.test_client" name="test_confluence_client_passes_timeout_to_constructor" time="0.003" /><testcase classname="tests.unit.confluence.test_client" name="test_confluence_client_pat_disables_trust_env" time="0.002" /><testcase classname="tests.unit.confluence.test_client" name="test_confluence_fetcher_has_attachments_mixin" time="0.000" /><testcase classname="tests.unit.confluence.test_client" name="test_confluence_fetcher_has_attachment_methods" time="0.007" /><testcase classname="tests.unit.confluence.test_client" name="test_confluence_fetcher_attachment_method_calls" time="0.011" /><testcase classname="tests.unit.confluence.test_client" name="test_confluence_fetcher_no_method_conflicts" time="0.001" /><testcase classname="tests.unit.confluence.test_client" name="test_confluence_fetcher_mro_order" time="0.000" /><testcase classname="tests.unit.confluence.test_client_oauth.TestConfluenceClientOAuth" name="test_init_with_oauth_config" time="0.002" /><testcase classname="tests.unit.confluence.test_client_oauth.TestConfluenceClientOAuth" name="test_init_with_byo_access_token_oauth_config" time="0.002" /><testcase classname="tests.unit.confluence.test_client_oauth.TestConfluenceClientOAuth" name="test_init_with_byo_oauth_missing_cloud_id" time="0.001" /><testcase classname="tests.unit.confluence.test_client_oauth.TestConfluenceClientOAuth" name="test_init_with_byo_oauth_failed_session_config" time="0.001" /><testcase classname="tests.unit.confluence.test_client_oauth.TestConfluenceClientOAuth" name="test_init_with_byo_oauth_empty_token_failed_session_config" time="0.001" /><testcase classname="tests.unit.confluence.test_client_oauth.TestConfluenceClientOAuth" name="test_init_with_oauth_missing_cloud_id" time="0.000" /><testcase classname="tests.unit.confluence.test_client_oauth.TestConfluenceClientOAuth" name="test_init_with_oauth_failed_session_config" time="0.001" /><testcase classname="tests.unit.confluence.test_client_oauth.TestConfluenceClientOAuth" name="test_from_env_with_standard_oauth" time="0.002" /><testcase classname="tests.unit.confluence.test_client_oauth.TestConfluenceClientOAuth" name="test_from_env_with_byo_token_oauth" time="0.002" /><testcase classname="tests.unit.confluence.test_client_oauth.TestConfluenceClientOAuth" name="test_from_env_with_no_oauth_config_found" time="0.001" /><testcase classname="tests.unit.confluence.test_comments.TestCommentsMixin" name="test_get_page_comments_success" time="0.005" /><testcase classname="tests.unit.confluence.test_comments.TestCommentsMixin" name="test_get_page_comments_with_html" time="0.004" /><testcase classname="tests.unit.confluence.test_comments.TestCommentsMixin" name="test_get_page_comments_api_error" time="0.004" /><testcase classname="tests.unit.confluence.test_comments.TestCommentsMixin" name="test_get_page_comments_key_error" time="0.004" /><testcase classname="tests.unit.confluence.test_comments.TestCommentsMixin" name="test_get_page_comments_value_error" time="0.004" /><testcase classname="tests.unit.confluence.test_comments.TestCommentsMixin" name="test_get_page_comments_with_empty_results" time="0.004" /><testcase classname="tests.unit.confluence.test_comments.TestCommentsMixin" name="test_add_comment_success" time="0.004" /><testcase classname="tests.unit.confluence.test_comments.TestCommentsMixin" name="test_add_comment_with_html_content" time="0.005" /><testcase classname="tests.unit.confluence.test_comments.TestCommentsMixin" name="test_add_comment_api_error" time="0.005" /><testcase classname="tests.unit.confluence.test_comments.TestCommentsMixin" name="test_add_comment_empty_response" time="0.006" /><testcase classname="tests.unit.confluence.test_comments.TestReplyToComment" name="test_reply_to_comment_v1_success" time="0.005" /><testcase classname="tests.unit.confluence.test_comments.TestReplyToComment" name="test_reply_to_comment_v2_oauth_success" time="0.005" /><testcase classname="tests.unit.confluence.test_comments.TestReplyToComment" name="test_reply_with_html_content" time="0.143" /><testcase classname="tests.unit.confluence.test_comments.TestReplyToComment" name="test_reply_network_error" time="0.004" /><testcase classname="tests.unit.confluence.test_comments.TestReplyToComment" name="test_reply_empty_response" time="0.005" /><testcase classname="tests.unit.confluence.test_comments.TestAddCommentV2Routing" name="test_add_comment_v2_routing_for_oauth_cloud" time="0.005" /><testcase classname="tests.unit.confluence.test_comments.TestConfluenceCommentModel" name="test_parent_from_v1_container_type_comment" time="0.000" /><testcase classname="tests.unit.confluence.test_comments.TestConfluenceCommentModel" name="test_no_parent_from_v1_container_type_page" time="0.000" /><testcase classname="tests.unit.confluence.test_comments.TestConfluenceCommentModel" name="test_parent_from_v2_parent_comment_id" time="0.000" /><testcase classname="tests.unit.confluence.test_comments.TestConfluenceCommentModel" name="test_to_simplified_dict_with_parent" time="0.000" /><testcase classname="tests.unit.confluence.test_comments.TestConfluenceCommentModel" name="test_to_simplified_dict_without_parent" time="0.000" /><testcase classname="tests.unit.confluence.test_comments.TestConfluenceCommentModel" name="test_location_inline_from_extensions" time="0.000" /><testcase classname="tests.unit.confluence.test_comments.TestConfluenceCommentModel" name="test_location_footer_from_extensions" time="0.000" /><testcase classname="tests.unit.confluence.test_comments.TestConfluenceCommentModel" name="test_location_none_when_no_extensions" time="0.000" /><testcase classname="tests.unit.confluence.test_comments.TestConfluenceCommentModel" name="test_to_simplified_dict_with_location" time="0.000" /><testcase classname="tests.unit.confluence.test_comments.TestConfluenceCommentModel" name="test_to_simplified_dict_without_location" time="0.000" /><testcase classname="tests.unit.confluence.test_config" name="test_from_env_success" time="0.001" /><testcase classname="tests.unit.confluence.test_config" name="test_from_env_missing_url" time="0.001" /><testcase classname="tests.unit.confluence.test_config" name="test_from_env_missing_cloud_auth" time="0.001" /><testcase classname="tests.unit.confluence.test_config" name="test_from_env_missing_server_auth" time="0.001" /><testcase classname="tests.unit.confluence.test_config" name="test_is_cloud" time="0.000" /><testcase classname="tests.unit.confluence.test_config" name="test_from_env_proxy_settings" time="0.001" /><testcase classname="tests.unit.confluence.test_config" name="test_is_cloud_oauth_with_cloud_id" time="0.000" /><testcase classname="tests.unit.confluence.test_config" name="test_from_env_pat_priority_over_oauth" time="0.001" /><testcase classname="tests.unit.confluence.test_config" name="test_from_env_with_client_cert" time="0.001" /><testcase classname="tests.unit.confluence.test_config" name="test_from_env_without_client_cert" time="0.000" /><testcase classname="tests.unit.confluence.test_config" name="test_confluence_config_timeout_from_env" time="0.000" /><testcase classname="tests.unit.confluence.test_config" name="test_confluence_config_timeout_default" time="0.000" /><testcase classname="tests.unit.confluence.test_config" name="test_from_env_oauth_enable_no_url" time="0.000" /><testcase classname="tests.unit.confluence.test_config" name="test_from_env_oauth_enable_no_url_with_cloud_id" time="0.000" /><testcase classname="tests.unit.confluence.test_config" name="test_from_env_oauth_enable_with_cloud_url" time="0.000" /><testcase classname="tests.unit.confluence.test_config" name="test_from_env_oauth_enable_with_server_url" time="0.000" /><testcase classname="tests.unit.confluence.test_constants.TestReservedCqlWords" name="test_type_and_structure" time="0.000" /><testcase classname="tests.unit.confluence.test_constants.TestReservedCqlWords" name="test_contains_expected_cql_words" time="0.000" /><testcase classname="tests.unit.confluence.test_constants.TestReservedCqlWords" name="test_sql_keywords_coverage" time="0.000" /><testcase classname="tests.unit.confluence.test_constants.TestReservedCqlWords" name="test_cql_specific_keywords" time="0.000" /><testcase classname="tests.unit.confluence.test_constants.TestReservedCqlWords" name="test_word_format_validity" time="0.000" /><testcase classname="tests.unit.confluence.test_custom_headers.TestConfluenceConfigCustomHeaders" name="test_no_custom_headers" time="0.000" /><testcase classname="tests.unit.confluence.test_custom_headers.TestConfluenceConfigCustomHeaders" name="test_service_specific_headers_only" time="0.001" /><testcase classname="tests.unit.confluence.test_custom_headers.TestConfluenceConfigCustomHeaders" name="test_malformed_headers_are_ignored" time="0.001" /><testcase classname="tests.unit.confluence.test_custom_headers.TestConfluenceConfigCustomHeaders" name="test_empty_header_strings" time="0.000" /><testcase classname="tests.unit.confluence.test_custom_headers.TestConfluenceClientCustomHeaders" name="test_no_custom_headers_applied" time="0.001" /><testcase classname="tests.unit.confluence.test_custom_headers.TestConfluenceClientCustomHeaders" name="test_custom_headers_applied_to_session" time="0.001" /><testcase classname="tests.unit.confluence.test_labels.TestLabelsMixin" name="test_get_page_labels_success" time="0.005" /><testcase classname="tests.unit.confluence.test_labels.TestLabelsMixin" name="test_get_page_labels_api_error" time="0.005" /><testcase classname="tests.unit.confluence.test_labels.TestLabelsMixin" name="test_get_page_labels_key_error" time="0.005" /><testcase classname="tests.unit.confluence.test_labels.TestLabelsMixin" name="test_get_page_labels_value_error" time="0.005" /><testcase classname="tests.unit.confluence.test_labels.TestLabelsMixin" name="test_get_page_labels_with_empty_results" time="0.004" /><testcase classname="tests.unit.confluence.test_labels.TestLabelsMixin" name="test_add_page_label_success" time="0.004" /><testcase classname="tests.unit.confluence.test_labels.TestLabelsMixin" name="test_add_page_label_error" time="0.005" /><testcase classname="tests.unit.confluence.test_pages.TestPagesMixin" name="test_get_page_content" time="0.005" /><testcase classname="tests.unit.confluence.test_pages.TestPagesMixin" name="test_get_page_ancestors" time="0.004" /><testcase classname="tests.unit.confluence.test_pages.TestPagesMixin" name="test_get_page_ancestors_empty" time="0.004" /><testcase classname="tests.unit.confluence.test_pages.TestPagesMixin" name="test_get_page_ancestors_error" time="0.004" /><testcase classname="tests.unit.confluence.test_pages.TestPagesMixin" name="test_get_page_content_html" time="0.005" /><testcase classname="tests.unit.confluence.test_pages.TestPagesMixin" name="test_get_page_by_title_success" time="0.005" /><testcase classname="tests.unit.confluence.test_pages.TestPagesMixin" name="test_get_page_by_title_space_not_found" time="0.005" /><testcase classname="tests.unit.confluence.test_pages.TestPagesMixin" name="test_get_page_by_title_page_not_found" time="0.005" /><testcase classname="tests.unit.confluence.test_pages.TestPagesMixin" name="test_get_page_by_title_error_handling" time="0.004" /><testcase classname="tests.unit.confluence.test_pages.TestPagesMixin" name="test_get_space_pages" time="0.004" /><testcase classname="tests.unit.confluence.test_pages.TestPagesMixin" name="test_create_page_success" time="0.004" /><testcase classname="tests.unit.confluence.test_pages.TestPagesMixin" name="test_create_page_error" time="0.005" /><testcase classname="tests.unit.confluence.test_pages.TestPagesMixin" name="test_create_page_with_wiki_format" time="0.004" /><testcase classname="tests.unit.confluence.test_pages.TestPagesMixin" name="test_update_page_success" time="0.004" /><testcase classname="tests.unit.confluence.test_pages.TestPagesMixin" name="test_update_page_error" time="0.134" /><testcase classname="tests.unit.confluence.test_pages.TestPagesMixin" name="test_update_page_with_wiki_format" time="0.004" /><testcase classname="tests.unit.confluence.test_pages.TestPagesMixin" name="test_delete_page_success" time="0.004" /><testcase classname="tests.unit.confluence.test_pages.TestPagesMixin" name="test_delete_page_error" time="0.004" /><testcase classname="tests.unit.confluence.test_pages.TestPagesMixin" name="test_get_page_children_success" time="0.004" /><testcase classname="tests.unit.confluence.test_pages.TestPagesMixin" name="test_get_page_children_without_folders" time="0.004" /><testcase classname="tests.unit.confluence.test_pages.TestPagesMixin" name="test_get_page_children_with_content" time="0.004" /><testcase classname="tests.unit.confluence.test_pages.TestPagesMixin" name="test_get_page_children_empty" time="0.004" /><testcase classname="tests.unit.confluence.test_pages.TestPagesMixin" name="test_get_page_children_error" time="0.004" /><testcase classname="tests.unit.confluence.test_pages.TestPagesMixin" name="test_get_page_children_folder_error_graceful" time="0.004" /><testcase classname="tests.unit.confluence.test_pages.TestPagesMixin" name="test_get_page_success" time="0.004" /><testcase classname="tests.unit.confluence.test_pages.TestPagesMixin" name="test_create_page_with_markdown" time="0.005" /><testcase classname="tests.unit.confluence.test_pages.TestPagesMixin" name="test_create_page_with_storage_format" time="0.004" /><testcase classname="tests.unit.confluence.test_pages.TestPagesMixin" name="test_update_page_with_markdown" time="0.005" /><testcase classname="tests.unit.confluence.test_pages.TestPagesMixin" name="test_update_page_with_parent_id" time="0.006" /><testcase classname="tests.unit.confluence.test_pages.TestPagesMixin" name="test_non_oauth_still_uses_v1_api" time="0.005" /><testcase classname="tests.unit.confluence.test_pages.TestPagesMixin" name="test_get_page_content_missing_body_regression[body=None]" time="0.007" /><testcase classname="tests.unit.confluence.test_pages.TestPagesMixin" name="test_get_page_content_missing_body_regression[storage=None]" time="0.005" /><testcase classname="tests.unit.confluence.test_pages.TestPagesMixin" name="test_get_page_content_missing_body_regression[value=None]" time="0.005" /><testcase classname="tests.unit.confluence.test_pages.TestPagesMixin" name="test_get_page_by_title_missing_body_regression" time="0.005" /><testcase classname="tests.unit.confluence.test_pages.TestPagesMixin" name="test_get_space_pages_missing_body_regression" time="0.004" /><testcase classname="tests.unit.confluence.test_pages.TestPagesMixin" name="test_get_page_history_success_v1" time="0.005" /><testcase classname="tests.unit.confluence.test_pages.TestPagesMixin" name="test_get_page_history_html_v1" time="0.004" /><testcase classname="tests.unit.confluence.test_pages.TestPagesMixin" name="test_get_page_history_with_attachments_v1" time="0.004" /><testcase classname="tests.unit.confluence.test_pages.TestPagesMixin" name="test_get_page_history_missing_body_v1" time="0.004" /><testcase classname="tests.unit.confluence.test_pages.TestPagesMixin" name="test_get_page_history_auth_error_v1" time="0.004" /><testcase classname="tests.unit.confluence.test_pages.TestPagesMixin" name="test_get_page_history_http_error_v1" time="0.004" /><testcase classname="tests.unit.confluence.test_pages.TestPagesMixin" name="test_get_page_history_includes_emoji_v1" time="0.004" /><testcase classname="tests.unit.confluence.test_pages.TestPagesOAuthMixin" name="test_create_page_oauth_uses_v2_api" time="0.131" /><testcase classname="tests.unit.confluence.test_pages.TestPagesOAuthMixin" name="test_create_page_oauth_with_wiki_format" time="0.003" /><testcase classname="tests.unit.confluence.test_pages.TestPagesOAuthMixin" name="test_update_page_oauth_uses_v2_api" time="0.003" /><testcase classname="tests.unit.confluence.test_pages.TestPagesOAuthMixin" name="test_get_page_content_oauth_uses_v2_api" time="0.003" /><testcase classname="tests.unit.confluence.test_pages.TestPagesOAuthMixin" name="test_delete_page_oauth_uses_v2_api" time="0.003" /><testcase classname="tests.unit.confluence.test_pages.TestPagesOAuthMixin" name="test_get_page_history_oauth_uses_v2_api" time="0.003" /><testcase classname="tests.unit.confluence.test_pages.TestPagesOAuthMixin" name="test_get_page_history_oauth_success" time="0.003" /><testcase classname="tests.unit.confluence.test_pages.TestPagesOAuthMixin" name="test_get_page_history_oauth_html" time="0.003" /><testcase classname="tests.unit.confluence.test_pages.TestPagesOAuthMixin" name="test_get_page_history_oauth_missing_body" time="0.003" /><testcase classname="tests.unit.confluence.test_pages.TestPagesOAuthMixin" name="test_get_page_history_includes_emoji_oauth" time="0.004" /><testcase classname="tests.unit.confluence.test_pages.TestPageEmoji" name="test_extract_emoji_from_property_with_fallback" time="0.003" /><testcase classname="tests.unit.confluence.test_pages.TestPageEmoji" name="test_extract_emoji_from_property_with_shortname" time="0.004" /><testcase classname="tests.unit.confluence.test_pages.TestPageEmoji" name="test_extract_emoji_from_property_with_id" time="0.004" /><testcase classname="tests.unit.confluence.test_pages.TestPageEmoji" name="test_extract_emoji_from_property_string" time="0.004" /><testcase classname="tests.unit.confluence.test_pages.TestPageEmoji" name="test_extract_emoji_from_property_none" time="0.004" /><testcase classname="tests.unit.confluence.test_pages.TestPageEmoji" name="test_extract_emoji_from_property_empty_dict" time="0.004" /><testcase classname="tests.unit.confluence.test_pages.TestPageEmoji" name="test_get_page_emoji_v1_api" time="0.005" /><testcase classname="tests.unit.confluence.test_pages.TestPageEmoji" name="test_get_page_emoji_draft_fallback" time="0.004" /><testcase classname="tests.unit.confluence.test_pages.TestPageEmoji" name="test_get_page_emoji_no_emoji" time="0.004" /><testcase classname="tests.unit.confluence.test_pages.TestPageEmoji" name="test_get_page_emoji_empty_properties" time="0.004" /><testcase classname="tests.unit.confluence.test_pages.TestPageEmoji" name="test_get_page_emoji_api_error" time="0.004" /><testcase classname="tests.unit.confluence.test_pages.TestPageEmoji" name="test_get_page_content_includes_emoji" time="0.004" /><testcase classname="tests.unit.confluence.test_pages.TestPageEmoji" name="test_get_page_by_title_includes_emoji" time="0.004" /><testcase classname="tests.unit.confluence.test_pages.TestPageEmoji" name="test_set_page_emoji_success" time="0.005" /><testcase classname="tests.unit.confluence.test_pages.TestPageEmoji" name="test_set_page_emoji_update_existing" time="0.004" /><testcase classname="tests.unit.confluence.test_pages.TestPageEmoji" name="test_set_page_emoji_remove" time="0.004" /><testcase classname="tests.unit.confluence.test_pages.TestPageEmoji" name="test_set_page_emoji_remove_nonexistent" time="0.004" /><testcase classname="tests.unit.confluence.test_pages.TestPageEmoji" name="test_set_page_emoji_failure" time="0.005" /><testcase classname="tests.unit.confluence.test_pages.TestPageEmojiOAuth" name="test_get_page_emoji_oauth_uses_v2_api" time="0.004" /><testcase classname="tests.unit.confluence.test_pages.TestPageEmojiOAuth" name="test_get_page_content_oauth_includes_emoji" time="0.004" /><testcase classname="tests.unit.confluence.test_pages.TestPageEmojiOAuth" name="test_set_page_emoji_oauth_uses_v2_api" time="0.003" /><testcase classname="tests.unit.confluence.test_pages.TestPageEmojiOAuth" name="test_set_page_emoji_oauth_remove" time="0.003" /><testcase classname="tests.unit.confluence.test_pages.TestMovePage" name="test_move_page_to_new_parent_same_space" time="0.004" /><testcase classname="tests.unit.confluence.test_pages.TestMovePage" name="test_move_page_to_different_space_root" time="0.004" /><testcase classname="tests.unit.confluence.test_pages.TestMovePage" name="test_move_page_with_both_parent_and_space" time="0.131" /><testcase classname="tests.unit.con
[...]
"0.001" /><testcase classname="tests.unit.utils.test_oauth" name="test_configure_oauth_session_failure_with_oauth_config" time="0.001" /><testcase classname="tests.unit.utils.test_oauth" name="test_configure_oauth_session_success_with_byo_config" time="0.000" /><testcase classname="tests.unit.utils.test_oauth" name="test_configure_oauth_session_byo_config_empty_token_logs_warning" time="0.002" /><testcase classname="tests.unit.utils.test_oauth" name="test_configure_oauth_session_byo_config_no_refresh_token_direct_use" time="0.001" /><testcase classname="tests.unit.utils.test_oauth.TestDataCenterOAuth" name="test_is_data_center_with_base_url" time="0.000" /><testcase classname="tests.unit.utils.test_oauth.TestDataCenterOAuth" name="test_is_data_center_false_with_cloud_id" time="0.000" /><testcase classname="tests.unit.utils.test_oauth.TestDataCenterOAuth" name="test_is_data_center_false_without_base_url" time="0.000" /><testcase classname="tests.unit.utils.test_oauth.TestDataCenterOAuth" name="test_mutual_exclusivity_cloud_id_and_dc_base_url" time="0.001" /><testcase classname="tests.unit.utils.test_oauth.TestDataCenterOAuth" name="test_cloud_base_url_cleared_when_cloud_id_set" time="0.000" /><testcase classname="tests.unit.utils.test_oauth.TestDataCenterOAuth" name="test_dc_token_url" time="0.000" /><testcase classname="tests.unit.utils.test_oauth.TestDataCenterOAuth" name="test_dc_authorize_url" time="0.000" /><testcase classname="tests.unit.utils.test_oauth.TestDataCenterOAuth" name="test_cloud_token_url" time="0.000" /><testcase classname="tests.unit.utils.test_oauth.TestDataCenterOAuth" name="test_cloud_authorize_url" time="0.000" /><testcase classname="tests.unit.utils.test_oauth.TestDataCenterOAuth" name="test_dc_token_url_strips_trailing_slash" time="0.000" /><testcase classname="tests.unit.utils.test_oauth.TestDataCenterOAuth" name="test_keyring_username_dc" time="0.000" /><testcase classname="tests.unit.utils.test_oauth.TestDataCenterOAuth" name="test_keyring_username_cloud" time="0.000" /><testcase classname="tests.unit.utils.test_oauth.TestDataCenterOAuth" name="test_keyring_username_no_context" time="0.000" /><testcase classname="tests.unit.utils.test_oauth.TestDataCenterOAuth" name="test_dc_authorization_url_no_audience" time="0.000" /><testcase classname="tests.unit.utils.test_oauth.TestDataCenterOAuth" name="test_cloud_authorization_url_has_audience" time="0.000" /><testcase classname="tests.unit.utils.test_oauth.TestDataCenterOAuth" name="test_dc_token_exchange_no_refresh_required" time="0.001" /><testcase classname="tests.unit.utils.test_oauth.TestDataCenterOAuth" name="test_cloud_token_exchange_requires_refresh" time="0.001" /><testcase classname="tests.unit.utils.test_oauth.TestDataCenterOAuth" name="test_from_env_service_specific_vars_override_global" time="0.001" /><testcase classname="tests.unit.utils.test_oauth.TestDataCenterOAuth" name="test_from_env_dc_detection" time="0.000" /><testcase classname="tests.unit.utils.test_oauth.TestDataCenterOAuth" name="test_from_env_dc_defaults_redirect_and_scope" time="0.001" /><testcase classname="tests.unit.utils.test_oauth.TestDataCenterOAuth" name="test_byo_dc_config" time="0.000" /><testcase classname="tests.unit.utils.test_oauth.TestDataCenterOAuth" name="test_byo_dc_from_env" time="0.000" /><testcase classname="tests.unit.utils.test_oauth.TestDataCenterOAuth" name="test_configure_oauth_session_no_tokens_returns_false" time="0.001" /><testcase classname="tests.unit.utils.test_oauth.TestDataCenterOAuth" name="test_configure_oauth_session_minimal_oauth_no_tokens" time="0.001" /><testcase classname="tests.unit.utils.test_oauth.TestDataCenterOAuth" name="test_save_tokens_includes_base_url" time="0.001" /><testcase classname="tests.unit.utils.test_oauth_setup.TestCallbackHandlerLogic" name="test_url_parsing[/callback?code=test-auth-code&amp;state=test-state-expected_params0]" time="0.001" /><testcase classname="tests.unit.utils.test_oauth_setup.TestCallbackHandlerLogic" name="test_url_parsing[/callback?error=access_denied&amp;error_description=User+denied+access-expected_params1]" time="0.000" /><testcase classname="tests.unit.utils.test_oauth_setup.TestCallbackHandlerLogic" name="test_url_parsing[/callback?state=test-state-expected_params2]" time="0.000" /><testcase classname="tests.unit.utils.test_oauth_setup.TestCallbackHandlerLogic" name="test_url_parsing[/callback-expected_params3]" time="0.000" /><testcase classname="tests.unit.utils.test_oauth_setup.TestRedirectUriParsing" name="test_parse_redirect_uri[http://localhost:8080/callback-localhost-8080]" time="0.001" /><testcase classname="tests.unit.utils.test_oauth_setup.TestRedirectUriParsing" name="test_parse_redirect_uri[https://example.com:9443/callback-example.com-9443]" time="0.001" /><testcase classname="tests.unit.utils.test_oauth_setup.TestRedirectUriParsing" name="test_parse_redirect_uri[http://localhost/callback-localhost-80]" time="0.000" /><testcase classname="tests.unit.utils.test_oauth_setup.TestRedirectUriParsing" name="test_parse_redirect_uri[https://example.com/callback-example.com-443]" time="0.001" /><testcase classname="tests.unit.utils.test_oauth_setup.TestRedirectUriParsing" name="test_parse_redirect_uri[http://127.0.0.1:3000/callback-127.0.0.1-3000]" time="0.001" /><testcase classname="tests.unit.utils.test_oauth_setup.TestRedirectUriParsing" name="test_parse_redirect_uri[https://secure.domain.com:8443/auth-secure.domain.com-8443]" time="0.000" /><testcase classname="tests.unit.utils.test_oauth_setup.TestOAuthFlow" name="test_run_oauth_flow_success_localhost" time="0.004" /><testcase classname="tests.unit.utils.test_oauth_setup.TestOAuthFlow" name="test_run_oauth_flow_success_external_redirect" time="0.002" /><testcase classname="tests.unit.utils.test_oauth_setup.TestOAuthFlow" name="test_run_oauth_flow_server_start_failure" time="0.001" /><testcase classname="tests.unit.utils.test_oauth_setup.TestOAuthFlow" name="test_run_oauth_flow_failures[timeout-False]" time="0.003" /><testcase classname="tests.unit.utils.test_oauth_setup.TestOAuthFlow" name="test_run_oauth_flow_failures[state_mismatch-False]" time="0.003" /><testcase classname="tests.unit.utils.test_oauth_setup.TestOAuthFlow" name="test_run_oauth_flow_failures[token_exchange_failure-False]" time="0.003" /><testcase classname="tests.unit.utils.test_oauth_setup.TestInteractiveSetup" name="test_run_oauth_setup_with_env_vars" time="0.001" /><testcase classname="tests.unit.utils.test_oauth_setup.TestInteractiveSetup" name="test_run_oauth_setup_user_input[input_values0-0]" time="0.001" /><testcase classname="tests.unit.utils.test_oauth_setup.TestInteractiveSetup" name="test_run_oauth_setup_user_input[input_values1-1]" time="0.001" /><testcase classname="tests.unit.utils.test_oauth_setup.TestInteractiveSetup" name="test_run_oauth_setup_user_input[input_values2-1]" time="0.001" /><testcase classname="tests.unit.utils.test_oauth_setup.TestInteractiveSetup" name="test_run_oauth_setup_flow_failure" time="0.001" /><testcase classname="tests.unit.utils.test_oauth_setup.TestOAuthSetupArgs" name="test_oauth_setup_args_creation" time="0.000" /><testcase classname="tests.unit.utils.test_oauth_setup.TestConfigurationGeneration" name="test_configuration_serialization" time="0.000" /><testcase classname="tests.unit.utils.test_proxy" name="test_jira_client_passes_proxies_to_requests" time="0.002" /><testcase classname="tests.unit.utils.test_proxy" name="test_confluence_client_passes_proxies_to_requests" time="0.003" /><testcase classname="tests.unit.utils.test_proxy" name="test_jira_client_no_proxy_env" time="0.002" /><testcase classname="tests.unit.utils.test_proxy.TestProxyConfigurationEnhanced" name="test_proxy_configuration_from_environment" time="0.001" /><testcase classname="tests.unit.utils.test_proxy.TestProxyConfigurationEnhanced" name="test_proxy_authentication_in_url" time="0.000" /><testcase classname="tests.unit.utils.test_proxy.TestProxyConfigurationEnhanced" name="test_socks_proxy_configuration" time="0.002" /><testcase classname="tests.unit.utils.test_proxy.TestProxyConfigurationEnhanced" name="test_proxy_bypass_for_internal_domains" time="0.000" /><testcase classname="tests.unit.utils.test_proxy.TestProxyConfigurationEnhanced" name="test_proxy_error_handling" time="0.001" /><testcase classname="tests.unit.utils.test_proxy.TestProxyConfigurationEnhanced" name="test_proxy_configuration_precedence" time="0.000" /><testcase classname="tests.unit.utils.test_proxy.TestProxyConfigurationEnhanced" name="test_mixed_proxy_and_ssl_configuration" time="0.003" /><testcase classname="tests.unit.utils.test_proxy.TestProxyConfigurationEnhanced" name="test_proxy_with_oauth_configuration" time="0.000" /><testcase classname="tests.unit.utils.test_ssl" name="test_ssl_ignore_adapter_cert_verify" time="0.006" /><testcase classname="tests.unit.utils.test_ssl" name="test_ssl_ignore_adapter_init_poolmanager" time="0.006" /><testcase classname="tests.unit.utils.test_ssl" name="test_configure_ssl_verification_disabled" time="0.001" /><testcase classname="tests.unit.utils.test_ssl" name="test_configure_ssl_verification_enabled" time="0.001" /><testcase classname="tests.unit.utils.test_ssl" name="test_configure_ssl_verification_enabled_with_real_session" time="0.000" /><testcase classname="tests.unit.utils.test_ssl" name="test_configure_ssl_verification_disabled_with_real_session" time="0.007" /><testcase classname="tests.unit.utils.test_ssl" name="test_ssl_ignore_adapter" time="0.006" /><testcase classname="tests.unit.utils.test_ssl" name="test_configure_ssl_with_client_cert" time="0.001" /><testcase classname="tests.unit.utils.test_ssl" name="test_configure_ssl_with_encrypted_key" time="0.000" /><testcase classname="tests.unit.utils.test_ssl" name="test_configure_ssl_without_client_cert" time="0.001" /><testcase classname="tests.unit.utils.test_ssl" name="test_configure_ssl_disabled_with_client_cert" time="0.002" /><testcase classname="tests.unit.utils.test_token_verifier" name="test_verify_token_returns_fastmcp_access_token[asyncio]" time="0.001" /><testcase classname="tests.unit.utils.test_token_verifier" name="test_verify_token_returns_none_for_empty_token[asyncio]" time="0.001" /><testcase classname="tests.unit.utils.test_tools" name="test_get_enabled_tools_not_set" time="0.000" /><testcase classname="tests.unit.utils.test_tools" name="test_get_enabled_tools_empty_string" time="0.000" /><testcase classname="tests.unit.utils.test_tools" name="test_get_enabled_tools_only_whitespace" time="0.000" /><testcase classname="tests.unit.utils.test_tools" name="test_get_enabled_tools_only_commas" time="0.000" /><testcase classname="tests.unit.utils.test_tools" name="test_get_enabled_tools_whitespace_and_commas" time="0.000" /><testcase classname="tests.unit.utils.test_tools" name="test_get_enabled_tools_single_tool" time="0.000" /><testcase classname="tests.unit.utils.test_tools" name="test_get_enabled_tools_multiple_tools" time="0.000" /><testcase classname="tests.unit.utils.test_tools" name="test_get_enabled_tools_with_whitespace" time="0.000" /><testcase classname="tests.unit.utils.test_tools" name="test_should_include_tool_none_enabled" time="0.000" /><testcase classname="tests.unit.utils.test_tools" name="test_should_include_tool_tool_enabled" time="0.000" /><testcase classname="tests.unit.utils.test_tools" name="test_should_include_tool_tool_not_enabled" time="0.000" /><testcase classname="tests.unit.utils.test_toolsets.TestGetEnabledToolsets" name="test_basic_parsing[unset_uses_all]" time="0.001" /><testcase classname="tests.unit.utils.test_toolsets.TestGetEnabledToolsets" name="test_basic_parsing[empty_uses_all]" time="0.001" /><testcase classname="tests.unit.utils.test_toolsets.TestGetEnabledToolsets" name="test_basic_parsing[whitespace_uses_all]" time="0.001" /><testcase classname="tests.unit.utils.test_toolsets.TestGetEnabledToolsets" name="test_basic_parsing[single_toolset]" time="0.001" /><testcase classname="tests.unit.utils.test_toolsets.TestGetEnabledToolsets" name="test_basic_parsing[unknown_name_fail_closed]" time="0.001" /><testcase classname="tests.unit.utils.test_toolsets.TestGetEnabledToolsets" name="test_all_keyword" time="0.000" /><testcase classname="tests.unit.utils.test_toolsets.TestGetEnabledToolsets" name="test_all_keyword_case_insensitive" time="0.000" /><testcase classname="tests.unit.utils.test_toolsets.TestGetEnabledToolsets" name="test_default_keyword" time="0.000" /><testcase classname="tests.unit.utils.test_toolsets.TestGetEnabledToolsets" name="test_default_plus_extra" time="0.000" /><testcase classname="tests.unit.utils.test_toolsets.TestGetEnabledToolsets" name="test_mixed_valid_and_unknown" time="0.000" /><testcase classname="tests.unit.utils.test_toolsets.TestGetEnabledToolsets" name="test_whitespace_handling" time="0.000" /><testcase classname="tests.unit.utils.test_toolsets.TestGetEnabledToolsets" name="test_default_toolsets_content" time="0.000" /><testcase classname="tests.unit.utils.test_toolsets.TestGetEnabledToolsets" name="test_all_toolsets_count" time="0.000" /><testcase classname="tests.unit.utils.test_toolsets.TestGetEnabledToolsets" name="test_all_toolsets_contains_jira_and_confluence" time="0.000" /><testcase classname="tests.unit.utils.test_toolsets.TestShouldIncludeToolByToolset" name="test_filtering[matching_toolset]" time="0.001" /><testcase classname="tests.unit.utils.test_toolsets.TestShouldIncludeToolByToolset" name="test_filtering[non_matching_toolset]" time="0.000" /><testcase classname="tests.unit.utils.test_toolsets.TestShouldIncludeToolByToolset" name="test_filtering[none_means_all_pass]" time="0.000" /><testcase classname="tests.unit.utils.test_toolsets.TestShouldIncludeToolByToolset" name="test_filtering[no_toolset_tag_passes]" time="0.001" /><testcase classname="tests.unit.utils.test_toolsets.TestShouldIncludeToolByToolset" name="test_filtering[empty_set_blocks_all]" time="0.000" /><testcase classname="tests.unit.utils.test_toolsets.TestShouldIncludeToolByToolset" name="test_multiple_enabled_toolsets" time="0.000" /><testcase classname="tests.unit.utils.test_toolsets.TestShouldIncludeToolByToolset" name="test_tool_with_non_matching_multiple_enabled" time="0.000" /><testcase classname="tests.unit.utils.test_toolsets.TestGetToolsetTag" name="test_extracts_toolset_tag" time="0.000" /><testcase classname="tests.unit.utils.test_toolsets.TestGetToolsetTag" name="test_no_toolset_tag" time="0.000" /><testcase classname="tests.unit.utils.test_toolsets.TestGetToolsetTag" name="test_empty_tags" time="0.000" /><testcase classname="tests.unit.utils.test_toolsets.TestToolsetTagCompleteness" name="test_jira_tools_have_toolset_tag" time="0.001" /><testcase classname="tests.unit.utils.test_toolsets.TestToolsetTagCompleteness" name="test_confluence_tools_have_toolset_tag" time="0.001" /><testcase classname="tests.unit.utils.test_toolsets.TestToolsetTagCompleteness" name="test_jira_toolset_tags_are_valid" time="0.001" /><testcase classname="tests.unit.utils.test_toolsets.TestToolsetTagCompleteness" name="test_confluence_toolset_tags_are_valid" time="0.001" /><testcase classname="tests.unit.utils.test_toolsets.TestToolsetTagCompleteness" name="test_jira_tool_count" time="0.000" /><testcase classname="tests.unit.utils.test_toolsets.TestToolsetTagCompleteness" name="test_confluence_tool_count" time="0.000" /><testcase classname="tests.unit.utils.test_urls.TestResolveRelativeUrl" name="test_resolve_relative_url[relative-url-prepended]" time="0.000" /><testcase classname="tests.unit.utils.test_urls.TestResolveRelativeUrl" name="test_resolve_relative_url[absolute-url-unchanged]" time="0.000" /><testcase classname="tests.unit.utils.test_urls.TestResolveRelativeUrl" name="test_resolve_relative_url[trailing-slash-stripped]" time="0.000" /><testcase classname="tests.unit.utils.test_urls.TestResolveRelativeUrl" name="test_resolve_relative_url[multiple-trailing-slashes-stripped]" time="0.000" /><testcase classname="tests.unit.utils.test_urls.TestResolveRelativeUrl" name="test_resolve_relative_url[non-slash-relative-unchanged]" time="0.000" /><testcase classname="tests.unit.utils.test_urls" name="test_is_atlassian_cloud_url_empty" time="0.000" /><testcase classname="tests.unit.utils.test_urls" name="test_is_atlassian_cloud_url_cloud" time="0.000" /><testcase classname="tests.unit.utils.test_urls" name="test_is_atlassian_cloud_url_multi_cloud_oauth" time="0.000" /><testcase classname="tests.unit.utils.test_urls" name="test_is_atlassian_cloud_url_us_gov" time="0.000" /><testcase classname="tests.unit.utils.test_urls" name="test_is_atlassian_cloud_url_server" time="0.000" /><testcase classname="tests.unit.utils.test_urls" name="test_is_atlassian_cloud_url_localhost" time="0.000" /><testcase classname="tests.unit.utils.test_urls" name="test_is_atlassian_cloud_url_ip_addresses" time="0.000" /><testcase classname="tests.unit.utils.test_urls" name="test_is_atlassian_cloud_url_with_protocols" time="0.000" /><testcase classname="tests.unit.utils.test_urls.TestValidateUrlForSsrf" name="test_valid_cloud_url" time="0.001" /><testcase classname="tests.unit.utils.test_urls.TestValidateUrlForSsrf" name="test_valid_server_url" time="0.001" /><testcase classname="tests.unit.utils.test_urls.TestValidateUrlForSsrf" name="test_empty_url" time="0.000" /><testcase classname="tests.unit.utils.test_urls.TestValidateUrlForSsrf" name="test_ftp_scheme" time="0.000" /><testcase classname="tests.unit.utils.test_urls.TestValidateUrlForSsrf" name="test_file_scheme" time="0.000" /><testcase classname="tests.unit.utils.test_urls.TestValidateUrlForSsrf" name="test_localhost" time="0.000" /><testcase classname="tests.unit.utils.test_urls.TestValidateUrlForSsrf" name="test_loopback_ip" time="0.000" /><testcase classname="tests.unit.utils.test_urls.TestValidateUrlForSsrf" name="test_private_10" time="0.000" /><testcase classname="tests.unit.utils.test_urls.TestValidateUrlForSsrf" name="test_private_172" time="0.000" /><testcase classname="tests.unit.utils.test_urls.TestValidateUrlForSsrf" name="test_private_192" time="0.000" /><testcase classname="tests.unit.utils.test_urls.TestValidateUrlForSsrf" name="test_carrier_grade_nat" time="0.000" /><testcase classname="tests.unit.utils.test_urls.TestValidateUrlForSsrf" name="test_cloud_metadata" time="0.000" /><testcase classname="tests.unit.utils.test_urls.TestValidateUrlForSsrf" name="test_ipv6_loopback" time="0.000" /><testcase classname="tests.unit.utils.test_urls.TestValidateUrlForSsrf" name="test_dns_resolves_private" time="0.001" /><testcase classname="tests.unit.utils.test_urls.TestValidateUrlForSsrf" name="test_dns_unresolvable" time="0.000" /><testcase classname="tests.unit.utils.test_urls.TestValidateUrlForSsrf" name="test_allowlist_exact_match" time="0.001" /><testcase classname="tests.unit.utils.test_urls.TestValidateUrlForSsrf" name="test_allowlist_subdomain_match" time="0.001" /><testcase classname="tests.unit.utils.test_urls.TestValidateUrlForSsrf" name="test_allowlist_reject" time="0.000" /><testcase classname="tests.unit.utils.test_urls.TestValidateUrlForSsrf" name="test_metadata_google_internal" time="0.000" /><testcase classname="tests.unit.utils.test_urls.TestValidateUrlForSsrf" name="test_allowlist_subdomain_private_ip" time="0.000" /><testcase classname="tests.unit.utils.test_urls.TestValidateUrlForSsrf" name="test_allowlist_exact_private_ip" time="0.000" /><testcase classname="tests.unit.utils.test_urls.TestValidateUrlForSsrf" name="test_allowlist_rejects_non_matching_private_ip" time="0.000" /><testcase classname="tests.unit.utils.test_urls.TestValidateUrlForSsrf" name="test_no_allowlist_private_ip_rejected" time="0.001" /><testcase classname="tests.unit.utils.test_urls.TestValidateUrlForSsrf" name="test_allowlist_bypasses_dns_failure" time="0.001" /><testcase classname="tests.unit.utils.test_urls.TestValidateUrlForSsrf" name="test_ipv4_mapped_ipv6" time="0.021" /></testsuite></testsuites>