<?xml version="1.0" encoding="utf-8"?><testsuites name="pytest tests"><testsuite name="pytest" errors="0" failures="0" skipped="0" tests="147" time="5.409" timestamp="2026-06-06T22:02:56.533211+00:00" hostname="09ac979c7f60"><testcase classname="tests.api.test_proxy_api.TestIndex" name="test_index_returns_api_list" time="0.060" /><testcase classname="tests.api.test_proxy_api.TestGet" name="test_get_returns_proxy" time="0.002" /><testcase classname="tests.api.test_proxy_api.TestGet" name="test_get_no_proxy" time="0.002" /><testcase classname="tests.api.test_proxy_api.TestGet" name="test_get_https_filter" time="0.002" /><testcase classname="tests.api.test_proxy_api.TestGet" name="test_get_http_filter" time="0.002" /><testcase classname="tests.api.test_proxy_api.TestPop" name="test_pop_returns_proxy" time="0.002" /><testcase classname="tests.api.test_proxy_api.TestPop" name="test_pop_no_proxy" time="0.002" /><testcase classname="tests.api.test_proxy_api.TestAll" name="test_all_returns_list" time="0.002" /><testcase classname="tests.api.test_proxy_api.TestAll" name="test_all_empty" time="0.002" /><testcase classname="tests.api.test_proxy_api.TestDelete" name="test_delete_calls_handler" time="0.002" /><testcase classname="tests.api.test_proxy_api.TestCount" name="test_count_returns_stats" time="0.002" /><testcase classname="tests.api.test_proxy_api.TestCount" name="test_count_empty" time="0.002" /><testcase classname="tests.integration.test_redis_client.TestRedisPutGet" name="test_put_and_get" time="0.005" /><testcase classname="tests.integration.test_redis_client.TestRedisPutGet" name="test_get_https" time="0.002" /><testcase classname="tests.integration.test_redis_client.TestRedisPutGet" name="test_get_https_excludes_http" time="0.002" /><testcase classname="tests.integration.test_redis_client.TestRedisPutGet" name="test_get_empty_returns_none" time="0.002" /><testcase classname="tests.integration.test_redis_client.TestRedisExists" name="test_exists_true" time="0.002" /><testcase classname="tests.integration.test_redis_client.TestRedisExists" name="test_exists_false" time="0.002" /><testcase classname="tests.integration.test_redis_client.TestRedisDelete" name="test_delete" time="0.002" /><testcase classname="tests.integration.test_redis_client.TestRedisPop" name="test_pop_removes_proxy" time="0.002" /><testcase classname="tests.integration.test_redis_client.TestRedisPop" name="test_pop_empty_returns_none" time="0.002" /><testcase classname="tests.integration.test_redis_client.TestRedisGetAll" name="test_get_all" time="0.002" /><testcase classname="tests.integration.test_redis_client.TestRedisGetAll" name="test_get_all_https_filter" time="0.002" /><testcase classname="tests.integration.test_redis_client.TestRedisGetCount" name="test_get_count" time="0.002" /><testcase classname="tests.integration.test_redis_client.TestRedisGetCount" name="test_get_count_empty" time="0.002" /><testcase classname="tests.integration.test_redis_client.TestRedisClear" name="test_clear" time="0.002" /><testcase classname="tests.integration.test_redis_client.TestRedisChangeTable" name="test_change_table_isolation" time="0.003" /><testcase classname="tests.integration.test_ssdb_client.TestSsdbPutGet" name="test_put_and_get" time="0.002" /><testcase classname="tests.integration.test_ssdb_client.TestSsdbPutGet" name="test_get_https" time="0.002" /><testcase classname="tests.integration.test_ssdb_client.TestSsdbPutGet" name="test_get_https_excludes_http" time="0.002" /><testcase classname="tests.integration.test_ssdb_client.TestSsdbPutGet" name="test_get_empty_returns_none" time="0.002" /><testcase classname="tests.integration.test_ssdb_client.TestSsdbExists" name="test_exists_true" time="0.002" /><testcase classname="tests.integration.test_ssdb_client.TestSsdbExists" name="test_exists_false" time="0.002" /><testcase classname="tests.integration.test_ssdb_client.TestSsdbDelete" name="test_delete" time="0.002" /><testcase classname="tests.integration.test_ssdb_client.TestSsdbPop" name="test_pop_removes_proxy" time="0.002" /><testcase classname="tests.integration.test_ssdb_client.TestSsdbPop" name="test_pop_empty_returns_none" time="0.002" /><testcase classname="tests.integration.test_ssdb_client.TestSsdbGetAll" name="test_get_all" time="0.002" /><testcase classname="tests.integration.test_ssdb_client.TestSsdbGetAll" name="test_get_all_https_filter" time="0.002" /><testcase classname="tests.integration.test_ssdb_client.TestSsdbGetCount" name="test_get_count" time="0.018" /><testcase classname="tests.integration.test_ssdb_client.TestSsdbGetCount" name="test_get_count_empty" time="0.002" /><testcase classname="tests.integration.test_ssdb_client.TestSsdbClear" name="test_clear" time="0.002" /><testcase classname="tests.integration.test_ssdb_client.TestSsdbChangeTable" name="test_change_table_isolation" time="0.002" /><testcase classname="tests.unit.test_base_fetcher.TestParseProxiesFromText" name="test_basic_ip_port" time="0.001" /><testcase classname="tests.unit.test_base_fetcher.TestParseProxiesFromText" name="test_multiple_proxies" time="0.000" /><testcase classname="tests.unit.test_base_fetcher.TestParseProxiesFromText" name="test_ip_port_with_spaces" time="0.000" /><testcase classname="tests.unit.test_base_fetcher.TestParseProxiesFromText" name="test_ip_port_in_html_text" time="0.000" /><testcase classname="tests.unit.test_base_fetcher.TestParseProxiesFromText" name="test_empty_text" time="0.000" /><testcase classname="tests.unit.test_base_fetcher.TestParseProxiesFromText" name="test_no_proxies" time="0.000" /><testcase classname="tests.unit.test_base_fetcher.TestParseProxiesFromText" name="test_ip_with_colon_port" time="0.000" /><testcase classname="tests.unit.test_base_fetcher.TestParseProxiesFromText" name="test_port_range" time="0.000" /><testcase classname="tests.unit.test_base_fetcher.TestYieldUniqueProxies" name="test_unique_proxies" time="0.000" /><testcase classname="tests.unit.test_base_fetcher.TestYieldUniqueProxies" name="test_duplicates_removed" time="0.000" /><testcase classname="tests.unit.test_base_fetcher.TestYieldUniqueProxies" name="test_empty_list" time="0.000" /><testcase classname="tests.unit.test_base_fetcher.TestYieldUniqueProxies" name="test_preserves_order" time="0.000" /><testcase classname="tests.unit.test_base_fetcher.TestYieldUniqueProxies" name="test_is_generator" time="0.000" /><testcase classname="tests.unit.test_base_fetcher.TestBaseFetcherInterface" name="test_name_attribute" time="0.000" /><testcase classname="tests.unit.test_base_fetcher.TestBaseFetcherInterface" name="test_url_attribute" time="0.000" /><testcase classname="tests.unit.test_base_fetcher.TestBaseFetcherInterface" name="test_fetch_raises_not_implemented" time="0.000" /><testcase classname="tests.unit.test_config.TestConfigHandlerDefaults" name="test_db_conn_default" time="0.000" /><testcase classname="tests.unit.test_config.TestConfigHandlerDefaults" name="test_server_host_default" time="0.000" /><testcase classname="tests.unit.test_config.TestConfigHandlerDefaults" name="test_server_port_default" time="0.000" /><testcase classname="tests.unit.test_config.TestConfigHandlerDefaults" name="test_table_name_default" time="0.000" /><testcase classname="tests.unit.test_config.TestConfigHandlerDefaults" name="test_http_url_default" time="0.000" /><testcase classname="tests.unit.test_config.TestConfigHandlerDefaults" name="test_https_url_default" time="0.000" /><testcase classname="tests.unit.test_config.TestConfigHandlerDefaults" name="test_verify_timeout_default" time="0.000" /><testcase classname="tests.unit.test_config.TestConfigHandlerDefaults" name="test_max_fail_count_default" time="0.000" /><testcase classname="tests.unit.test_config.TestConfigHandlerDefaults" name="test_pool_size_min_default" time="0.000" /><testcase classname="tests.unit.test_config.TestConfigHandlerDefaults" name="test_timezone_default" time="0.000" /><testcase classname="tests.unit.test_config.TestConfigHandlerDefaults" name="test_fetcher_exclude_is_list" time="0.001" /><testcase classname="tests.unit.test_config.TestConfigHandlerEnvOverride" name="test_db_conn_override" time="0.000" /><testcase classname="tests.unit.test_config.TestConfigHandlerEnvOverride" name="test_port_override" time="0.000" /><testcase classname="tests.unit.test_config.TestConfigHandlerEnvOverride" name="test_verify_timeout_override" time="0.000" /><testcase classname="tests.unit.test_config.TestConfigHandlerEnvOverride" name="test_max_fail_count_override" time="0.000" /><testcase classname="tests.unit.test_db_client.TestParseDbConn" name="test_redis_uri" time="0.000" /><testcase classname="tests.unit.test_db_client.TestParseDbConn" name="test_ssdb_uri" time="0.000" /><testcase classname="tests.unit.test_db_client.TestParseDbConn" name="test_redis_uri_no_password" time="0.000" /><testcase classname="tests.unit.test_db_client.TestParseDbConn" name="test_ssdb_uri_no_password" time="0.000" /><testcase classname="tests.unit.test_db_client.TestParseDbConn" name="test_unknown_db_type_raises" time="0.000" /><testcase classname="tests.unit.test_db_client.TestParseDbConn" name="test_parse_returns_cls[redis://:pwd@10.0.0.1:6380/2-REDIS]" time="0.000" /><testcase classname="tests.unit.test_db_client.TestParseDbConn" name="test_parse_returns_cls[ssdb://:pwd@10.0.0.1:8899-SSDB]" time="0.000" /><testcase classname="tests.unit.test_fetcher_sources.TestFetcherInterface" name="test_all_fetchers_have_name_url_enabled" time="0.007" /><testcase classname="tests.unit.test_fetcher_sources.TestFetcherInterface" name="test_all_fetchers_subclass_base" time="0.000" /><testcase classname="tests.unit.test_fetcher_sources.TestFetcherInterface" name="test_all_fetchers_have_fetch_method" time="0.000" /><testcase classname="tests.unit.test_fetcher_sources.TestIp66Fetcher" name="test_fetch" time="0.001" /><testcase classname="tests.unit.test_fetcher_sources.TestKxdailiFetcher" name="test_fetch" time="0.001" /><testcase classname="tests.unit.test_fetcher_sources.TestIp3366Fetcher" name="test_fetch" time="0.001" /><testcase classname="tests.unit.test_fetcher_sources.TestJiangxianliFetcher" name="test_fetch" time="0.001" /><testcase classname="tests.unit.test_fetcher_sources.TestIp89Fetcher" name="test_fetch" time="0.001" /><testcase classname="tests.unit.test_fetcher_sources.TestDocipFetcher" name="test_fetch" time="0.001" /><testcase classname="tests.unit.test_fetcher_sources.TestGoodipsFetcher" name="test_fetch" time="0.001" /><testcase classname="tests.unit.test_fetcher_sources.TestGeonodeFetcher" name="test_fetch_json" time="0.001" /><testcase classname="tests.unit.test_fetcher_sources.TestGeonodeFetcher" name="test_fetch_text_fallback" time="0.001" /><testcase classname="tests.unit.test_fetcher_sources.TestKuaidailiFetcher" name="test_fetch" time="0.001" /><testcase classname="tests.unit.test_fetcher_sources.TestFreeVPNNodeFetcher" name="test_fetch" time="0.001" /><testcase classname="tests.unit.test_fetcher_sources.TestScdnFetcher" name="test_fetch_json" time="0.001" /><testcase classname="tests.unit.test_fetcher_sources.TestScdnFetcher" name="test_fetch_table_html" time="0.001" /><testcase classname="tests.unit.test_fetcher_sources.TestZdayeFetcher" name="test_fetch_recent" time="0.002" /><testcase classname="tests.unit.test_fetcher_sources.TestZdayeFetcher" name="test_fetch_old_returns_empty" time="0.001" /><testcase classname="tests.unit.test_fetcher_sources.TestZdayeFetcher" name="test_fetch_old_cross_day_returns_empty" time="5.006" /><testcase classname="tests.unit.test_fetcher_sources.TestIhuanFetcher" name="test_fetch" time="0.003" /><testcase classname="tests.unit.test_fetcher_sources.TestIhuanFetcher" name="test_fetch_empty_table_returns_empty" time="0.003" /><testcase classname="tests.unit.test_fetcher_sources.TestProxiFlyFetcher" name="test_fetch" time="0.003" /><testcase classname="tests.unit.test_fetcher_sources.TestProxiFlyFetcher" name="test_fetch_filters_non_cn" time="0.003" /><testcase classname="tests.unit.test_fetcher_sources.TestProxiFlyFetcher" name="test_fetch_filters_non_http" time="0.003" /><testcase classname="tests.unit.test_proxy.TestProxyInit" name="test_default_values" time="0.001" /><testcase classname="tests.unit.test_proxy.TestProxyInit" name="test_custom_values" time="0.001" /><testcase classname="tests.unit.test_proxy.TestProxyInit" name="test_source_with_slash" time="0.001" /><testcase classname="tests.unit.test_proxy.TestProxySerialization" name="test_to_dict_keys" time="0.001" /><testcase classname="tests.unit.test_proxy.TestProxySerialization" name="test_to_dict_values" time="0.001" /><testcase classname="tests.unit.test_proxy.TestProxySerialization" name="test_to_json_is_valid_json" time="0.001" /><testcase classname="tests.unit.test_proxy.TestProxySerialization" name="test_create_from_json_roundtrip" time="0.001" /><testcase classname="tests.unit.test_proxy.TestProxySerialization" name="test_create_from_json_minimal" time="0.001" /><testcase classname="tests.unit.test_proxy.TestProxySerialization" name="test_create_from_json_with_slash_source" time="0.001" /><testcase classname="tests.unit.test_proxy.TestProxySerialization" name="test_to_dict_to_json_consistency" time="0.001" /><testcase classname="tests.unit.test_proxy.TestProxySetters" name="test_fail_count_setter" time="0.001" /><testcase classname="tests.unit.test_proxy.TestProxySetters" name="test_check_count_setter" time="0.001" /><testcase classname="tests.unit.test_proxy.TestProxySetters" name="test_last_status_setter" time="0.001" /><testcase classname="tests.unit.test_proxy.TestProxySetters" name="test_last_time_setter" time="0.001" /><testcase classname="tests.unit.test_proxy.TestProxySetters" name="test_https_setter" time="0.001" /><testcase classname="tests.unit.test_proxy.TestProxySetters" name="test_region_setter" time="0.001" /><testcase classname="tests.unit.test_proxy.TestProxyAddSource" name="test_add_source" time="0.000" /><testcase classname="tests.unit.test_proxy.TestProxyAddSource" name="test_add_source_dedup" time="0.000" /><testcase classname="tests.unit.test_proxy.TestProxyAddSource" name="test_add_source_empty_string" time="0.000" /><testcase classname="tests.unit.test_proxy.TestProxyAddSource" name="test_add_source_none" time="0.000" /><testcase classname="tests.unit.test_validator.TestIPRegex" name="test_valid_proxy_format[1.2.3.4:8080]" time="0.001" /><testcase classname="tests.unit.test_validator.TestIPRegex" name="test_valid_proxy_format[192.168.1.1:3128]" time="0.000" /><testcase classname="tests.unit.test_validator.TestIPRegex" name="test_valid_proxy_format[10.0.0.1:80]" time="0.000" /><testcase classname="tests.unit.test_validator.TestIPRegex" name="test_valid_proxy_format[255.255.255.255:65535]" time="0.000" /><testcase classname="tests.unit.test_validator.TestIPRegex" name="test_valid_proxy_format[0.0.0.0:1]" time="0.000" /><testcase classname="tests.unit.test_validator.TestIPRegex" name="test_valid_proxy_format[1.2.3.4:99999]" time="0.000" /><testcase classname="tests.unit.test_validator.TestIPRegex" name="test_valid_proxy_format[999.1.1.1:80]" time="0.000" /><testcase classname="tests.unit.test_validator.TestIPRegex" name="test_valid_proxy_format[user:pass@1.2.3.4:8080]" time="0.000" /><testcase classname="tests.unit.test_validator.TestIPRegex" name="test_valid_proxy_format[admin:secret@192.168.1.1:443]" time="0.000" /><testcase classname="tests.unit.test_validator.TestIPRegex" name="test_invalid_proxy_format[]" time="0.000" /><testcase classname="tests.unit.test_validator.TestIPRegex" name="test_invalid_proxy_format[abc]" time="0.000" /><testcase classname="tests.unit.test_validator.TestIPRegex" name="test_invalid_proxy_format[1.2.3.4]" time="0.000" /><testcase classname="tests.unit.test_validator.TestIPRegex" name="test_invalid_proxy_format[1.2.3.4:]" time="0.000" /><testcase classname="tests.unit.test_validator.TestIPRegex" name="test_invalid_proxy_format[:8080]" time="0.000" /><testcase classname="tests.unit.test_validator.TestIPRegex" name="test_invalid_proxy_format[1.2.3.4:abc]" time="0.000" /><testcase classname="tests.unit.test_validator.TestIPRegex" name="test_invalid_proxy_format[1.2.3.4:8080:extra]" time="0.000" /><testcase classname="tests.unit.test_validator.TestIPRegex" name="test_invalid_proxy_format[host:8080]" time="0.000" /><testcase classname="tests.unit.test_validator.TestFormatValidator" name="test_valid_returns_true[1.2.3.4:8080]" time="0.001" /><testcase classname="tests.unit.test_validator.TestFormatValidator" name="test_valid_returns_true[192.168.1.1:3128]" time="0.000" /><testcase classname="tests.unit.test_validator.TestFormatValidator" name="test_valid_returns_true[user:pass@10.0.0.1:80]" time="0.000" /><testcase classname="tests.unit.test_validator.TestFormatValidator" name="test_invalid_returns_false[]" time="0.000" /><testcase classname="tests.unit.test_validator.TestFormatValidator" name="test_invalid_returns_false[abc]" time="0.000" /><testcase classname="tests.unit.test_validator.TestFormatValidator" name="test_invalid_returns_false[1.2.3.4]" time="0.000" /></testsuite></testsuites>