<?xml version="1.0" encoding="utf-8"?><testsuites name="pytest tests"><testsuite name="pytest" errors="44" failures="0" skipped="0" tests="44" time="2.207" timestamp="2026-06-06T23:22:28.568126+00:00" hostname="6f5c16f7ca2b"><testcase classname="" name="artifacts_test" time="0.000"><error message="collection failure">ImportError while importing test module '/repo/artifacts_test.py'.
Hint: make sure your test modules/packages have valid Python names.
Traceback:
/usr/local/lib/python3.10/importlib/__init__.py:126: in import_module
    return _bootstrap._gcd_import(name[level:], package, level)
artifacts_test.py:25: in &lt;module&gt;
    from sdcm.argus_results import send_iotune_results_to_argus
sdcm/argus_results.py:22: in &lt;module&gt;
    from argus.client import ArgusClient
argus/client/__init__.py:1: in &lt;module&gt;
    from argus.client.base import ArgusClient
argus/client/base.py:10: in &lt;module&gt;
    from argus.client.session import create_session
argus/client/session.py:7: in &lt;module&gt;
    from datetime import UTC, datetime
E   ImportError: cannot import name 'UTC' from 'datetime' (/usr/local/lib/python3.10/datetime.py)</error></testcase><testcase classname="" name="cdc_replication_test" time="0.000"><error message="collection failure">ImportError while importing test module '/repo/cdc_replication_test.py'.
Hint: make sure your test modules/packages have valid Python names.
Traceback:
/usr/local/lib/python3.10/importlib/__init__.py:126: in import_module
    return _bootstrap._gcd_import(name[level:], package, level)
cdc_replication_test.py:25: in &lt;module&gt;
    from cassandra import ConsistencyLevel
E   ModuleNotFoundError: No module named 'cassandra'</error></testcase><testcase classname="" name="functional_tests.scylla_operator" time="0.000"><error message="collection failure">/usr/local/lib/python3.10/importlib/__init__.py:126: in import_module
    return _bootstrap._gcd_import(name[level:], package, level)
&lt;frozen importlib._bootstrap&gt;:1050: in _gcd_import
    ???
&lt;frozen importlib._bootstrap&gt;:1027: in _find_and_load
    ???
&lt;frozen importlib._bootstrap&gt;:1006: in _find_and_load_unlocked
    ???
&lt;frozen importlib._bootstrap&gt;:688: in _load_unlocked
    ???
/usr/local/lib/python3.10/site-packages/_pytest/assertion/rewrite.py:197: in exec_module
    exec(co, module.__dict__)
functional_tests/scylla_operator/conftest.py:25: in &lt;module&gt;
    from deepdiff import DeepDiff
E   ModuleNotFoundError: No module named 'deepdiff'</error></testcase><testcase classname="" name="gemini_test" time="0.000"><error message="collection failure">ImportError while importing test module '/repo/gemini_test.py'.
Hint: make sure your test modules/packages have valid Python names.
Traceback:
/usr/local/lib/python3.10/importlib/__init__.py:126: in import_module
    return _bootstrap._gcd_import(name[level:], package, level)
gemini_test.py:18: in &lt;module&gt;
    from sdcm.tester import ClusterTester
sdcm/tester.py:37: in &lt;module&gt;
    import botocore
E   ModuleNotFoundError: No module named 'botocore'</error></testcase><testcase classname="" name="grow_cluster_test" time="0.000"><error message="collection failure">ImportError while importing test module '/repo/grow_cluster_test.py'.
Hint: make sure your test modules/packages have valid Python names.
Traceback:
/usr/local/lib/python3.10/importlib/__init__.py:126: in import_module
    return _bootstrap._gcd_import(name[level:], package, level)
grow_cluster_test.py:20: in &lt;module&gt;
    from sdcm.nemesis.monkey import DecommissionMonkey
sdcm/nemesis/__init__.py:42: in &lt;module&gt;
    from cassandra import ConsistencyLevel, InvalidRequest
E   ModuleNotFoundError: No module named 'cassandra'</error></testcase><testcase classname="" name="ics_space_amplification_goal_test" time="0.000"><error message="collection failure">ImportError while importing test module '/repo/ics_space_amplification_goal_test.py'.
Hint: make sure your test modules/packages have valid Python names.
Traceback:
/usr/local/lib/python3.10/importlib/__init__.py:126: in import_module
    return _bootstrap._gcd_import(name[level:], package, level)
ics_space_amplification_goal_test.py:19: in &lt;module&gt;
    from longevity_test import LongevityTest
longevity_test.py:25: in &lt;module&gt;
    from cassandra import AlreadyExists, InvalidRequest
E   ModuleNotFoundError: No module named 'cassandra'</error></testcase><testcase classname="" name="jepsen_test" time="0.000"><error message="collection failure">ImportError while importing test module '/repo/jepsen_test.py'.
Hint: make sure your test modules/packages have valid Python names.
Traceback:
/usr/local/lib/python3.10/importlib/__init__.py:126: in import_module
    return _bootstrap._gcd_import(name[level:], package, level)
jepsen_test.py:19: in &lt;module&gt;
    from sdcm.remote import shell_script_cmd
sdcm/remote/__init__.py:14: in &lt;module&gt;
    from .local_cmd_runner import LocalCmdRunner
sdcm/remote/local_cmd_runner.py:19: in &lt;module&gt;
    from fabric import Connection
E   ModuleNotFoundError: No module named 'fabric'</error></testcase><testcase classname="" name="longevity_alternator_ttl_test" time="0.000"><error message="collection failure">ImportError while importing test module '/repo/longevity_alternator_ttl_test.py'.
Hint: make sure your test modules/packages have valid Python names.
Traceback:
/usr/local/lib/python3.10/importlib/__init__.py:126: in import_module
    return _bootstrap._gcd_import(name[level:], package, level)
longevity_alternator_ttl_test.py:3: in &lt;module&gt;
    from longevity_test import LongevityTest
longevity_test.py:25: in &lt;module&gt;
    from cassandra import AlreadyExists, InvalidRequest
E   ModuleNotFoundError: No module named 'cassandra'</error></testcase><testcase classname="" name="longevity_balancer_test" time="0.000"><error message="collection failure">ImportError while importing test module '/repo/longevity_balancer_test.py'.
Hint: make sure your test modules/packages have valid Python names.
Traceback:
/usr/local/lib/python3.10/importlib/__init__.py:126: in import_module
    return _bootstrap._gcd_import(name[level:], package, level)
longevity_balancer_test.py:19: in &lt;module&gt;
    from longevity_test import LongevityTest
longevity_test.py:25: in &lt;module&gt;
    from cassandra import AlreadyExists, InvalidRequest
E   ModuleNotFoundError: No module named 'cassandra'</error></testcase><testcase classname="" name="longevity_large_partition_test" time="0.000"><error message="collection failure">ImportError while importing test module '/repo/longevity_large_partition_test.py'.
Hint: make sure your test modules/packages have valid Python names.
Traceback:
/usr/local/lib/python3.10/importlib/__init__.py:126: in import_module
    return _bootstrap._gcd_import(name[level:], package, level)
longevity_large_partition_test.py:1: in &lt;module&gt;
    from longevity_test import LongevityTest
longevity_test.py:25: in &lt;module&gt;
    from cassandra import AlreadyExists, InvalidRequest
E   ModuleNotFoundError: No module named 'cassandra'</error></testcase><testcase classname="" name="longevity_lwt_test" time="0.000"><error message="collection failure">ImportError while importing test module '/repo/longevity_lwt_test.py'.
Hint: make sure your test modules/packages have valid Python names.
Traceback:
/usr/local/lib/python3.10/importlib/__init__.py:126: in import_module
    return _bootstrap._gcd_import(name[level:], package, level)
longevity_lwt_test.py:22: in &lt;module&gt;
    from longevity_test import LongevityTest
longevity_test.py:25: in &lt;module&gt;
    from cassandra import AlreadyExists, InvalidRequest
E   ModuleNotFoundError: No module named 'cassandra'</error></testcase><testcase classname="" name="longevity_oos_test" time="0.000"><error message="collection failure">ImportError while importing test module '/repo/longevity_oos_test.py'.
Hint: make sure your test modules/packages have valid Python names.
Traceback:
/usr/local/lib/python3.10/importlib/__init__.py:126: in import_module
    return _bootstrap._gcd_import(name[level:], package, level)
longevity_oos_test.py:18: in &lt;module&gt;
    from longevity_test import LongevityTest
longevity_test.py:25: in &lt;module&gt;
    from cassandra import AlreadyExists, InvalidRequest
E   ModuleNotFoundError: No module named 'cassandra'</error></testcase><testcase classname="" name="longevity_sla_test" time="0.000"><error message="collection failure">ImportError while importing test module '/repo/longevity_sla_test.py'.
Hint: make sure your test modules/packages have valid Python names.
Traceback:
/usr/local/lib/python3.10/importlib/__init__.py:126: in import_module
    return _bootstrap._gcd_import(name[level:], package, level)
longevity_sla_test.py:15: in &lt;module&gt;
    from longevity_test import LongevityTest
longevity_test.py:25: in &lt;module&gt;
    from cassandra import AlreadyExists, InvalidRequest
E   ModuleNotFoundError: No module named 'cassandra'</error></testcase><testcase classname="" name="longevity_test" time="0.000"><error message="collection failure">ImportError while importing test module '/repo/longevity_test.py'.
Hint: make sure your test modules/packages have valid Python names.
Traceback:
/usr/local/lib/python3.10/importlib/__init__.py:126: in import_module
    return _bootstrap._gcd_import(name[level:], package, level)
longevity_test.py:25: in &lt;module&gt;
    from cassandra import AlreadyExists, InvalidRequest
E   ModuleNotFoundError: No module named 'cassandra'</error></testcase><testcase classname="" name="longevity_tombstone_gc_test" time="0.000"><error message="collection failure">ImportError while importing test module '/repo/longevity_tombstone_gc_test.py'.
Hint: make sure your test modules/packages have valid Python names.
Traceback:
/usr/local/lib/python3.10/importlib/__init__.py:126: in import_module
    return _bootstrap._gcd_import(name[level:], package, level)
longevity_tombstone_gc_test.py:6: in &lt;module&gt;
    from longevity_twcs_test import TWCSLongevityTest
longevity_twcs_test.py:5: in &lt;module&gt;
    from longevity_test import LongevityTest
longevity_test.py:25: in &lt;module&gt;
    from cassandra import AlreadyExists, InvalidRequest
E   ModuleNotFoundError: No module named 'cassandra'</error></testcase><testcase classname="" name="longevity_twcs_test" time="0.000"><error message="collection failure">ImportError while importing test module '/repo/longevity_twcs_test.py'.
Hint: make sure your test modules/packages have valid Python names.
Traceback:
/usr/local/lib/python3.10/importlib/__init__.py:126: in import_module
    return _bootstrap._gcd_import(name[level:], package, level)
longevity_twcs_test.py:5: in &lt;module&gt;
    from longevity_test import LongevityTest
longevity_test.py:25: in &lt;module&gt;
    from cassandra import AlreadyExists, InvalidRequest
E   ModuleNotFoundError: No module named 'cassandra'</error></testcase><testcase classname="" name="mgmt_cli_test" time="0.000"><error message="collection failure">ImportError while importing test module '/repo/mgmt_cli_test.py'.
Hint: make sure your test modules/packages have valid Python names.
Traceback:
/usr/local/lib/python3.10/importlib/__init__.py:126: in import_module
    return _bootstrap._gcd_import(name[level:], package, level)
mgmt_cli_test.py:23: in &lt;module&gt;
    from google.api_core.exceptions import Forbidden
E   ModuleNotFoundError: No module named 'google.api_core'</error></testcase><testcase classname="" name="mgmt_upgrade_test" time="0.000"><error message="collection failure">ImportError while importing test module '/repo/mgmt_upgrade_test.py'.
Hint: make sure your test modules/packages have valid Python names.
Traceback:
/usr/local/lib/python3.10/importlib/__init__.py:126: in import_module
    return _bootstrap._gcd_import(name[level:], package, level)
mgmt_upgrade_test.py:17: in &lt;module&gt;
    from sdcm import mgmt
sdcm/mgmt/__init__.py:3: in &lt;module&gt;
    from .common import ScyllaManagerError, TaskStatus, HostStatus, HostSsl, HostRestStatus
sdcm/mgmt/common.py:4: in &lt;module&gt;
    from enum import Enum, StrEnum
E   ImportError: cannot import name 'StrEnum' from 'enum' (/usr/local/lib/python3.10/enum.py)</error></testcase><testcase classname="" name="microbenchmarking_test" time="0.000"><error message="collection failure">ImportError while importing test module '/repo/microbenchmarking_test.py'.
Hint: make sure your test modules/packages have valid Python names.
Traceback:
/usr/local/lib/python3.10/importlib/__init__.py:126: in import_module
    return _bootstrap._gcd_import(name[level:], package, level)
microbenchmarking_test.py:15: in &lt;module&gt;
    from sdcm.argus_results import send_perf_simple_query_result_to_argus
sdcm/argus_results.py:22: in &lt;module&gt;
    from argus.client import ArgusClient
argus/client/__init__.py:1: in &lt;module&gt;
    from argus.client.base import ArgusClient
argus/client/base.py:10: in &lt;module&gt;
    from argus.client.session import create_session
argus/client/session.py:7: in &lt;module&gt;
    from datetime import UTC, datetime
E   ImportError: cannot import name 'UTC' from 'datetime' (/usr/local/lib/python3.10/datetime.py)</error></testcase><testcase classname="" name="performance_regression_alternator_test" time="0.000"><error message="collection failure">ImportError while importing test module '/repo/performance_regression_alternator_test.py'.
Hint: make sure your test modules/packages have valid Python names.
Traceback:
/usr/local/lib/python3.10/importlib/__init__.py:126: in import_module
    return _bootstrap._gcd_import(name[level:], package, level)
performance_regression_alternator_test.py:17: in &lt;module&gt;
    from sdcm.utils import alternator
sdcm/utils/alternator/__init__.py:1: in &lt;module&gt;
    from sdcm.utils.alternator import api
sdcm/utils/alternator/api.py:10: in &lt;module&gt;
    import boto3
E   ModuleNotFoundError: No module named 'boto3'</error></testcase><testcase classname="" name="performance_regression_cdc_test" time="0.000"><error message="collection failure">ImportError while importing test module '/repo/performance_regression_cdc_test.py'.
Hint: make sure your test modules/packages have valid Python names.
Traceback:
/usr/local/lib/python3.10/importlib/__init__.py:126: in import_module
    return _bootstrap._gcd_import(name[level:], package, level)
performance_regression_cdc_test.py:4: in &lt;module&gt;
    from sdcm.cluster import BaseNode, UnexpectedExit, Failure
sdcm/cluster.py:50: in &lt;module&gt;
    from paramiko import SSHException
E   ModuleNotFoundError: No module named 'paramiko'</error></testcase><testcase classname="" name="performance_regression_lwt_test" time="0.000"><error message="collection failure">ImportError while importing test module '/repo/performance_regression_lwt_test.py'.
Hint: make sure your test modules/packages have valid Python names.
Traceback:
/usr/local/lib/python3.10/importlib/__init__.py:126: in import_module
    return _bootstrap._gcd_import(name[level:], package, level)
performance_regression_lwt_test.py:18: in &lt;module&gt;
    from performance_regression_test import PerformanceRegressionTest
performance_regression_test.py:22: in &lt;module&gt;
    from cassandra.query import SimpleStatement
E   ModuleNotFoundError: No module named 'cassandra'</error></testcase><testcase classname="" name="performance_regression_manager_backup_test" time="0.000"><error message="collection failure">ImportError while importing test module '/repo/performance_regression_manager_backup_test.py'.
Hint: make sure your test modules/packages have valid Python names.
Traceback:
/usr/local/lib/python3.10/importlib/__init__.py:126: in import_module
    return _bootstrap._gcd_import(name[level:], package, level)
performance_regression_manager_backup_test.py:16: in &lt;module&gt;
    from performance_regression_test import PerformanceRegressionTest
performance_regression_test.py:22: in &lt;module&gt;
    from cassandra.query import SimpleStatement
E   ModuleNotFoundError: No module named 'cassandra'</error></testcase><testcase classname="" name="performance_regression_row_level_repair_test" time="0.000"><error message="collection failure">ImportError while importing test module '/repo/performance_regression_row_level_repair_test.py'.
Hint: make sure your test modules/packages have valid Python names.
Traceback:
/usr/local/lib/python3.10/importlib/__init__.py:126: in import_module
    return _bootstrap._gcd_import(name[level:], package, level)
performance_regression_row_level_repair_test.py:21: in &lt;module&gt;
    from sdcm.tester import ClusterTester
sdcm/tester.py:37: in &lt;module&gt;
    import botocore
E   ModuleNotFoundError: No module named 'botocore'</error></testcase><testcase classname="" name="performance_regression_test" time="0.000"><error message="collection failure">ImportError while importing test module '/repo/performance_regression_test.py'.
Hint: make sure your test modules/packages have valid Python names.
Traceback:
/usr/local/lib/python3.10/importlib/__init__.py:126: in import_module
    return _bootstrap._gcd_import(name[level:], package, level)
performance_regression_test.py:22: in &lt;module&gt;
    from cassandra.query import SimpleStatement
E   ModuleNotFoundError: No module named 'cassandra'</error></testcase><testcase classname="" name="performance_regression_user_profiles_test" time="0.000"><error message="collection failure">ImportError while importing test module '/repo/performance_regression_user_profiles_test.py'.
Hint: make sure your test modules/packages have valid Python names.
Traceback:
/usr/local/lib/python3.10/importlib/__init__.py:126: in import_module
    return _bootstrap._gcd_import(name[level:], package, level)
performance_regression_user_profiles_test.py:18: in &lt;module&gt;
    from sdcm.tester import ClusterTester
sdcm/tester.py:37: in &lt;module&gt;
    import botocore
E   ModuleNotFoundError: No module named 'botocore'</error></testcase><testcase classname="" name="performance_scale_up_test" time="0.000"><error message="collection failure">ImportError while importing test module '/repo/performance_scale_up_test.py'.
Hint: make sure your test modules/packages have valid Python names.
Traceback:
/usr/local/lib/python3.10/importlib/__init__.py:126: in import_module
    return _bootstrap._gcd_import(name[level:], package, level)
performance_scale_up_test.py:3: in &lt;module&gt;
    from sdcm.cluster import BaseNode
sdcm/cluster.py:50: in &lt;module&gt;
    from paramiko import SSHException
E   ModuleNotFoundError: No module named 'paramiko'</error></testcase><testcase classname="" name="performance_search_max_throughput_test" time="0.000"><error message="collection failure">ImportError while importing test module '/repo/performance_search_max_throughput_test.py'.
Hint: make sure your test modules/packages have valid Python names.
Traceback:
/usr/local/lib/python3.10/importlib/__init__.py:126: in import_module
    return _bootstrap._gcd_import(name[level:], package, level)
performance_search_max_throughput_test.py:7: in &lt;module&gt;
    from performance_regression_test import PerformanceRegressionTest
performance_regression_test.py:22: in &lt;module&gt;
    from cassandra.query import SimpleStatement
E   ModuleNotFoundError: No module named 'cassandra'</error></testcase><testcase classname="" name="platform_migration_test" time="0.000"><error message="collection failure">ImportError while importing test module '/repo/platform_migration_test.py'.
Hint: make sure your test modules/packages have valid Python names.
Traceback:
/usr/local/lib/python3.10/importlib/__init__.py:126: in import_module
    return _bootstrap._gcd_import(name[level:], package, level)
platform_migration_test.py:18: in &lt;module&gt;
    from longevity_test import LongevityTest
longevity_test.py:25: in &lt;module&gt;
    from cassandra import AlreadyExists, InvalidRequest
E   ModuleNotFoundError: No module named 'cassandra'</error></testcase><testcase classname="" name="scylla_cloud_e2e_test" time="0.000"><error message="collection failure">ImportError while importing test module '/repo/scylla_cloud_e2e_test.py'.
Hint: make sure your test modules/packages have valid Python names.
Traceback:
/usr/local/lib/python3.10/importlib/__init__.py:126: in import_module
    return _bootstrap._gcd_import(name[level:], package, level)
scylla_cloud_e2e_test.py:26: in &lt;module&gt;
    from cassandra.query import BatchStatement
E   ModuleNotFoundError: No module named 'cassandra'</error></testcase><testcase classname="" name="sdcm.test_config" time="0.000"><error message="collection failure">ImportError while importing test module '/repo/sdcm/test_config.py'.
Hint: make sure your test modules/packages have valid Python names.
Traceback:
/usr/local/lib/python3.10/importlib/__init__.py:126: in import_module
    return _bootstrap._gcd_import(name[level:], package, level)
sdcm/test_config.py:12: in &lt;module&gt;
    from argus.client.sct.client import ArgusSCTClient
argus/client/__init__.py:1: in &lt;module&gt;
    from argus.client.base import ArgusClient
argus/client/base.py:10: in &lt;module&gt;
    from argus.client.session import create_session
argus/client/session.py:7: in &lt;module&gt;
    from datetime import UTC, datetime
E   ImportError: cannot import name 'UTC' from 'datetime' (/usr/local/lib/python3.10/datetime.py)</error></testcase><testcase classname="" name="sdcm.utils.bisect_test" time="0.000"><error message="collection failure">ImportError while importing test module '/repo/sdcm/utils/bisect_test.py'.
Hint: make sure your test modules/packages have valid Python names.
Traceback:
/usr/local/lib/python3.10/importlib/__init__.py:126: in import_module
    return _bootstrap._gcd_import(name[level:], package, level)
sdcm/utils/bisect_test.py:18: in &lt;module&gt;
    import boto3
E   ModuleNotFoundError: No module named 'boto3'</error></testcase><testcase classname="" name="sla_per_user_system_test" time="0.000"><error message="collection failure">ImportError while importing test module '/repo/sla_per_user_system_test.py'.
Hint: make sure your test modules/packages have valid Python names.
Traceback:
/usr/local/lib/python3.10/importlib/__init__.py:126: in import_module
    return _bootstrap._gcd_import(name[level:], package, level)
sla_per_user_system_test.py:19: in &lt;module&gt;
    from longevity_test import LongevityTest
longevity_test.py:25: in &lt;module&gt;
    from cassandra import AlreadyExists, InvalidRequest
E   ModuleNotFoundError: No module named 'cassandra'</error></testcase><testcase classname="" name="snitch_test" time="0.000"><error message="collection failure">ImportError while importing test module '/repo/snitch_test.py'.
Hint: make sure your test modules/packages have valid Python names.
Traceback:
/usr/local/lib/python3.10/importlib/__init__.py:126: in import_module
    return _bootstrap._gcd_import(name[level:], package, level)
snitch_test.py:16: in &lt;module&gt;
    from sdcm.tester import ClusterTester
sdcm/tester.py:37: in &lt;module&gt;
    import botocore
E   ModuleNotFoundError: No module named 'botocore'</error></testcase><testcase classname="" name="spark_migrator_test" time="0.000"><error message="collection failure">ImportError while importing test module '/repo/spark_migrator_test.py'.
Hint: make sure your test modules/packages have valid Python names.
Traceback:
/usr/local/lib/python3.10/importlib/__init__.py:126: in import_module
    return _bootstrap._gcd_import(name[level:], package, level)
spark_migrator_test.py:24: in &lt;module&gt;
    from cassandra import ConsistencyLevel
E   ModuleNotFoundError: No module named 'cassandra'</error></testcase><testcase classname="" name="tablet_split_merge_test" time="0.000"><error message="collection failure">ImportError while importing test module '/repo/tablet_split_merge_test.py'.
Hint: make sure your test modules/packages have valid Python names.
Traceback:
/usr/local/lib/python3.10/importlib/__init__.py:126: in import_module
    return _bootstrap._gcd_import(name[level:], package, level)
tablet_split_merge_test.py:16: in &lt;module&gt;
    from enum import StrEnum
E   ImportError: cannot import name 'StrEnum' from 'enum' (/usr/local/lib/python3.10/enum.py)</error></testcase><testcase classname="" name="test_add_remove_ldap_role_permission" time="0.000"><error message="collection failure">ImportError while importing test module '/repo/test_add_remove_ldap_role_permission.py'.
Hint: make sure your test modules/packages have valid Python names.
Traceback:
/usr/local/lib/python3.10/importlib/__init__.py:126: in import_module
    return _bootstrap._gcd_import(name[level:], package, level)
test_add_remove_ldap_role_permission.py:4: in &lt;module&gt;
    from cassandra import Unauthorized
E   ModuleNotFoundError: No module named 'cassandra'</error></testcase><testcase classname="" name="throughput_limit_test" time="0.000"><error message="collection failure">ImportError while importing test module '/repo/throughput_limit_test.py'.
Hint: make sure your test modules/packages have valid Python names.
Traceback:
/usr/local/lib/python3.10/importlib/__init__.py:126: in import_module
    return _bootstrap._gcd_import(name[level:], package, level)
throughput_limit_test.py:18: in &lt;module&gt;
    from sdcm.cluster import BaseNode
sdcm/cluster.py:50: in &lt;module&gt;
    from paramiko import SSHException
E   ModuleNotFoundError: No module named 'paramiko'</error></testcase><testcase classname="" name="uda_udf_test" time="0.000"><error message="collection failure">ImportError while importing test module '/repo/uda_udf_test.py'.
Hint: make sure your test modules/packages have valid Python names.
Traceback:
/usr/local/lib/python3.10/importlib/__init__.py:126: in import_module
    return _bootstrap._gcd_import(name[level:], package, level)
uda_udf_test.py:3: in &lt;module&gt;
    from sdcm.cluster import BaseNode
sdcm/cluster.py:50: in &lt;module&gt;
    from paramiko import SSHException
E   ModuleNotFoundError: No module named 'paramiko'</error></testcase><testcase classname="" name="unit_tests" time="0.000"><error message="collection failure">/usr/local/lib/python3.10/importlib/__init__.py:126: in import_module
    return _bootstrap._gcd_import(name[level:], package, level)
&lt;frozen importlib._bootstrap&gt;:1050: in _gcd_import
    ???
&lt;frozen importlib._bootstrap&gt;:1027: in _find_and_load
    ???
&lt;frozen importlib._bootstrap&gt;:1006: in _find_and_load_unlocked
    ???
&lt;frozen importlib._bootstrap&gt;:688: in _load_unlocked
    ???
/usr/local/lib/python3.10/site-packages/_pytest/assertion/rewrite.py:197: in exec_module
    exec(co, module.__dict__)
unit_tests/conftest.py:29: in &lt;module&gt;
    from sdcm import sct_config
E     File "/repo/sdcm/sct_config.py", line 475
E       except json.JSONDecodeError, ValueError:
E              ^^^^^^^^^^^^^^^^^^^^^^^^^^^^^^^^
E   SyntaxError: multiple exception types must be parenthesized</error></testcase><testcase classname="" name="upgrade_schema_test" time="0.000"><error message="collection failure">ImportError while importing test module '/repo/upgrade_schema_test.py'.
Hint: make sure your test modules/packages have valid Python names.
Traceback:
/usr/local/lib/python3.10/importlib/__init__.py:126: in import_module
    return _bootstrap._gcd_import(name[level:], package, level)
upgrade_schema_test.py:22: in &lt;module&gt;
    from cassandra.cluster import Cluster
E   ModuleNotFoundError: No module named 'cassandra'</error></testcase><testcase classname="" name="upgrade_test" time="0.000"><error message="collection failure">ImportError while importing test module '/repo/upgrade_test.py'.
Hint: make sure your test modules/packages have valid Python names.
Traceback:
/usr/local/lib/python3.10/importlib/__init__.py:126: in import_module
    return _bootstrap._gcd_import(name[level:], package, level)
upgrade_test.py:26: in &lt;module&gt;
    import cassandra
E   ModuleNotFoundError: No module named 'cassandra'</error></testcase><testcase classname="" name="vnode_to_tablet_migration_test" time="0.000"><error message="collection failure">ImportError while importing test module '/repo/vnode_to_tablet_migration_test.py'.
Hint: make sure your test modules/packages have valid Python names.
Traceback:
/usr/local/lib/python3.10/importlib/__init__.py:126: in import_module
    return _bootstrap._gcd_import(name[level:], package, level)
vnode_to_tablet_migration_test.py:17: in &lt;module&gt;
    from enum import StrEnum
E   ImportError: cannot import name 'StrEnum' from 'enum' (/usr/local/lib/python3.10/enum.py)</error></testcase><testcase classname="" name="ycsb_performance_regression_test" time="0.000"><error message="collection failure">ImportError while importing test module '/repo/ycsb_performance_regression_test.py'.
Hint: make sure your test modules/packages have valid Python names.
Traceback:
/usr/local/lib/python3.10/importlib/__init__.py:126: in import_module
    return _bootstrap._gcd_import(name[level:], package, level)
ycsb_performance_regression_test.py:20: in &lt;module&gt;
    from performance_regression_test import PerformanceRegressionTest
performance_regression_test.py:22: in &lt;module&gt;
    from cassandra.query import SimpleStatement
E   ModuleNotFoundError: No module named 'cassandra'</error></testcase></testsuite></testsuites>