<?xml version="1.0" encoding="utf-8"?><testsuites name="pytest tests"><testsuite name="pytest" errors="0" failures="0" skipped="0" tests="27" time="0.497" timestamp="2026-06-06T22:23:31.030102+00:00" hostname="cff2aea136b1"><testcase classname="src.mcpo.tests.test_hot_reload" name="test_validate_server_config_stdio" time="0.001" /><testcase classname="src.mcpo.tests.test_hot_reload" name="test_validate_server_config_sse" time="0.000" /><testcase classname="src.mcpo.tests.test_hot_reload" name="test_validate_server_config_invalid" time="0.000" /><testcase classname="src.mcpo.tests.test_hot_reload" name="test_validate_server_config_missing_url" time="0.000" /><testcase classname="src.mcpo.tests.test_hot_reload" name="test_validate_server_config_disabled_tools_valid" time="0.000" /><testcase classname="src.mcpo.tests.test_hot_reload" name="test_validate_server_config_disabled_tools_invalid" time="0.000" /><testcase classname="src.mcpo.tests.test_hot_reload" name="test_load_config_valid" time="0.001" /><testcase classname="src.mcpo.tests.test_hot_reload" name="test_load_config_invalid_json" time="0.001" /><testcase classname="src.mcpo.tests.test_hot_reload" name="test_load_config_missing_servers" time="0.001" /><testcase classname="src.mcpo.tests.test_hot_reload" name="test_reload_config_handler" time="0.002" /><testcase classname="src.mcpo.tests.test_hot_reload" name="test_config_watcher_initialization" time="0.001" /><testcase classname="src.mcpo.tests.test_main" name="test_process_simple_string_required" time="0.000" /><testcase classname="src.mcpo.tests.test_main" name="test_process_simple_integer_optional" time="0.000" /><testcase classname="src.mcpo.tests.test_main" name="test_process_simple_boolean_optional_no_default" time="0.000" /><testcase classname="src.mcpo.tests.test_main" name="test_process_simple_number" time="0.000" /><testcase classname="src.mcpo.tests.test_main" name="test_process_null" time="0.000" /><testcase classname="src.mcpo.tests.test_main" name="test_process_unknown_type" time="0.000" /><testcase classname="src.mcpo.tests.test_main" name="test_process_array_of_strings" time="0.000" /><testcase classname="src.mcpo.tests.test_main" name="test_process_array_of_any_missing_items" time="0.000" /><testcase classname="src.mcpo.tests.test_main" name="test_process_simple_object" time="0.001" /><testcase classname="src.mcpo.tests.test_main" name="test_process_nested_object" time="0.001" /><testcase classname="src.mcpo.tests.test_main" name="test_process_array_of_objects" time="0.001" /><testcase classname="src.mcpo.tests.test_main" name="test_process_empty_object" time="0.000" /><testcase classname="src.mcpo.tests.test_main" name="test_model_caching" time="0.001" /><testcase classname="src.mcpo.tests.test_main" name="test_multi_type_property_with_list" time="0.000" /><testcase classname="src.mcpo.tests.test_main" name="test_multi_type_property_with_any_of" time="0.001" /><testcase classname="src.mcpo.tests.test_main" name="test_ref_to_parent_node" time="0.000" /></testsuite></testsuites>