<?xml version="1.0" encoding="utf-8"?><testsuites name="pytest tests"><testsuite name="pytest" errors="32" failures="0" skipped="0" tests="32" time="0.316" timestamp="2026-06-06T22:34:40.961400+00:00" hostname="fb8413ce8e38"><testcase classname="" name="src.auth.tests._async.test_gotrue" time="0.000"><error message="collection failure">ImportError while importing test module '/repo/src/auth/tests/_async/test_gotrue.py'.
Hint: make sure your test modules/packages have valid Python names.
Traceback:
/usr/local/lib/python3.10/importlib/__init__.py:126: in import_module
    return _bootstrap._gcd_import(name[level:], package, level)
src/auth/tests/_async/test_gotrue.py:5: in &lt;module&gt;
    from jwt import encode
E   ModuleNotFoundError: No module named 'jwt'</error></testcase><testcase classname="" name="src.auth.tests._async.test_gotrue_admin_api" time="0.000"><error message="collection failure">ImportError while importing test module '/repo/src/auth/tests/_async/test_gotrue_admin_api.py'.
Hint: make sure your test modules/packages have valid Python names.
Traceback:
/usr/local/lib/python3.10/importlib/__init__.py:126: in import_module
    return _bootstrap._gcd_import(name[level:], package, level)
src/auth/tests/_async/test_gotrue_admin_api.py:2: in &lt;module&gt;
    from supabase_auth.errors import (
E   ModuleNotFoundError: No module named 'supabase_auth'</error></testcase><testcase classname="" name="src.auth.tests._async.test_utils" time="0.000"><error message="collection failure">ImportError while importing test module '/repo/src/auth/tests/_async/test_utils.py'.
Hint: make sure your test modules/packages have valid Python names.
Traceback:
/usr/local/lib/python3.10/importlib/__init__.py:126: in import_module
    return _bootstrap._gcd_import(name[level:], package, level)
src/auth/tests/_async/test_utils.py:3: in &lt;module&gt;
    from .clients import (
src/auth/tests/_async/clients.py:6: in &lt;module&gt;
    from faker import Faker
E   ModuleNotFoundError: No module named 'faker'</error></testcase><testcase classname="" name="src.auth.tests._sync.test_gotrue" time="0.000"><error message="collection failure">ImportError while importing test module '/repo/src/auth/tests/_sync/test_gotrue.py'.
Hint: make sure your test modules/packages have valid Python names.
Traceback:
/usr/local/lib/python3.10/importlib/__init__.py:126: in import_module
    return _bootstrap._gcd_import(name[level:], package, level)
src/auth/tests/_sync/test_gotrue.py:5: in &lt;module&gt;
    from jwt import encode
E   ModuleNotFoundError: No module named 'jwt'</error></testcase><testcase classname="" name="src.auth.tests._sync.test_gotrue_admin_api" time="0.000"><error message="collection failure">ImportError while importing test module '/repo/src/auth/tests/_sync/test_gotrue_admin_api.py'.
Hint: make sure your test modules/packages have valid Python names.
Traceback:
/usr/local/lib/python3.10/importlib/__init__.py:126: in import_module
    return _bootstrap._gcd_import(name[level:], package, level)
src/auth/tests/_sync/test_gotrue_admin_api.py:2: in &lt;module&gt;
    from supabase_auth.errors import (
E   ModuleNotFoundError: No module named 'supabase_auth'</error></testcase><testcase classname="" name="src.auth.tests._sync.test_utils" time="0.000"><error message="collection failure">ImportError while importing test module '/repo/src/auth/tests/_sync/test_utils.py'.
Hint: make sure your test modules/packages have valid Python names.
Traceback:
/usr/local/lib/python3.10/importlib/__init__.py:126: in import_module
    return _bootstrap._gcd_import(name[level:], package, level)
src/auth/tests/_sync/test_utils.py:3: in &lt;module&gt;
    from .clients import (
src/auth/tests/_sync/clients.py:6: in &lt;module&gt;
    from faker import Faker
E   ModuleNotFoundError: No module named 'faker'</error></testcase><testcase classname="" name="src.auth.tests.test_helpers" time="0.000"><error message="collection failure">ImportError while importing test module '/repo/src/auth/tests/test_helpers.py'.
Hint: make sure your test modules/packages have valid Python names.
Traceback:
/usr/local/lib/python3.10/importlib/__init__.py:126: in import_module
    return _bootstrap._gcd_import(name[level:], package, level)
src/auth/tests/test_helpers.py:6: in &lt;module&gt;
    import respx
E   ModuleNotFoundError: No module named 'respx'</error></testcase><testcase classname="" name="src.functions.tests._async.test_function_client" time="0.000"><error message="collection failure">ImportError while importing test module '/repo/src/functions/tests/_async/test_function_client.py'.
Hint: make sure your test modules/packages have valid Python names.
Traceback:
/usr/local/lib/python3.10/importlib/__init__.py:126: in import_module
    return _bootstrap._gcd_import(name[level:], package, level)
E   ModuleNotFoundError: No module named 'tests._async.test_function_client'</error></testcase><testcase classname="" name="src.functions.tests._sync.test_function_client" time="0.000"><error message="collection failure">ImportError while importing test module '/repo/src/functions/tests/_sync/test_function_client.py'.
Hint: make sure your test modules/packages have valid Python names.
Traceback:
/usr/local/lib/python3.10/importlib/__init__.py:126: in import_module
    return _bootstrap._gcd_import(name[level:], package, level)
E   ModuleNotFoundError: No module named 'tests._sync.test_function_client'</error></testcase><testcase classname="" name="src.functions.tests.test_client" time="0.000"><error message="collection failure">ImportError while importing test module '/repo/src/functions/tests/test_client.py'.
Hint: make sure your test modules/packages have valid Python names.
Traceback:
/usr/local/lib/python3.10/importlib/__init__.py:126: in import_module
    return _bootstrap._gcd_import(name[level:], package, level)
E   ModuleNotFoundError: No module named 'tests.test_client'</error></testcase><testcase classname="" name="src.functions.tests.test_errors" time="0.000"><error message="collection failure">ImportError while importing test module '/repo/src/functions/tests/test_errors.py'.
Hint: make sure your test modules/packages have valid Python names.
Traceback:
/usr/local/lib/python3.10/importlib/__init__.py:126: in import_module
    return _bootstrap._gcd_import(name[level:], package, level)
E   ModuleNotFoundError: No module named 'tests.test_errors'</error></testcase><testcase classname="" name="src.functions.tests.test_utils" time="0.000"><error message="collection failure">ImportError while importing test module '/repo/src/functions/tests/test_utils.py'.
Hint: make sure your test modules/packages have valid Python names.
Traceback:
/usr/local/lib/python3.10/importlib/__init__.py:126: in import_module
    return _bootstrap._gcd_import(name[level:], package, level)
E   ModuleNotFoundError: No module named 'tests.test_utils'</error></testcase><testcase classname="" name="src.postgrest.tests._async.test_client" time="0.000"><error message="collection failure">ImportError while importing test module '/repo/src/postgrest/tests/_async/test_client.py'.
Hint: make sure your test modules/packages have valid Python names.
Traceback:
/usr/local/lib/python3.10/importlib/__init__.py:126: in import_module
    return _bootstrap._gcd_import(name[level:], package, level)
E   ModuleNotFoundError: No module named 'tests._async.test_client'</error></testcase><testcase classname="" name="src.postgrest.tests._async.test_filter_request_builder" time="0.000"><error message="collection failure">ImportError while importing test module '/repo/src/postgrest/tests/_async/test_filter_request_builder.py'.
Hint: make sure your test modules/packages have valid Python names.
Traceback:
/usr/local/lib/python3.10/importlib/__init__.py:126: in import_module
    return _bootstrap._gcd_import(name[level:], package, level)
E   ModuleNotFoundError: No module named 'tests._async.test_filter_request_builder'</error></testcase><testcase classname="" name="src.postgrest.tests._async.test_filter_request_builder_integration" time="0.000"><error message="collection failure">ImportError while importing test module '/repo/src/postgrest/tests/_async/test_filter_request_builder_integration.py'.
Hint: make sure your test modules/packages have valid Python names.
Traceback:
/usr/local/lib/python3.10/importlib/__init__.py:126: in import_module
    return _bootstrap._gcd_import(name[level:], package, level)
E   ModuleNotFoundError: No module named 'tests._async.test_filter_request_builder_integration'</error></testcase><testcase classname="" name="src.postgrest.tests._async.test_query_request_builder" time="0.000"><error message="collection failure">ImportError while importing test module '/repo/src/postgrest/tests/_async/test_query_request_builder.py'.
Hint: make sure your test modules/packages have valid Python names.
Traceback:
/usr/local/lib/python3.10/importlib/__init__.py:126: in import_module
    return _bootstrap._gcd_import(name[level:], package, level)
E   ModuleNotFoundError: No module named 'tests._async.test_query_request_builder'</error></testcase><testcase classname="" name="src.postgrest.tests._async.test_request_builder" time="0.000"><error message="collection failure">ImportError while importing test module '/repo/src/postgrest/tests/_async/test_request_builder.py'.
Hint: make sure your test modules/packages have valid Python names.
Traceback:
/usr/local/lib/python3.10/importlib/__init__.py:126: in import_module
    return _bootstrap._gcd_import(name[level:], package, level)
E   ModuleNotFoundError: No module named 'tests._async.test_request_builder'</error></testcase><testcase classname="" name="src.postgrest.tests._sync.test_client" time="0.000"><error message="collection failure">ImportError while importing test module '/repo/src/postgrest/tests/_sync/test_client.py'.
Hint: make sure your test modules/packages have valid Python names.
Traceback:
/usr/local/lib/python3.10/importlib/__init__.py:126: in import_module
    return _bootstrap._gcd_import(name[level:], package, level)
E   ModuleNotFoundError: No module named 'tests._sync.test_client'</error></testcase><testcase classname="" name="src.postgrest.tests._sync.test_filter_request_builder" time="0.000"><error message="collection failure">ImportError while importing test module '/repo/src/postgrest/tests/_sync/test_filter_request_builder.py'.
Hint: make sure your test modules/packages have valid Python names.
Traceback:
/usr/local/lib/python3.10/importlib/__init__.py:126: in import_module
    return _bootstrap._gcd_import(name[level:], package, level)
E   ModuleNotFoundError: No module named 'tests._sync.test_filter_request_builder'</error></testcase><testcase classname="" name="src.postgrest.tests._sync.test_filter_request_builder_integration" time="0.000"><error message="collection failure">ImportError while importing test module '/repo/src/postgrest/tests/_sync/test_filter_request_builder_integration.py'.
Hint: make sure your test modules/packages have valid Python names.
Traceback:
/usr/local/lib/python3.10/importlib/__init__.py:126: in import_module
    return _bootstrap._gcd_import(name[level:], package, level)
E   ModuleNotFoundError: No module named 'tests._sync.test_filter_request_builder_integration'</error></testcase><testcase classname="" name="src.postgrest.tests._sync.test_query_request_builder" time="0.000"><error message="collection failure">ImportError while importing test module '/repo/src/postgrest/tests/_sync/test_query_request_builder.py'.
Hint: make sure your test modules/packages have valid Python names.
Traceback:
/usr/local/lib/python3.10/importlib/__init__.py:126: in import_module
    return _bootstrap._gcd_import(name[level:], package, level)
E   ModuleNotFoundError: No module named 'tests._sync.test_query_request_builder'</error></testcase><testcase classname="" name="src.postgrest.tests._sync.test_request_builder" time="0.000"><error message="collection failure">ImportError while importing test module '/repo/src/postgrest/tests/_sync/test_request_builder.py'.
Hint: make sure your test modules/packages have valid Python names.
Traceback:
/usr/local/lib/python3.10/importlib/__init__.py:126: in import_module
    return _bootstrap._gcd_import(name[level:], package, level)
E   ModuleNotFoundError: No module named 'tests._sync.test_request_builder'</error></testcase><testcase classname="" name="src.postgrest.tests.test_utils" time="0.000"><error message="collection failure">ImportError while importing test module '/repo/src/postgrest/tests/test_utils.py'.
Hint: make sure your test modules/packages have valid Python names.
Traceback:
/usr/local/lib/python3.10/importlib/__init__.py:126: in import_module
    return _bootstrap._gcd_import(name[level:], package, level)
E   ModuleNotFoundError: No module named 'tests.test_utils'</error></testcase><testcase classname="" name="src.realtime.tests.test_connection" time="0.000"><error message="collection failure">ImportError while importing test module '/repo/src/realtime/tests/test_connection.py'.
Hint: make sure your test modules/packages have valid Python names.
Traceback:
/usr/local/lib/python3.10/importlib/__init__.py:126: in import_module
    return _bootstrap._gcd_import(name[level:], package, level)
src/realtime/tests/test_connection.py:5: in &lt;module&gt;
    import aiohttp
E   ModuleNotFoundError: No module named 'aiohttp'</error></testcase><testcase classname="" name="src.realtime.tests.test_presence" time="0.000"><error message="collection failure">ImportError while importing test module '/repo/src/realtime/tests/test_presence.py'.
Hint: make sure your test modules/packages have valid Python names.
Traceback:
/usr/local/lib/python3.10/importlib/__init__.py:126: in import_module
    return _bootstrap._gcd_import(name[level:], package, level)
src/realtime/tests/test_presence.py:7: in &lt;module&gt;
    from dotenv import load_dotenv
E   ModuleNotFoundError: No module named 'dotenv'</error></testcase><testcase classname="" name="src.realtime.tests.test_timer" time="0.000"><error message="collection failure">ImportError while importing test module '/repo/src/realtime/tests/test_timer.py'.
Hint: make sure your test modules/packages have valid Python names.
Traceback:
/usr/local/lib/python3.10/importlib/__init__.py:126: in import_module
    return _bootstrap._gcd_import(name[level:], package, level)
src/realtime/tests/test_timer.py:5: in &lt;module&gt;
    from realtime._async.timer import AsyncTimer
E   ModuleNotFoundError: No module named 'realtime'</error></testcase><testcase classname="" name="src.storage.tests._async" time="0.000"><error message="collection failure">/usr/local/lib/python3.10/importlib/__init__.py:126: in import_module
    return _bootstrap._gcd_import(name[level:], package, level)
&lt;frozen importlib._bootstrap&gt;:1050: in _gcd_import
    ???
&lt;frozen importlib._bootstrap&gt;:1027: in _find_and_load
    ???
&lt;frozen importlib._bootstrap&gt;:1004: in _find_and_load_unlocked
    ???
E   ModuleNotFoundError: No module named 'tests._async.conftest'</error></testcase><testcase classname="" name="src.storage.tests._sync" time="0.000"><error message="collection failure">/usr/local/lib/python3.10/importlib/__init__.py:126: in import_module
    return _bootstrap._gcd_import(name[level:], package, level)
&lt;frozen importlib._bootstrap&gt;:1050: in _gcd_import
    ???
&lt;frozen importlib._bootstrap&gt;:1027: in _find_and_load
    ???
&lt;frozen importlib._bootstrap&gt;:1004: in _find_and_load_unlocked
    ???
E   ModuleNotFoundError: No module named 'tests._sync.conftest'</error></testcase><testcase classname="" name="src.storage.tests.test_client" time="0.000"><error message="collection failure">ImportError while importing test module '/repo/src/storage/tests/test_client.py'.
Hint: make sure your test modules/packages have valid Python names.
Traceback:
/usr/local/lib/python3.10/importlib/__init__.py:126: in import_module
    return _bootstrap._gcd_import(name[level:], package, level)
E   ModuleNotFoundError: No module named 'tests.test_client'</error></testcase><testcase classname="" name="src.storage.tests.test_exceptions" time="0.000"><error message="collection failure">ImportError while importing test module '/repo/src/storage/tests/test_exceptions.py'.
Hint: make sure your test modules/packages have valid Python names.
Traceback:
/usr/local/lib/python3.10/importlib/__init__.py:126: in import_module
    return _bootstrap._gcd_import(name[level:], package, level)
E   ModuleNotFoundError: No module named 'tests.test_exceptions'</error></testcase><testcase classname="" name="src.storage.tests.test_utils" time="0.000"><error message="collection failure">ImportError while importing test module '/repo/src/storage/tests/test_utils.py'.
Hint: make sure your test modules/packages have valid Python names.
Traceback:
/usr/local/lib/python3.10/importlib/__init__.py:126: in import_module
    return _bootstrap._gcd_import(name[level:], package, level)
E   ModuleNotFoundError: No module named 'tests.test_utils'</error></testcase><testcase classname="" name="src.supabase.tests" time="0.000"><error message="collection failure">/usr/local/lib/python3.10/site-packages/_pytest/config/__init__.py:731: in _importconftest
    mod = import_path(
/usr/local/lib/python3.10/site-packages/_pytest/pathlib.py:610: in import_path
    raise ImportPathMismatchError(module_name, module_file, path)
E   _pytest.pathlib.ImportPathMismatchError: ('tests.conftest', '/repo/src/auth/tests/conftest.py', PosixPath('/repo/src/supabase/tests/conftest.py'))</error></testcase></testsuite></testsuites>