<?xml version="1.0" encoding="utf-8"?><testsuites name="pytest tests"><testsuite name="pytest" errors="0" failures="0" skipped="0" tests="15" time="11.046" timestamp="2026-06-06T22:05:01.086416+00:00" hostname="dd2c9aa4b5ba"><testcase classname="libretranslate.tests.test_api.test_api_detect_language" name="test_api_detect_language" time="8.527" /><testcase classname="libretranslate.tests.test_api.test_api_detect_language" name="test_api_detect_language_must_fail_without_parameters" time="0.070" /><testcase classname="libretranslate.tests.test_api.test_api_detect_language" name="test_api_detect_language_must_fail_bad_request_type" time="0.121" /><testcase classname="libretranslate.tests.test_api.test_api_frontend_settings" name="test_api_get_frontend_settings" time="0.068" /><testcase classname="libretranslate.tests.test_api.test_api_get_languages" name="test_api_get_languages" time="0.081" /><testcase classname="libretranslate.tests.test_api.test_api_get_languages" name="test_api_get_languages_must_fail_bad_request_type" time="0.069" /><testcase classname="libretranslate.tests.test_api.test_api_health" name="test_api_get_health" time="0.067" /><testcase classname="libretranslate.tests.test_api.test_api_health" name="test_api_health_must_fail_bad_request_type" time="0.067" /><testcase classname="libretranslate.tests.test_api.test_api_spec" name="test_api_get_spec" time="0.071" /><testcase classname="libretranslate.tests.test_api.test_api_spec" name="test_api_get_spec_must_fail_bad_request_type" time="0.068" /><testcase classname="libretranslate.tests.test_api.test_api_translate" name="test_api_translate" time="0.221" /><testcase classname="libretranslate.tests.test_api.test_api_translate" name="test_api_translate_batch" time="0.241" /><testcase classname="libretranslate.tests.test_api.test_api_translate" name="test_api_translate_unsupported_language" time="0.117" /><testcase classname="libretranslate.tests.test_api.test_api_translate" name="test_api_translate_missing_parameter" time="0.095" /><testcase classname="libretranslate.tests.test_init" name="test_boot_argos" time="0.001" /></testsuite></testsuites>