<?xml version="1.0" encoding="utf-8"?><testsuites name="pytest tests"><testsuite name="pytest" errors="0" failures="70" skipped="1342" tests="1603" time="66.064" timestamp="2026-06-06T23:08:13.936453+00:00" hostname="d4abc65b2c7a"><testcase classname="tests.cases.test_generators" name="test_generator_calls" time="0.001" /><testcase classname="tests.cases.test_stdlib_str" name="test_str_methods" time="0.000" /><testcase classname="tests.test_analysis" name="test_is_void_for_fun_with_no_return" time="0.000" /><testcase classname="tests.test_analysis" name="test_is_not_void_for_fun_with_return_value" time="0.000" /><testcase classname="tests.test_analysis" name="test_is_generator_for_fun_with_yield" time="0.000" /><testcase classname="tests.test_analysis" name="test_is_not_generator_for_fun_without_yield" time="0.000" /><testcase classname="tests.test_analysis" name="test_is_not_generator_when_inner_has_yield" time="0.000" /><testcase classname="tests.test_analysis.TestFunctionTransformer" name="test_nested_functions" time="0.000" /><testcase classname="tests.test_analysis.TestFunctionTransformer" name="test_functions_from_modules" time="0.000" /><testcase classname="tests.test_analysis.TestCalledWithTransformer" name="test_var_called_with_later_function" time="0.000" /><testcase classname="tests.test_analysis.TestAttributeCallTransformer" name="test_call_to_attribute_registered" time="0.000" /><testcase classname="tests.test_analysis.TestImportTransformer" name="test_function_knows_from_where_it_is_imported" time="0.000" /><testcase classname="tests.test_cli.TestCodeGenerator" name="test_generated[math_func-python]" time="0.207" /><testcase classname="tests.test_cli.TestCodeGenerator" name="test_generated[math_func-cpp]" time="0.002"><skipped type="pytest.skip" message="clang-format not available">/repo/tests/test_cli.py:261: clang-format not available</skipped></testcase><testcase classname="tests.test_cli.TestCodeGenerator" name="test_generated[math_func-rust]" time="0.001"><skipped type="pytest.skip" message="/repo/tests/expected/math_func.rs not found">/repo/tests/test_cli.py:257: /repo/tests/expected/math_func.rs not found</skipped></testcase><testcase classname="tests.test_cli.TestCodeGenerator" name="test_generated[math_func-julia]" time="0.001"><skipped type="pytest.skip" message="format.jl not available">/repo/tests/test_cli.py:261: format.jl not available</skipped></testcase><testcase classname="tests.test_cli.TestCodeGenerator" name="test_generated[math_func-kotlin]" time="0.001"><skipped type="pytest.skip" message="/repo/tests/expected/math_func.kt not found">/repo/tests/test_cli.py:257: /repo/tests/expected/math_func.kt not found</skipped></testcase><testcase classname="tests.test_cli.TestCodeGenerator" name="test_generated[math_func-lean]" time="0.005"><skipped type="pytest.skip" message="lean not available">/repo/tests/test_cli.py:366: lean not available</skipped></testcase><testcase classname="tests.test_cli.TestCodeGenerator" name="test_generated[math_func-nim]" time="0.001"><skipped type="pytest.skip" message="/repo/tests/expected/math_func.nim not found">/repo/tests/test_cli.py:257: /repo/tests/expected/math_func.nim not found</skipped></testcase><testcase classname="tests.test_cli.TestCodeGenerator" name="test_generated[math_func-mojo]" time="0.001"><skipped type="pytest.skip" message="mojo not available">/repo/tests/test_cli.py:261: mojo not available</skipped></testcase><testcase classname="tests.test_cli.TestCodeGenerator" name="test_generated[math_func-dlang]" time="0.001"><skipped type="pytest.skip" message="dub not available">/repo/tests/test_cli.py:261: dub not available</skipped></testcase><testcase classname="tests.test_cli.TestCodeGenerator" name="test_generated[math_func-dart]" time="0.001"><skipped type="pytest.skip" message="/repo/tests/expected/math_func.dart not found">/repo/tests/test_cli.py:257: /repo/tests/expected/math_func.dart not found</skipped></testcase><testcase classname="tests.test_cli.TestCodeGenerator" name="test_generated[math_func-go]" time="0.001"><skipped type="pytest.skip" message="gofmt not available">/repo/tests/test_cli.py:261: gofmt not available</skipped></testcase><testcase classname="tests.test_cli.TestCodeGenerator" name="test_generated[math_func-vlang]" time="0.001"><skipped type="pytest.skip" message="v not available">/repo/tests/test_cli.py:261: v not available</skipped></testcase><testcase classname="tests.test_cli.TestCodeGenerator" name="test_generated[math_func-smt]" time="0.001"><skipped type="pytest.skip" message="/repo/tests/expected/math_func.smt not found">/repo/tests/test_cli.py:257: /repo/tests/expected/math_func.smt not found</skipped></testcase><testcase classname="tests.test_cli.TestCodeGenerator" name="test_generated[math_func-zig]" time="0.001"><skipped type="pytest.skip" message="zig not available">/repo/tests/test_cli.py:261: zig not available</skipped></testcase><testcase classname="tests.test_cli.TestCodeGenerator" name="test_generated[triangle_buggy-python]" time="0.001"><skipped type="pytest.skip" message="/repo/tests/expected/triangle_buggy.py not found">/repo/tests/test_cli.py:257: /repo/tests/expected/triangle_buggy.py not found</skipped></testcase><testcase classname="tests.test_cli.TestCodeGenerator" name="test_generated[triangle_buggy-cpp]" time="0.001"><skipped type="pytest.skip" message="/repo/tests/expected/triangle_buggy.cpp not found">/repo/tests/test_cli.py:257: /repo/tests/expected/triangle_buggy.cpp not found</skipped></testcase><testcase classname="tests.test_cli.TestCodeGenerator" name="test_generated[triangle_buggy-rust]" time="0.001"><skipped type="pytest.skip" message="/repo/tests/expected/triangle_buggy.rs not found">/repo/tests/test_cli.py:257: /repo/tests/expected/triangle_buggy.rs not found</skipped></testcase><testcase classname="tests.test_cli.TestCodeGenerator" name="test_generated[triangle_buggy-julia]" time="0.001"><skipped type="pytest.skip" message="/repo/tests/expected/triangle_buggy.jl not found">/repo/tests/test_cli.py:257: /repo/tests/expected/triangle_buggy.jl not found</skipped></testcase><testcase classname="tests.test_cli.TestCodeGenerator" name="test_generated[triangle_buggy-kotlin]" time="0.001"><skipped type="pytest.skip" message="/repo/tests/expected/triangle_buggy.kt not found">/repo/tests/test_cli.py:257: /repo/tests/expected/triangle_buggy.kt not found</skipped></testcase><testcase classname="tests.test_cli.TestCodeGenerator" name="test_generated[triangle_buggy-lean]" time="0.001"><skipped type="pytest.skip" message="/repo/tests/expected/triangle_buggy.lean not found">/repo/tests/test_cli.py:257: /repo/tests/expected/triangle_buggy.lean not found</skipped></testcase><testcase classname="tests.test_cli.TestCodeGenerator" name="test_generated[triangle_buggy-nim]" time="0.001"><skipped type="pytest.skip" message="/repo/tests/expected/triangle_buggy.nim not found">/repo/tests/test_cli.py:257: /repo/tests/expected/triangle_buggy.nim not found</skipped></testcase><testcase classname="tests.test_cli.TestCodeGenerator" name="test_generated[triangle_buggy-mojo]" time="0.001"><skipped type="pytest.skip" message="/repo/tests/expected/triangle_buggy.mojo not found">/repo/tests/test_cli.py:257: /repo/tests/expected/triangle_buggy.mojo not found</skipped></testcase><testcase classname="tests.test_cli.TestCodeGenerator" name="test_generated[triangle_buggy-dlang]" time="0.001"><skipped type="pytest.skip" message="/repo/tests/expected/triangle_buggy.d not found">/repo/tests/test_cli.py:257: /repo/tests/expected/triangle_buggy.d not found</skipped></testcase><testcase classname="tests.test_cli.TestCodeGenerator" name="test_generated[triangle_buggy-dart]" time="0.001"><skipped type="pytest.skip" message="/repo/tests/expected/triangle_buggy.dart not found">/repo/tests/test_cli.py:257: /repo/tests/expected/triangle_buggy.dart not found</skipped></testcase><testcase classname="tests.test_cli.TestCodeGenerator" name="test_generated[triangle_buggy-go]" time="0.001"><skipped type="pytest.skip" message="/repo/tests/expected/triangle_buggy.go not found">/repo/tests/test_cli.py:257: /repo/tests/expected/triangle_buggy.go not found</skipped></testcase><testcase classname="tests.test_cli.TestCodeGenerator" name="test_generated[triangle_buggy-vlang]" time="0.001"><skipped type="pytest.skip" message="/repo/tests/expected/triangle_buggy.v not found">/repo/tests/test_cli.py:257: /repo/tests/expected/triangle_buggy.v not found</skipped></testcase><testcase classname="tests.test_cli.TestCodeGenerator" name="test_generated[triangle_buggy-smt]" time="0.001"><skipped type="pytest.skip" message="cljstyle not available">/repo/tests/test_cli.py:261: cljstyle not available</skipped></testcase><testcase classname="tests.test_cli.TestCodeGenerator" name="test_generated[triangle_buggy-zig]" time="0.001"><skipped type="pytest.skip" message="/repo/tests/expected/triangle_buggy.zig not found">/repo/tests/test_cli.py:257: /repo/tests/expected/triangle_buggy.zig not found</skipped></testcase><testcase classname="tests.test_cli.TestCodeGenerator" name="test_generated[lambda-python]" time="0.180" /><testcase classname="tests.test_cli.TestCodeGenerator" name="test_generated[lambda-cpp]" time="0.002"><skipped type="pytest.skip" message="clang-format not available">/repo/tests/test_cli.py:261: clang-format not available</skipped></testcase><testcase classname="tests.test_cli.TestCodeGenerator" name="test_generated[lambda-rust]" time="0.001"><skipped type="pytest.skip" message="rustfmt not available">/repo/tests/test_cli.py:261: rustfmt not available</skipped></testcase><testcase classname="tests.test_cli.TestCodeGenerator" name="test_generated[lambda-julia]" time="0.001"><skipped type="pytest.skip" message="format.jl not available">/repo/tests/test_cli.py:261: format.jl not available</skipped></testcase><testcase classname="tests.test_cli.TestCodeGenerator" name="test_generated[lambda-kotlin]" time="0.061"><failure message="AssertionError: Generated output mismatch for lambda-kotlin&#10;Expected: /repo/tests/expected/lambda.kt&#10;Generated: /repo/tests/build/lambda.kt&#10;&#10;--- /repo/tests/expected/lambda.kt&#10;+++ /repo/tests/build/lambda.kt&#10;@@ -1,13 +1,13 @@&#10;+&#10;+fun show() {&#10;+var myfunc: (Int, Int) -&gt; Int = { x, y -&gt; (x + y) }&#10;+if (true) {&#10;+val __tmp1 = myfunc(1, 2)&#10;+println(&quot;$__tmp1&quot;)&#10;+}}&#10; &#10; &#10;-fun show() {&#10;-    var myfunc: (Int, Int) -&gt; Int = { x, y -&gt; (x + y) }&#10;-    if (true) {&#10;-        val __tmp1 = myfunc(1, 2)&#10;-        println(&quot;$__tmp1&quot;)&#10;-    }&#10;-}&#10;+fun main(argv: Array&lt;String&gt;) {&#10;+show()}&#10; &#10;-fun main(argv: Array&lt;String&gt;) {&#10;-    show()&#10;-}&#10;+">/repo/tests/test_cli.py:304: in test_generated
    assert_expected_matches_generated(
/repo/tests/test_cli.py:68: in assert_expected_matches_generated
    raise AssertionError(
E   AssertionError: Generated output mismatch for lambda-kotlin
E   Expected: /repo/tests/expected/lambda.kt
E   Generated: /repo/tests/build/lambda.kt
E   
E   --- /repo/tests/expected/lambda.kt
E   +++ /repo/tests/build/lambda.kt
E   @@ -1,13 +1,13 @@
E   +
E   +fun show() {
E   +var myfunc: (Int, Int) -&gt; Int = { x, y -&gt; (x + y) }
E   +if (true) {
E   +val __tmp1 = myfunc(1, 2)
E   +println("$__tmp1")
E   +}}
E    
E    
E   -fun show() {
E   -    var myfunc: (Int, Int) -&gt; Int = { x, y -&gt; (x + y) }
E   -    if (true) {
E   -        val __tmp1 = myfunc(1, 2)
E   -        println("$__tmp1")
E   -    }
E   -}
E   +fun main(argv: Array&lt;String&gt;) {
E   +show()}
E    
E   -fun main(argv: Array&lt;String&gt;) {
E   -    show()
E   -}
E   +</failure></testcase><testcase classname="tests.test_cli.TestCodeGenerator" name="test_generated[lambda-lean]" time="0.002"><skipped type="pytest.skip" message="/repo/tests/expected/lambda.lean not found">/repo/tests/test_cli.py:257: /repo/tests/expected/lambda.lean not found</skipped></testcase><testcase classname="tests.test_cli.TestCodeGenerator" name="test_generated[lambda-nim]" time="0.001"><skipped type="pytest.skip" message="nimpretty not available">/repo/tests/test_cli.py:261: nimpretty not available</skipped></testcase><testcase classname="tests.test_cli.TestCodeGenerator" name="test_generated[lambda-mojo]" time="0.001"><skipped type="pytest.skip" message="/repo/tests/expected/lambda.mojo not found">/repo/tests/test_cli.py:257: /repo/tests/expected/lambda.mojo not found</skipped></testcase><testcase classname="tests.test_cli.TestCodeGenerator" name="test_generated[lambda-dlang]" time="0.001"><skipped type="pytest.skip" message="/repo/tests/expected/lambda.d not found">/repo/tests/test_cli.py:257: /repo/tests/expected/lambda.d not found</skipped></testcase><testcase classname="tests.test_cli.TestCodeGenerator" name="test_generated[lambda-dart]" time="0.001"><skipped type="pytest.skip" message="dart not available">/repo/tests/test_cli.py:261: dart not available</skipped></testcase><testcase classname="tests.test_cli.TestCodeGenerator" name="test_generated[lambda-go]" time="0.001"><skipped type="pytest.skip" message="gofmt not available">/repo/tests/test_cli.py:261: gofmt not available</skipped></testcase><testcase classname="tests.test_cli.TestCodeGenerator" name="test_generated[lambda-vlang]" time="0.001"><skipped type="pytest.skip" message="v not available">/repo/tests/test_cli.py:261: v not available</skipped></testcase><testcase classname="tests.test_cli.TestCodeGenerator" name="test_generated[lambda-smt]" time="0.001"><skipped type="pytest.skip" message="/repo/tests/expected/lambda.smt not found">/repo/tests/test_cli.py:257: /repo/tests/expected/lambda.smt not found</skipped></testcase><testcase classname="tests.test_cli.TestCodeGenerator" name="test_generated[lambda-zig]" time="0.001"><skipped type="pytest.skip" message="/repo/tests/expected/lambda.zig not found">/repo/tests/test_cli.py:257: /repo/tests/expected/lambda.zig not found</skipped></testcase><testcase classname="tests.test_cli.TestCodeGenerator" name="test_generated[sudoku-python]" time="0.001"><skipped type="pytest.skip" message="/repo/tests/expected/sudoku.py not found">/repo/tests/test_cli.py:257: /repo/tests/expected/sudoku.py not found</skipped></testcase><testcase classname="tests.test_cli.TestCodeGenerator" name="test_generated[sudoku-cpp]" time="0.001"><skipped type="pytest.skip" message="/repo/tests/expected/sudoku.cpp not found">/repo/tests/test_cli.py:257: /repo/tests/expected/sudoku.cpp not found</skipped></testcase><testcase classname="tests.test_cli.TestCodeGenerator" name="test_generated[sudoku-rust]" time="0.001"><skipped type="pytest.skip" message="/repo/tests/expected/sudoku.rs not found">/repo/tests/test_cli.py:257: /repo/tests/expected/sudoku.rs not found</skipped></testcase><testcase classname="tests.test_cli.TestCodeGenerator" name="test_generated[sudoku-julia]" time="0.001"><skipped type="pytest.skip" message="/repo/tests/expected/sudoku.jl not found">/repo/tests/test_cli.py:257: /repo/tests/expected/sudoku.jl not found</skipped></testcase><testcase classname="tests.test_cli.TestCodeGenerator" name="test_generated[sudoku-kotlin]" time="0.001"><skipped type="pytest.skip" message="/repo/tests/expected/sudoku.kt not found">/repo/tests/test_cli.py:257: /repo/tests/expected/sudoku.kt not found</skipped></testcase><testcase classname="tests.test_cli.TestCodeGenerator" name="test_generated[sudoku-lean]" time="0.001"><skipped type="pytest.skip" message="/repo/tests/expected/sudoku.lean not found">/repo/tests/test_cli.py:257: /repo/tests/expected/sudoku.lean not found</skipped></testcase><testcase classname="tests.test_cli.TestCodeGenerator" name="test_generated[sudoku-nim]" time="0.001"><skipped type="pytest.skip" message="/repo/tests/expected/sudoku.nim not found">/repo/tests/test_cli.py:257: /repo/tests/expected/sudoku.nim not found</skipped></testcase><testcase classname="tests.test_cli.TestCodeGenerator" name="test_generated[sudoku-mojo]" time="0.001"><skipped type="pytest.skip" message="/repo/tests/expected/sudoku.mojo not found">/repo/tests/test_cli.py:257: /repo/tests/expected/sudoku.mojo not found</skipped></testcase><testcase classname="tests.test_cli.TestCodeGenerator" name="test_generated[sudoku-dlang]" time="0.001"><skipped type="pytest.skip" message="/repo/tests/expected/sudoku.d not found">/repo/tests/test_cli.py:257: /repo/tests/expected/sudoku.d not found</skipped></testcase><testcase classname="tests.test_cli.TestCodeGenerator" name="test_generated[sudoku-dart]" time="0.001"><skipped type="pytest.skip" message="/repo/tests/expected/sudoku.dart not found">/repo/tests/test_cli.py:257: /repo/tests/expected/sudoku.dart not found</skipped></testcase><testcase classname="tests.test_cli.TestCodeGenerator" name="test_generated[sudoku-go]" time="0.001"><skipped type="pytest.skip" message="/repo/tests/expected/sudoku.go not found">/repo/tests/test_cli.py:257: /repo/tests/expected/sudoku.go not found</skipped></testcase><testcase classname="tests.test_cli.TestCodeGenerator" name="test_generated[sudoku-vlang]" time="0.001"><skipped type="pytest.skip" message="/repo/tests/expected/sudoku.v not found">/repo/tests/test_cli.py:257: /repo/tests/expected/sudoku.v not found</skipped></testcase><testcase classname="tests.test_cli.TestCodeGenerator" name="test_generated[sudoku-smt]" time="0.001"><skipped type="pytest.skip" message="cljstyle not available">/repo/tests/test_cli.py:261: cljstyle not available</skipped></testcase><testcase classname="tests.test_cli.TestCodeGenerator" name="test_generated[sudoku-zig]" time="0.001"><skipped type="pytest.skip" message="/repo/tests/expected/sudoku.zig not found">/repo/tests/test_cli.py:257: /repo/tests/expected/sudoku.zig not found</skipped></testcase><testcase classname="tests.test_cli.TestCodeGenerator" name="test_generated[fib_with_argparse-python]" time="0.206" /><testcase classname="tests.test_cli.TestCodeGenerator" name="test_generated[fib_with_argparse-cpp]" time="0.002"><skipped type="pytest.skip" message="/repo/tests/expected/fib_with_argparse.cpp not found">/repo/tests/test_cli.py:257: /repo/tests/expected/fib_with_argparse.cpp not found</skipped></testcase><testcase classname="tests.test_cli.TestCodeGenerator" name="test_generated[fib_with_argparse-rust]" time="0.002"><skipped type="pytest.skip" message="rustfmt not available">/repo/tests/test_cli.py:261: rustfmt not available</skipped></testcase><testcase classname="tests.test_cli.TestCodeGenerator" name="test_generated[fib_with_argparse-julia]" time="0.002"><skipped type="pytest.skip" message="/repo/tests/expected/fib_with_argparse.jl not found">/repo/tests/test_cli.py:257: /repo/tests/expected/fib_with_argparse.jl not found</skipped></testcase><testcase classname="tests.test_cli.TestCodeGenerator" name="test_generated[fib_with_argparse-kotlin]" time="0.002"><skipped type="pytest.skip" message="/repo/tests/expected/fib_with_argparse.kt not found">/repo/tests/test_cli.py:257: /repo/tests/expected/fib_with_argparse.kt not found</skipped></testcase><testcase classname="tests.test_cli.TestCodeGenerator" name="test_generated[fib_with_argparse-lean]" time="0.002"><skipped type="pytest.skip" message="/repo/tests/expected/fib_with_argparse.lean not found">/repo/tests/test_cli.py:257: /repo/tests/expected/fib_with_argparse.lean not found</skipped></testcase><testcase classname="tests.test_cli.TestCodeGenerator" name="test_generated[fib_with_argparse-nim]" time="0.002"><skipped type="pytest.skip" message="/repo/tests/expected/fib_with_argparse.nim not found">/repo/tests/test_cli.py:257: /repo/tests/expected/fib_with_argparse.nim not found</skipped></testcase><testcase classname="tests.test_cli.TestCodeGenerator" name="test_generated[fib_with_argparse-mojo]" time="0.002"><skipped type="pytest.skip" message="/repo/tests/expected/fib_with_argparse.mojo not found">/repo/tests/test_cli.py:257: /repo/tests/expected/fib_with_argparse.mojo not found</skipped></testcase><testcase classname="tests.test_cli.TestCodeGenerator" name="test_generated[fib_with_argparse-dlang]" time="0.002"><skipped type="pytest.skip" message="/repo/tests/expected/fib_with_argparse.d not found">/repo/tests/test_cli.py:257: /repo/tests/expected/fib_with_argparse.d not found</skipped></testcase><testcase classname="tests.test_cli.TestCodeGenerator" name="test_generated[fib_with_argparse-dart]" time="0.002"><skipped type="pytest.skip" message="/repo/tests/expected/fib_with_argparse.dart not found">/repo/tests/test_cli.py:257: /repo/tests/expected/fib_with_argparse.dart not found</skipped></testcase><testcase classname="tests.test_cli.TestCodeGenerator" name="test_generated[fib_with_argparse-go]" time="0.001"><skipped type="pytest.skip" message="/repo/tests/expected/fib_with_argparse.go not found">/repo/tests/test_cli.py:257: /repo/tests/expected/fib_with_argparse.go not found</skipped></testcase><testcase classname="tests.test_cli.TestCodeGenerator" name="test_generated[fib_with_argparse-vlang]" time="0.001"><skipped type="pytest.skip" message="/repo/tests/expected/fib_with_argparse.v not found">/repo/tests/test_cli.py:257: /repo/tests/expected/fib_with_argparse.v not found</skipped></testcase><testcase classname="tests.test_cli.TestCodeGenerator" name="test_generated[fib_with_argparse-smt]" time="0.001"><skipped type="pytest.skip" message="/repo/tests/expected/fib_with_argparse.smt not found">/repo/tests/test_cli.py:257: /repo/tests/expected/fib_with_argparse.smt not found</skipped></testcase><testcase classname="tests.test_cli.TestCodeGenerator" name="test_generated[fib_with_argparse-zig]" time="0.001"><skipped type="pytest.skip" message="/repo/tests/expected/fib_with_argparse.zig not found">/repo/tests/test_cli.py:257: /repo/tests/expected/fib_with_argparse.zig not found</skipped></testcase><testcase classname="tests.test_cli.TestCodeGenerator" name="test_generated[smt_types-python]" time="0.001"><skipped type="pytest.skip" message="/repo/tests/expected/smt_types.py not found">/repo/tests/test_cli.py:257: /repo/tests/expected/smt_types.py not found</skipped></testcase><testcase classname="tests.test_cli.TestCodeGenerator" name="test_generated[smt_types-cpp]" time="0.001"><skipped type="pytest.skip" message="/repo/tests/expected/smt_types.cpp not found">/repo/tests/test_cli.py:257: /repo/tests/expected/smt_types.cpp not found</skipped></testcase><testcase classname="tests.test_cli.TestCodeGenerator" name="test_generated[smt_types-rust]" time="0.001"><skipped type="pytest.skip" message="/repo/tests/expected/smt_types.rs not found">/repo/tests/test_cli.py:257: /repo/tests/expected/smt_types.rs not found</skipped></testcase><testcase classname="tests.test_cli.TestCodeGenerator" name="test_generated[smt_types-julia]" time="0.001"><skipped type="pytest.skip" message="/repo/tests/expected/smt_types.jl not found">/repo/tests/test_cli.py:257: /repo/tests/expected/smt_types.jl not found</skipped></testcase><testcase classname="tests.test_cli.TestCodeGenerator" name="test_generated[smt_types-kotlin]" time="0.001"><skipped type="pytest.skip" message="/repo/tests/expected/smt_types.kt not found">/repo/tests/test_cli.py:257: /repo/tests/expected/smt_types.kt not found</skipped></testcase><testcase classname="tests.test_cli.TestCodeGenerator" name="test_generated[smt_types-lean]" time="0.001"><skipped type="pytest.skip" message="/repo/tests/expected/smt_types.lean not found">/repo/tests/test_cli.py:257: /repo/tests/expected/smt_types.lean not found</skipped></testcase><testcase classname="tests.test_cli.TestCodeGenerator" name="test_generated[smt_types-nim]" time="0.001"><skipped type="pytest.skip" message="/repo/tests/expected/smt_types.nim not found">/repo/tests/test_cli.py:257: /repo/tests/expected/smt_types.nim not found</skipped></testcase><testcase classname="tests.test_cli.TestCodeGenerator" name="test_generated[smt_types-mojo]" time="0.001"><skipped type="pytest.skip" message="/repo/tests/expected/smt_types.mojo not found">/repo/tests/test_cli.py:257: /repo/tests/expected/smt_types.mojo not found</skipped></testcase><testcase classname="tests.test_cli.TestCodeGenerator" name="test_generated[smt_types-dlang]" time="0.001"><skipped type="pytest.skip" message="/repo/tests/expected/smt_types.d not found">/repo/tests/test_cli.py:257: /repo/tests/expected/smt_types.d not found</skipped></testcase><testcase classname="tests.test_cli.TestCodeGenerator" name="test_generated[smt_types-dart]" time="0.001"><skipped type="pytest.skip" message="/repo/tests/expected/smt_types.dart not found">/repo/tests/test_cli.py:257: /repo/tests/expected/smt_types.dart not found</skipped></testcase><testcase classname="tests.test_cli.TestCodeGenerator" name="test_generated[smt_types-go]" time="0.001"><skipped type="pytest.skip" message="/repo/tests/expected/smt_types.go not found">/repo/tests/test_cli.py:257: /repo/tests/expected/smt_types.go not found</skipped></testcase><testcase classname="tests.test_cli.TestCodeGenerator" name="test_generated[smt_types-vlang]" time="0.001"><skipped type="pytest.skip" message="/repo/tests/expected/smt_types.v not found">/repo/tests/test_cli.py:257: /repo/tests/expected/smt_types.v not found</skipped></testcase><testcase classname="tests.test_cli.TestCodeGenerator" name="test_generated[smt_types-smt]" time="0.001"><skipped type="pytest.skip" message="cljstyle not available">/repo/tests/test_cli.py:261: cljstyle not available</skipped></testcase><testcase classname="tests.test_cli.TestCodeGenerator" name="test_generated[smt_types-zig]" time="0.001"><skipped type="pytest.skip" message="/repo/tests/expected/smt_types.zig not found">/repo/tests/test_cli.py:257: /repo/tests/expected/smt_types.zig not found</skipped></testcase><testcase classname="tests.test_cli.TestCodeGenerator" name="test_generated[comparison-python]" time="0.184" /><testcase classname="tests.test_cli.TestCodeGenerator" name="test_generated[comparison-cpp]" time="0.002"><skipped type="pytest.skip" message="/repo/tests/expected/comparison.cpp not found">/repo/tests/test_cli.py:257: /repo/tests/expected/comparison.cpp not found</skipped></testcase><testcase classname="tests.test_cli.TestCodeGenerator" name="test_generated[comparison-rust]" time="0.001"><skipped type="pytest.skip" message="/repo/tests/expected/comparison.rs not found">/repo/tests/test_cli.py:257: /repo/tests/expected/comparison.rs not found</skipped></testcase><testcase classname="tests.test_cli.TestCodeGenerator" name="test_generated[comparison-julia]" time="0.001"><skipped type="pytest.skip" message="format.jl not available">/repo/tests/test_cli.py:261: format.jl not available</skipped></testcase><testcase classname="tests.test_cli.TestCodeGenerator" name="test_generated[comparison-kotlin]" time="0.001"><skipped type="pytest.skip" message="/repo/tests/expected/comparison.kt not found">/repo/tests/test_cli.py:257: /repo/tests/expected/comparison.kt not found</skipped></testcase><testcase classname="tests.test_cli.TestCodeGenerator" name="test_generated[comparison-lean]" time="0.001"><skipped type="pytest.skip" message="/repo/tests/expected/comparison.lean not found">/repo/tests/test_cli.py:257: /repo/tests/expected/comparison.lean not found</skipped></testcase><testcase classname="tests.test_cli.TestCodeGenerator" name="test_generated[comparison-nim]" time="0.001"><skipped type="pytest.skip" message="/repo/tests/expected/comparison.nim not found">/repo/tests/test_cli.py:257: /repo/tests/expected/comparison.nim not found</skipped></testcase><testcase classname="tests.test_cli.TestCodeGenerator" name="test_generated[comparison-mojo]" time="0.001"><skipped type="pytest.skip" message="mojo not available">/repo/tests/test_cli.py:261: mojo not available</skipped></testcase><testcase classname="tests.test_cli.TestCodeGenerator" name="test_generated[comparison-dlang]" time="0.001"><skipped type="pytest.skip" message="dub not available">/repo/tests/test_cli.py:261: dub not available</skipped></testcase><testcase classname="tests.test_cli.TestCodeGenerator" name="test_generated[comparison-dart]" time="0.001"><skipped type="pytest.skip" message="/repo/tests/expected/comparison.dart not found">/repo/tests/test_cli.py:257: /repo/tests/expected/comparison.dart not found</skipped></testcase><testcase classname="tests.test_cli.TestCodeGenerator" name="test_generated[comparison-go]" time="0.001"><skipped type="pytest.skip" message="/repo/tests/expected/comparison.go not found">/repo/tests/test_cli.py:257: /repo/tests/expected/comparison.go not found</skipped></testcase><testcase classname="tests.test_cli.TestCodeGenerator" name="test_generated[comparison-vlang]" time="0.001"><skipped type="pytest.skip" message="v not available">/repo/tests/test_cli.py:261: v not available</skipped></testcase><testcase classname="tests.test_cli.TestCodeGenerator" name="test_generated[comparison-smt]" time="0.001"><skipped type="pytest.skip" message="/repo/tests/expected/comparison.smt not found">/repo/tests/test_cli.py:257: /repo/tests/expected/comparison.smt not found</skipped></testcase><testcase classname="tests.test_cli.TestCodeGenerator" name="test_generated[comparison-zig]" time="0.001"><skipped type="pytest.skip" message="/repo/tests/expected/comparison.zig not found">/repo/tests/test_cli.py:257: /repo/tests/expected/comparison.zig not found</skipped></testcase><testcase classname="tests.test_cli.TestCodeGenerator" name="test_generated[langcomp_bench-python]" time="0.232" /><testcase classname="tests.test_cli.TestCodeGenerator" name="test_generated[langcomp_bench-cpp]" time="0.002"><skipped type="pytest.skip" message="/repo/tests/expected/langcomp_bench.cpp not found">/repo/tests/test_cli.py:257: /repo/tests/expected/langcomp_bench.cpp not found</skipped></testcase><testcase classname="tests.test_cli.TestCodeGenerator" name="test_generated[langcomp_bench-rust]" time="0.002"><skipped type="pytest.skip" message="rustfmt not available">/repo/tests/test_cli.py:261: rustfmt not available</skipped></testcase><testcase classname="tests.test_cli.TestCodeGenerator" name="test_generated[langcomp_bench-julia]" time="0.002"><skipped type="pytest.skip" message="format.jl not available">/repo/tests/test_cli.py:261: format.jl not available</skipped></testcase><testcase classname="tests.test_cli.TestCodeGenerator" name="test_generated[langcomp_bench-kotlin]" time="0.002"><skipped type="pytest.skip" message="/repo/tests/expected/langcomp_bench.kt not found">/repo/tests/test_cli.py:257: /repo/tests/expected/langcomp_bench.kt not found</skipped></testcase><testcase classname="tests.test_cli.TestCodeGenerator" name="test_generated[langcomp_bench-lean]" time="0.001"><skipped type="pytest.skip" message="/repo/tests/expected/langcomp_bench.lean not found">/repo/tests/test_cli.py:257: /repo/tests/expected/langcomp_bench.lean not found</skipped></testcase><testcase classname="tests.test_cli.TestCodeGenerator" name="test_generated[langcomp_bench-nim]" time="0.001"><skipped type="pytest.skip" message="/repo/tests/expected/langcomp_bench.nim not found">/repo/tests/test_cli.py:257: /repo/tests/expected/langcomp_bench.nim not found</skipped></testcase><testcase classname="tests.test_cli.TestCodeGenerator" name="test_generated[langcomp_bench-mojo]" time="0.002"><skipped type="pytest.skip" message="/repo/tests/expected/langcomp_bench.mojo not found">/repo/tests/test_cli.py:257: /repo/tests/expected/langcomp_bench.mojo not found</skipped></testcase><testcase classname="tests.test_cli.TestCodeGenerator" name="test_generated[langcomp_bench-dlang]" time="0.002"><skipped type="pytest.skip" message="dub not available">/repo/tests/test_cli.py:261: dub not available</skipped></testcase><testcase classname="tests.test_cli.TestCodeGenerator" name="test_generated[langcomp_bench-dart]" time="0.001"><skipped type="pytest.skip" message="/repo/tests/expected/langcomp_bench.dart not found">/repo/tests/test_cli.py:257: /repo/tests/expected/langcomp_bench.dart not found</skipped></testcase><testcase classname="tests.test_cli.TestCodeGenerator" name="test_generated[langcomp_bench-go]" time="0.002"><skipped type="pytest.skip" message="/repo/tests/expected/langcomp_bench.go not found">/repo/tests/test_cli.py:257: /repo/tests/expected/langcomp_bench.go not found</skipped></testcase><testcase classname="tests.test_cli.TestCodeGenerator" name="test_generated[langcomp_bench-vlang]" time="0.001"><skipped type="pytest.skip" message="/repo/tests/expected/langcomp_bench.v not found">/repo/tests/test_cli.py:257: /repo/tests/expected/langcomp_bench.v not found</skipped></testcase><testcase classname="tests.test_cli.TestCodeGenerator" name="test_generated[langcomp_bench-smt]" time="0.002"><skipped type="pytest.skip" message="/repo/tests/expected/langcomp_bench.smt not found">/repo/tests/test_cli.py:257: /repo/tests/expected/langcomp_bench.smt not found</skipped></testcase><testcase classname="tests.test_cli.TestCodeGenerator" name="test_generated[langcomp_bench-zig]" time="0.001"><skipped type="pytest.skip" message="/repo/tests/expected/langcomp_bench.zig not found">/repo/tests/test_cli.py:257: /repo/tests/expected/langcomp_bench.zig not found</skipped></testcase><testcase classname="tests.test_cli.TestCodeGenerator" name="test_generated[bitops-python]" time="0.181" /><testcase classname="tests.test_cli.TestCodeGenerator" name="test_generated[bitops-cpp]" time="0.002"><skipped type="pytest.skip" message="clang-format not available">/repo/tests/test_cli.py:261: clang-format not available</skipped></testcase><testcase classname="tests.test_cli.TestCodeGenerator" name="test_generated[bitops-rust]" time="0.001"><skipped type="pytest.skip" message="rustfmt not available">/repo/tests/test_cli.py:261: rustfmt not available</skipped></testcase><testcase classname="tests.test_cli.TestCodeGenerator" name="test_generated[bitops-julia]" time="0.001"><skipped type="pytest.skip" message="format.jl not available">/repo/tests/test_cli.py:261: format.jl not available</skipped></testcase><testcase classname="tests.test_cli.TestCodeGenerator" name="test_generated[bitops-kotlin]" time="0.063"><failure message="AssertionError: Generated output mismatch for bitops-kotlin&#10;Expected: /repo/tests/expected/bitops.kt&#10;Generated: /repo/tests/build/bitops.kt&#10;&#10;--- /repo/tests/expected/bitops.kt&#10;+++ /repo/tests/build/bitops.kt&#10;@@ -1,22 +1,22 @@&#10;+&#10;+fun main_func() {&#10;+var ands: Array&lt;Boolean&gt; = arrayOf()&#10;+var ors: Array&lt;Boolean&gt; = arrayOf()&#10;+var xors: Array&lt;Boolean&gt; = arrayOf()&#10;+for (a in arrayOf(false, true)) {&#10;+for (b in arrayOf(false, true)) {&#10;+ands += a.and(b)&#10;+ors += a.or(b)&#10;+xors += a.xor(b)&#10;+}&#10;+}&#10;+assert(ands == arrayOf(false, false, false, true))&#10;+assert(ors == arrayOf(false, true, true, true))&#10;+assert(xors == arrayOf(false, true, true, false))&#10;+println(&quot;OK&quot;)}&#10; &#10; &#10;-fun main_func() {&#10;-    var ands: Array&lt;Boolean&gt; = arrayOf()&#10;-    var ors: Array&lt;Boolean&gt; = arrayOf()&#10;-    var xors: Array&lt;Boolean&gt; = arrayOf()&#10;-    for (a in arrayOf(false, true)) {&#10;-        for (b in arrayOf(false, true)) {&#10;-            ands += a.and(b)&#10;-            ors += a.or(b)&#10;-            xors += a.xor(b)&#10;-        }&#10;-    }&#10;-    assert(ands == arrayOf(false, false, false, true))&#10;-    assert(ors == arrayOf(false, true, true, true))&#10;-    assert(xors == arrayOf(false, true, true, false))&#10;-    println(&quot;OK&quot;)&#10;-}&#10;+fun main(argv: Array&lt;String&gt;) {&#10;+main_func()}&#10; &#10;-fun main(argv: Array&lt;String&gt;) {&#10;-    main_func()&#10;-}&#10;+">/repo/tests/test_cli.py:304: in test_generated
    assert_expected_matches_generated(
/repo/tests/test_cli.py:68: in assert_expected_matches_generated
    raise AssertionError(
E   AssertionError: Generated output mismatch for bitops-kotlin
E   Expected: /repo/tests/expected/bitops.kt
E   Generated: /repo/tests/build/bitops.kt
E   
E   --- /repo/tests/expected/bitops.kt
E   +++ /repo/tests/build/bitops.kt
E   @@ -1,22 +1,22 @@
E   +
E   +fun main_func() {
E   +var ands: Array&lt;Boolean&gt; = arrayOf()
E   +var ors: Array&lt;Boolean&gt; = arrayOf()
E   +var xors: Array&lt;Boolean&gt; = arrayOf()
E   +for (a in arrayOf(false, true)) {
E   +for (b in arrayOf(false, true)) {
E   +ands += a.and(b)
E   +ors += a.or(b)
E   +xors += a.xor(b)
E   +}
E   +}
E   +assert(ands == arrayOf(false, false, false, true))
E   +assert(ors == arrayOf(false, true, true, true))
E   +assert(xors == arrayOf(false, true, true, false))
E   +println("OK")}
E    
E    
E   -fun main_func() {
E   -    var ands: Array&lt;Boolean&gt; = arrayOf()
E   -    var ors: Array&lt;Boolean&gt; = arrayOf()
E   -    var xors: Array&lt;Boolean&gt; = arrayOf()
E   -    for (a in arrayOf(false, true)) {
E   -        for (b in arrayOf(false, true)) {
E   -            ands += a.and(b)
E   -            ors += a.or(b)
E   -            xors += a.xor(b)
E   -        }
E   -    }
E   -    assert(ands == arrayOf(false, false, false, true))
E   -    assert(ors == arrayOf(false, true, true, true))
E   -    assert(xors == arrayOf(false, true, true, false))
E   -    println("OK")
E   -}
E   +fun main(argv: Array&lt;String&gt;) {
E   +main_func()}
E    
E   -fun main(argv: Array&lt;String&gt;) {
E   -    main_func()
E   -}
E   +</failure></testcase><testcase classname="tests.test_cli.TestCodeGenerator" name="test_generated[bitops-lean]" time="0.002"><skipped type="pytest.skip" message="/repo/tests/expected/bitops.lean not found">/repo/tests/test_cli.py:257: /repo/tests/expected/bitops.lean not found</skipped></testcase><testcase classname="tests.test_cli.TestCodeGenerator" name="test_generated[bitops-nim]" time="0.001"><skipped type="pytest.skip" message="nimpretty not available">/repo/tests/test_cli.py:261: nimpretty not available</skipped></testcase><testcase classname="tests.test_cli.TestCodeGenerator" name="test_generated[bitops-mojo]" time="0.001"><skipped type="pytest.skip" message="/repo/tests/expected/bitops.mojo not found">/repo/tests/test_cli.py:257: /repo/tests/expected/bitops.mojo not found</skipped></testcase><testcase classname="tests.test_cli.TestCodeGenerator" name="test_generated[bitops-dlang]" time="0.002"><skipped type="pytest.skip" message="dub not available">/repo/tests/test_cli.py:261: dub not available</skipped></testcase><testcase classname="tests.test_cli.TestCodeGenerator" name="test_generated[bitops-dart]" time="0.001"><skipped type="pytest.skip" message="dart not available">/repo/tests/test_cli.py:261: dart not available</skipped></testcase><testcase classname="tests.test_cli.TestCodeGenerator" name="test_generated[bitops-go]" time="0.001"><skipped type="pytest.skip" message="gofmt not available">/repo/tests/test_cli.py:261: gofmt not available</skipped></testcase><testcase classname="tests.test_cli.TestCodeGenerator" name="test_generated[bitops-vlang]" time="0.001"><skipped type="pytest.skip" message="v not available">/repo/tests/test_cli.py:261: v not available</skipped></testcase><testcase classname="tests.test_cli.TestCodeGenerator" name="test_generated[bitops-smt]" time="0.002"><skipped type="pytest.skip" message="/repo/tests/expected/bitops.smt not found">/repo/tests/test_cli.py:257: /repo/tests/expected/bitops.smt not found</skipped></testcase><testcase classname="tests.test_cli.TestCodeGenerator" name="test_generated[bitops-zig]" time="0.001"><skipped type="pytest.skip" message="/repo/tests/expected/bitops.zig not found">/repo/tests/test_cli.py:257: /repo/tests/expected/bitops.zig not found</skipped></testcase><testcase classname="tests.test_cli.TestCodeGenerator" name="test_generated[loop-python]" time="0.183" /><testcase classname="tests.test_cli.TestCodeGenerator" name="test_generated[loop-cpp]" time="0.002"><skipped type="pytest.skip" message="clang-format not available">/repo/tests/test_cli.py:261: clang-format not available</skipped></testcase><testcase classname="tests.test_cli.TestCodeGenerator" name="test_generated[loop-rust]" time="0.001"><skipped type="pytest.skip" message="rustfmt not available">/repo/tests/test_cli.py:261: rustfmt not available</skipped></testcase><testcase classname="tests.test_cli.TestCodeGenerator" name="test_generated[loop-julia]" time="0.001"><skipped type="pytest.skip" message="format.jl not available">/repo/tests/test_cli.py:261: format.jl not available</skipped></testcase><testcase classname="tests.test_cli.TestCodeGenerator" name="test_generated[loop-kotlin]" time="0.063"><failure message="AssertionError: Generated output mismatch for loop-kotlin&#10;Expected: /repo/tests/expected/loop.kt&#10;Generated: /repo/tests/build/loop.kt&#10;&#10;--- /repo/tests/expected/loop.kt&#10;+++ /repo/tests/build/loop.kt&#10;@@ -1,57 +1,58 @@&#10; fun for_with_break() {&#10;-    for (i in (0..4 - 1)) {&#10;-        if (i == 2) {&#10;-            break&#10;-        }&#10;-        println(&quot;$i&quot;)&#10;-    }&#10;+for (i in (0..4-1)) {&#10;+if(i == 2) {&#10;+break;&#10; }&#10;+println(&quot;$i&quot;)&#10;+}}&#10;+&#10; &#10; fun for_with_continue() {&#10;-    for (i in (0..4 - 1)) {&#10;-        if (i == 2) {&#10;-            continue&#10;-        }&#10;-        println(&quot;$i&quot;)&#10;-    }&#10;+for (i in (0..4-1)) {&#10;+if(i == 2) {&#10;+continue;&#10; }&#10;+println(&quot;$i&quot;)&#10;+}}&#10;+&#10; &#10; fun for_with_else() {&#10;-    val has_break = false&#10;-    for (i in (0..4 - 1)) {&#10;-        println(&quot;$i&quot;)&#10;-    }&#10;-    if (has_break != true) {&#10;-        println(&quot;OK&quot;)&#10;-    }&#10;+val has_break = false&#10;+for (i in (0..4-1)) {&#10;+println(&quot;$i&quot;)&#10; }&#10;+if(has_break != true) {&#10;+println(&quot;OK&quot;)&#10;+}}&#10;+&#10; &#10; fun while_with_break() {&#10;-    var i = 0&#10;-    while (true) {&#10;-        if (i == 2) {&#10;-            break&#10;-        }&#10;-        println(&quot;$i&quot;)&#10;-        i += 1&#10;-    }&#10;+var i = 0&#10;+while (true) {&#10;+if(i == 2) {&#10;+break;&#10; }&#10;+println(&quot;$i&quot;)&#10;+i += 1;&#10;+}}&#10;+&#10; &#10; fun while_with_continue() {&#10;-    var i = 0&#10;-    while (i &lt; 5) {&#10;-        i += 1&#10;-        if (i == 2) {&#10;-            continue&#10;-        }&#10;-        println(&quot;$i&quot;)&#10;-    }&#10;+var i = 0&#10;+while (i &lt; 5) {&#10;+i += 1;&#10;+if(i == 2) {&#10;+continue;&#10; }&#10;+println(&quot;$i&quot;)&#10;+}}&#10;+&#10; &#10; fun main(argv: Array&lt;String&gt;) {&#10;-    for_with_break()&#10;-    for_with_continue()&#10;-    for_with_else()&#10;-    while_with_break()&#10;-    while_with_continue()&#10;-}&#10;+for_with_break()&#10;+for_with_continue()&#10;+for_with_else()&#10;+while_with_break()&#10;+while_with_continue()}&#10;+&#10;+">/repo/tests/test_cli.py:304: in test_generated
    assert_expected_matches_generated(
/repo/tests/test_cli.py:68: in assert_expected_matches_generated
    raise AssertionError(
E   AssertionError: Generated output mismatch for loop-kotlin
E   Expected: /repo/tests/expected/loop.kt
E   Generated: /repo/tests/build/loop.kt
E   
E   --- /repo/tests/expected/loop.kt
E   +++ /repo/tests/build/loop.kt
E   @@ -1,57 +1,58 @@
E    fun for_with_break() {
E   -    for (i in (0..4 - 1)) {
E   -        if (i == 2) {
E   -            break
E   -        }
E   -        println("$i")
E   -    }
E   +for (i in (0..4-1)) {
E   +if(i == 2) {
E   +break;
E    }
E   +println("$i")
E   +}}
E   +
E    
E    fun for_with_continue() {
E   -    for (i in (0..4 - 1)) {
E   -        if (i == 2) {
E   -            continue
E   -        }
E   -        println("$i")
E   -    }
E   +for (i in (0..4-1)) {
E   +if(i == 2) {
E   +continue;
E    }
E   +println("$i")
E   +}}
E   +
E    
E    fun for_with_else() {
E   -    val has_break = false
E   -    for (i in (0..4 - 1)) {
E   -        println("$i")
E   -    }
E   -    if (has_break != true) {
E   -        println("OK")
E   -    }
E   +val has_break = false
E   +for (i in (0..4-1)) {
E   +println("$i")
E    }
E   +if(has_break != true) {
E   +println("OK")
E   +}}
E   +
E    
E    fun while_with_break() {
E   -    var i = 0
E   -    while (true) {
E   -        if (i == 2) {
E   -            break
E   -        }
E   -        println("$i")
E   -        i += 1
E   -    }
E   +var i = 0
E   +while (true) {
E   +if(i == 2) {
E   +break;
E    }
E   +println("$i")
E   +i += 1;
E   +}}
E   +
E    
E    fun while_with_continue() {
E   -    var i = 0
E   -    while (i &lt; 5) {
E   -        i += 1
E   -        if (i == 2) {
E   -            continue
E   -        }
E   -        println("$i")
E   -    }
E   +var i = 0
E   +while (i &lt; 5) {
E   +i += 1;
E   +if(i == 2) {
E   +continue;
E    }
E   +println("$i")
E   +}}
E   +
E    
E    fun main(argv: Array&lt;String&gt;) {
E   -    for_with_break()
E   -    for_with_continue()
E   -    for_with_else()
E   -    while_with_break()
E   -    while_with_continue()
E   -}
E   +for_with_break()
E   +for_with_continue()
E   +for_with_else()
E   +while_with_break()
E   +while_with_continue()}
E   +
E   +</failure></testcase><testcase classname="tests.test_cli.TestCodeGenerator" name="test_generated[loop-lean]" time="0.013"><skipped type="pytest.skip" message="lean not available">/repo/tests/test_cli.py:366: lean not available</skipped></testcase><testcase classname="tests.test_cli.TestCodeGenerator" name="test_generated[loop-nim]" time="0.001"><skipped type="pytest.skip" message="nimpretty not available">/repo/tests/test_cli.py:261: nimpretty not available</skipped></testcase><testcase classname="tests.test_cli.TestCodeGenerator" name="test_generated[loop-mojo]" time="0.001"><skipped type="pytest.skip" message="mojo not available">/repo/tests/test_cli.py:261: mojo not available</skipped></testcase><testcase classname="tests.test_cli.TestCodeGenerator" name="test_generated[loop-dlang]" time="0.001"><skipped type="pytest.skip" message="dub not available">/repo/tests/test_cli.py:261: dub not available</skipped></testcase><testcase classname="tests.test_cli.TestCodeGenerator" name="test_generated[loop-dart]" time="0.001"><skipped type="pytest.skip" message="dart not available">/repo/tests/test_cli.py:261: dart not available</skipped></testcase><testcase classname="tests.test_cli.TestCodeGenerator" name="test_generated[loop-go]" time="0.001"><skipped type="pytest.skip" message="gofmt not available">/repo/tests/test_cli.py:261: gofmt not available</skipped></testcase><testcase classname="tests.test_cli.TestCodeGenerator" name="test_generated[loop-vlang]" time="0.001"><skipped type="pytest.skip" message="v not available">/repo/tests/test_cli.py:261: v not available</skipped></testcase><testcase classname="tests.test_cli.TestCodeGenerator" name="test_generated[loop-smt]" time="0.001"><skipped type="pytest.skip" message="/repo/tests/expected/loop.smt not found">/repo/tests/test_cli.py:257: /repo/tests/expected/loop.smt not found</skipped></testcase><testcase classname="tests.test_cli.TestCodeGenerator" name="test_generated[loop-zig]" time="0.001"><skipped type="pytest.skip" message="zig not available">/repo/tests/test_cli.py:261: zig not available</skipped></testcase><testcase classname="tests.test_cli.TestCodeGenerator" name="test_generated[hello-wuffs-python]" time="0.001"><skipped type="pytest.skip" message="/repo/tests/expected/hello-wuffs.py not found">/repo/tests/test_cli.py:257: /repo/tests/expected/hello-wuffs.py not found</skipped></testcase><testcase classname="tests.test_cli.TestCodeGenerator" name="test_generated[hello-wuffs-cpp]" time="0.001"><skipped type="pytest.skip" message="/repo/tests/expected/hello-wuffs.cpp not found">/repo/tests/test_cli.py:257: /repo/tests/expected/hello-wuffs.cpp not found</skipped></testcase><testcase classname="tests.test_cli.TestCodeGenerator" name="test_generated[hello-wuffs-rust]" time="0.001"><skipped type="pytest.skip" message="/repo/tests/expected/hello-wuffs.rs not found">/repo/tests/test_cli.py:257: /repo/tests/expected/hello-wuffs.rs not found</skipped></testcase><testcase classname="tests.test_cli.TestCodeGenerator" name="test_generated[hello-wuffs-julia]" time="0.001"><skipped type="pytest.skip" message="/repo/tests/expected/hello-wuffs.jl not found">/repo/tests/test_cli.py:257: /repo/tests/expected/hello-wuffs.jl not found</skipped></testcase><testcase classname="tests.test_cli.TestCodeGenerator" name="test_generated[hello-wuffs-kotlin]" time="0.001"><skipped type="pytest.skip" message="/repo/tests/expected/hello-wuffs.kt not found">/repo/tests/test_cli.py:257: /repo/tests/expected/hello-wuffs.kt not found</skipped></testcase><testcase classname="tests.test_cli.TestCodeGenerator" name="test_generated[hello-wuffs-lean]" time="0.001"><skipped type="pytest.skip" message="/repo/tests/expected/hello-wuffs.lean not found">/repo/tests/test_cli.py:257: /repo/tests/expected/hello-wuffs.lean not found</skipped></testcase><testcase classname="tests.test_cli.TestCodeGenerator" name="test_generated[hello-wuffs-nim]" time="0.001"><skipped type="pytest.skip" message="/repo/tests/expected/hello-wuffs.nim not found">/repo/tests/test_cli.py:257: /repo/tests/expected/hello-wuffs.nim not found</skipped></testcase><testcase classname="tests.test_cli.TestCodeGenerator" name="test_generated[hello-wuffs-mojo]" time="0.001"><skipped type="pytest.skip" message="/repo/tests/expected/hello-wuffs.mojo not found">/repo/tests/test_cli.py:257: /repo/tests/expected/hello-wuffs.mojo not found</skipped></testcase><testcase classname="tests.test_cli.TestCodeGenerator" name="test_generated[hello-wuffs-dlang]" time="0.001"><skipped type="pytest.skip" message="/repo/tests/expected/hello-wuffs.d not found">/repo/tests/test_cli.py:257: /repo/tests/expected/hello-wuffs.d not found</skipped></testcase><testcase classname="tests.test_cli.TestCodeGenerator" name="test_generated[hello-wuffs-dart]" time="0.001"><skipped type="pytest.skip" message="/repo/tests/expected/hello-wuffs.dart not found">/repo/tests/test_cli.py:257: /repo/tests/expected/hello-wuffs.dart not found</skipped></testcase><testcase classname="tests.test_cli.TestCodeGenerator" name="test_generated[hello-wuffs-go]" time="0.001"><skipped type="pytest.skip" message="/repo/tests/expected/hello-wuffs.go not found">/repo/tests/test_cli.py:257: /repo/tests/expected/hello-wuffs.go not found</skipped></testcase><testcase classname="tests.test_cli.TestCodeGenerator" name="test_generated[hello-wuffs-vlang]" time="0.001"><skipped type="pytest.skip" message="/repo/tests/expected/hello-wuffs.v not found">/repo/tests/test_cli.py:257: /repo/tests/expected/hello-wuffs.v not found</skipped></testcase><testcase classname="tests.test_cli.TestCodeGenerator" name="test_generated[hello-wuffs-smt]" time="0.001"><skipped type="pytest.skip" message="/repo/tests/expected/hello-wuffs.smt not found">/repo/tests/test_cli.py:257: /repo/tests/expected/hello-wuffs.smt not found</skipped></testcase><testcase classname="tests.test_cli.TestCodeGenerator" name="test_generated[hello-wuffs-zig]" time="0.001"><skipped type="pytest.skip" message="/repo/tests/expected/hello-wuffs.zig not found">/repo/tests/test_cli.py:257: /repo/tests/expected/hello-wuffs.zig not found</skipped></testcase><testcase classname="tests.test_cli.TestCodeGenerator" name="test_generated[sys_exit-python]" time="0.169" /><testcase classname="tests.test_cli.TestCodeGenerator" name="test_generated[sys_exit-cpp]" time="0.002"><skipped type="pytest.skip" message="clang-format not available">/repo/tests/test_cli.py:261: clang-format not available</skipped></testcase><testcase classname="tests.test_cli.TestCodeGenerator" name="test_generated[sys_exit-rust]" time="0.001"><skipped type="pytest.skip" message="rustfmt not available">/repo/tests/test_cli.py:261: rustfmt not available</skipped></testcase><testcase classname="tests.test_cli.TestCodeGenerator" name="test_generated[sys_exit-julia]" time="0.001"><skipped type="pytest.skip" message="format.jl not available">/repo/tests/test_cli.py:261: format.jl not available</skipped></testcase><testcase classname="tests.test_cli.TestCodeGenerator" name="test_generated[sys_exit-kotlin]" time="0.058"><failure message="AssertionError: Generated output mismatch for sys_exit-kotlin&#10;Expected: /repo/tests/expected/sys_exit.kt&#10;Generated: /repo/tests/build/sys_exit.kt&#10;&#10;--- /repo/tests/expected/sys_exit.kt&#10;+++ /repo/tests/build/sys_exit.kt&#10;@@ -1,6 +1,6 @@&#10;+&#10;+fun main(argv: Array&lt;String&gt;) {&#10;+println(&quot;OK&quot;)&#10;+kotlin.system.exitProcess(1)}&#10; &#10; &#10;-fun main(argv: Array&lt;String&gt;) {&#10;-    println(&quot;OK&quot;)&#10;-    kotlin.system.exitProcess(1)&#10;-}">/repo/tests/test_cli.py:304: in test_generated
    assert_expected_matches_generated(
/repo/tests/test_cli.py:68: in assert_expected_matches_generated
    raise AssertionError(
E   AssertionError: Generated output mismatch for sys_exit-kotlin
E   Expected: /repo/tests/expected/sys_exit.kt
E   Generated: /repo/tests/build/sys_exit.kt
E   
E   --- /repo/tests/expected/sys_exit.kt
E   +++ /repo/tests/build/sys_exit.kt
E   @@ -1,6 +1,6 @@
E   +
E   +fun main(argv: Array&lt;String&gt;) {
E   +println("OK")
E   +kotlin.system.exitProcess(1)}
E    
E    
E   -fun main(argv: Array&lt;String&gt;) {
E   -    println("OK")
E   -    kotlin.system.exitProcess(1)
E   -}</failure></testcase><testcase classname="tests.test_cli.TestCodeGenerator" name="test_generated[sys_exit-lean]" time="0.005"><skipped type="pytest.skip" message="lean not available">/repo/tests/test_cli.py:366: lean not available</skipped></testcase><testcase classname="tests.test_cli.TestCodeGenerator" name="test_generated[sys_exit-nim]" time="0.001"><skipped type="pytest.skip" message="nimpretty not available">/repo/tests/test_cli.py:261: nimpretty not available</skipped></testcase><testcase classname="tests.test_cli.TestCodeGenerator" name="test_generated[sys_exit-mojo]" time="0.001"><skipped type="pytest.skip" message="mojo not available">/repo/tests/test_cli.py:261: mojo not available</skipped></testcase><testcase classname="tests.test_cli.TestCodeGenerator" name="test_generated[sys_exit-dlang]" time="0.001"><skipped type="pytest.skip" message="dub not available">/repo/tests/test_cli.py:261: dub not available</skipped></testcase><testcase classname="tests.test_cli.TestCodeGenerator" name="test_generated[sys_exit-dart]" time="0.001"><skipped type="pytest.skip" message="dart not available">/repo/tests/test_cli.py:261: dart not available</skipped></testcase><testcase classname="tests.test_cli.TestCodeGenerator" name="test_generated[sys_exit-go]" time="0.001"><skipped type="pytest.skip" message="gofmt not available">/repo/tests/test_cli.py:261: gofmt not available</skipped></testcase><testcase classname="tests.test_cli.TestCodeGenerator" name="test_generated[sys_exit-vlang]" time="0.001"><skipped type="pytest.skip" message="v not available">/repo/tests/test_cli.py:261: v not available</skipped></testcase><testcase classname="tests.test_cli.TestCodeGenerator" name="test_generated[sys_exit-smt]" time="0.001"><skipped type="pytest.skip" message="/repo/tests/expected/sys_exit.smt not found">/repo/tests/test_cli.py:257: /repo/tests/expected/sys_exit.smt not found</skipped></testcase><testcase classname="tests.test_cli.TestCodeGenerator" name="test_generated[sys_exit-zig]" time="0.001"><skipped type="pytest.skip" message="/repo/tests/expected/sys_exit.zig not found">/repo/tests/test_cli.py:257: /repo/tests/expected/sys_exit.zig not found</skipped></testcase><testcase classname="tests.test_cli.TestCodeGenerator" name="test_generated[print-python]" time="0.180" /><testcase classname="tests.test_cli.TestCodeGenerator" name="test_generated[print-cpp]" time="0.002"><skipped type="pytest.skip" message="clang-format not available">/repo/tests/test_cli.py:261: clang-format not available</skipped></testcase><testcase classname="tests.test_cli.TestCodeGenerator" name="test_generated[print-rust]" time="0.002"><skipped type="pytest.skip" message="rustfmt not available">/repo/tests/test_cli.py:261: rustfmt not available</skipped></testcase><testcase classname="tests.test_cli.TestCodeGenerator" name="test_generated[print-julia]" time="0.002"><skipped type="pytest.skip" message="format.jl not available">/repo/tests/test_cli.py:261: format.jl not available</skipped></testcase><testcase classname="tests.test_cli.TestCodeGenerator" name="test_generated[print-kotlin]" time="0.061"><failure message="AssertionError: Generated output mismatch for print-kotlin&#10;Expected: /repo/tests/expected/print.kt&#10;Generated: /repo/tests/build/print.kt&#10;&#10;--- /repo/tests/expected/print.kt&#10;+++ /repo/tests/build/print.kt&#10;@@ -1,17 +1,18 @@&#10; fun show() {&#10;-    println(&quot;b&quot;)&#10;-    println(&quot;2 b&quot;)&#10;-    var a: Double = 2.1&#10;-    println(&quot;$a&quot;)&#10;-    val b = 2.1&#10;-    println(&quot;$b&quot;)&#10;-    val c = true&#10;-    if (true) {&#10;-        val __tmp1 = if (c) &quot;True&quot; else &quot;False&quot;&#10;-        println(&quot;$__tmp1&quot;)&#10;-    }&#10;-}&#10;+println(&quot;b&quot;)&#10;+println(&quot;2 b&quot;)&#10;+var a: Double = 2.1&#10;+println(&quot;$a&quot;)&#10;+val b = 2.1&#10;+println(&quot;$b&quot;)&#10;+val c = true&#10;+if (true) {&#10;+val __tmp1 = if (c) &quot;True&quot; else &quot;False&quot;&#10;+println(&quot;$__tmp1&quot;)&#10;+}}&#10;+&#10; &#10; fun main(argv: Array&lt;String&gt;) {&#10;-    show()&#10;-}&#10;+show()}&#10;+&#10;+">/repo/tests/test_cli.py:304: in test_generated
    assert_expected_matches_generated(
/repo/tests/test_cli.py:68: in assert_expected_matches_generated
    raise AssertionError(
E   AssertionError: Generated output mismatch for print-kotlin
E   Expected: /repo/tests/expected/print.kt
E   Generated: /repo/tests/build/print.kt
E   
E   --- /repo/tests/expected/print.kt
E   +++ /repo/tests/build/print.kt
E   @@ -1,17 +1,18 @@
E    fun show() {
E   -    println("b")
E   -    println("2 b")
E   -    var a: Double = 2.1
E   -    println("$a")
E   -    val b = 2.1
E   -    println("$b")
E   -    val c = true
E   -    if (true) {
E   -        val __tmp1 = if (c) "True" else "False"
E   -        println("$__tmp1")
E   -    }
E   -}
E   +println("b")
E   +println("2 b")
E   +var a: Double = 2.1
E   +println("$a")
E   +val b = 2.1
E   +println("$b")
E   +val c = true
E   +if (true) {
E   +val __tmp1 = if (c) "True" else "False"
E   +println("$__tmp1")
E   +}}
E   +
E    
E    fun main(argv: Array&lt;String&gt;) {
E   -    show()
E   -}
E   +show()}
E   +
E   +</failure></testcase><testcase classname="tests.test_cli.TestCodeGenerator" name="test_generated[print-lean]" time="0.002"><skipped type="pytest.skip" message="/repo/tests/expected/print.lean not found">/repo/tests/test_cli.py:257: /repo/tests/expected/print.lean not found</skipped></testcase><testcase classname="tests.test_cli.TestCodeGenerator" name="test_generated[print-nim]" time="0.002"><skipped type="pytest.skip" message="nimpretty not available">/repo/tests/test_cli.py:261: nimpretty not available</skipped></testcase><testcase classname="tests.test_cli.TestCodeGenerator" name="test_generated[print-mojo]" time="0.002"><skipped type="pytest.skip" message="/repo/tests/expected/print.mojo not found">/repo/tests/test_cli.py:257: /repo/tests/expected/print.mojo not found</skipped></testcase><testcase classname="tests.test_cli.TestCodeGenerator" name="test_generated[print-dlang]" time="0.002"><skipped type="pytest.skip" message="dub not available">/repo/tests/test_cli.py:261: dub not available</skipped></testcase><testcase classname="tests.test_cli.TestCodeGenerator" name="test_generated[print-dart]" time="0.002"><skipped type="pytest.skip" message="dart not available">/repo/tests/test_cli.py:261: dart not available</skipped></testcase><testcase classname="tests.test_cli.TestCodeGenerator" name="test_generated[print-go]" time="0.002"><skipped type="pytest.skip" message="gofmt not available">/repo/tests/test_cli.py:261: gofmt not available</skipped></testcase><testcase classname="tests.test_cli.TestCodeGenerator" name="test_generated[print-vlang]" time="0.002"><skipped type="pytest.skip" message="v not available">/repo/tests/test_cli.py:261: v not available</skipped></testcase><testcase classname="tests.test_cli.TestCodeGenerator" name="test_generated[print-smt]" time="0.002"><skipped type="pytest.skip" message="/repo/tests/expected/print.smt not found">/repo/tests/test_cli.py:257: /repo/tests/expected/print.smt not found</skipped></testcase><testcase classname="tests.test_cli.TestCodeGenerator" name="test_generated[print-zig]" time="0.002"><skipped type="pytest.skip" message="/repo/tests/expected/print.zig not found">/repo/tests/test_cli.py:257: /repo/tests/expected/print.zig not found</skipped></testcase><testcase classname="tests.test_cli.TestCodeGenerator" name="test_generated[hello_world-python]" time="0.242" /><testcase classname="tests.test_cli.TestCodeGenerator" name="test_generated[hello_world-cpp]" time="0.002"><skipped type="pytest.skip" message="clang-format not available">/repo/tests/test_cli.py:261: clang-format not available</skipped></testcase><testcase classname="tests.test_cli.TestCodeGenerator" name="test_generated[hello_world-rust]" time="0.002"><skipped type="pytest.skip" message="rustfmt not available">/repo/tests/test_cli.py:261: rustfmt not available</skipped></testcase><testcase classname="tests.test_cli.TestCodeGenerator" name="test_generated[hello_world-julia]" time="0.002"><skipped type="pytest.skip" message="format.jl not available">/repo/tests/test_cli.py:261: format.jl not available</skipped></testcase><testcase classname="tests.test_cli.TestCodeGenerator" name="test_generated[hello_world-kotlin]" time="0.092"><failure message="AssertionError: Generated output mismatch for hello_world-kotlin&#10;Expected: /repo/tests/expected/hello_world.kt&#10;Generated: /repo/tests/build/hello_world.kt&#10;&#10;--- /repo/tests/expected/hello_world.kt&#10;+++ /repo/tests/build/hello_world.kt&#10;@@ -1,4 +1,5 @@&#10; fun main(argv: Array&lt;String&gt;) {&#10;-    println(&quot;Hello world!&quot;)&#10;-    println(&quot;Hello world!&quot;)&#10;-}&#10;+println(&quot;Hello world!&quot;)&#10;+println(&quot;Hello world!&quot;)}&#10;+&#10;+">/repo/tests/test_cli.py:304: in test_generated
    assert_expected_matches_generated(
/repo/tests/test_cli.py:68: in assert_expected_matches_generated
    raise AssertionError(
E   AssertionError: Generated output mismatch for hello_world-kotlin
E   Expected: /repo/tests/expected/hello_world.kt
E   Generated: /repo/tests/build/hello_world.kt
E   
E   --- /repo/tests/expected/hello_world.kt
E   +++ /repo/tests/build/hello_world.kt
E   @@ -1,4 +1,5 @@
E    fun main(argv: Array&lt;String&gt;) {
E   -    println("Hello world!")
E   -    println("Hello world!")
E   -}
E   +println("Hello world!")
E   +println("Hello world!")}
E   +
E   +</failure></testcase><testcase classname="tests.test_cli.TestCodeGenerator" name="test_generated[hello_world-lean]" time="0.007"><skipped type="pytest.skip" message="lean not available">/repo/tests/test_cli.py:366: lean not available</skipped></testcase><testcase classname="tests.test_cli.TestCodeGenerator" name="test_generated[hello_world-nim]" time="0.002"><skipped type="pytest.skip" message="nimpretty not available">/repo/tests/test_cli.py:261: nimpretty not available</skipped></testcase><testcase classname="tests.test_cli.TestCodeGenerator" name="test_generated[hello_world-mojo]" time="0.002"><skipped type="pytest.skip" message="mojo not available">/repo/tests/test_cli.py:261: mojo not available</skipped></testcase><testcase classname="tests.test_cli.TestCodeGenerator" name="test_generated[hello_world-dlang]" time="0.002"><skipped type="pytest.skip" message="dub not available">/repo/tests/test_cli.py:261: dub not available</skipped></testcase><testcase classname="tests.test_cli.TestCodeGenerator" name="test_generated[hello_world-dart]" time="0.002"><skipped type="pytest.skip" message="dart not available">/repo/tests/test_cli.py:261: dart not available</skipped></testcase><testcase classname="tests.test_cli.TestCodeGenerator" name="test_generated[hello_world-go]" time="0.002"><skipped type="pytest.skip" message="gofmt not available">/repo/tests/test_cli.py:261: gofmt not available</skipped></testcase><testcase classname="tests.test_cli.TestCodeGenerator" name="test_generated[hello_world-vlang]" time="0.002"><skipped type="pytest.skip" message="v not available">/repo/tests/test_cli.py:261: v not available</skipped></testcase><testcase classname="tests.test_cli.TestCodeGenerator" name="test_generated[hello_world-smt]" time="0.001"><skipped type="pytest.skip" message="/repo/tests/expected/hello_world.smt not found">/repo/tests/test_cli.py:257: /repo/tests/expected/hello_world.smt not found</skipped></testcase><testcase classname="tests.test_cli.TestCodeGenerator" name="test_generated[hello_world-zig]" time="0.002"><skipped type="pytest.skip" message="zig not available">/repo/tests/test_cli.py:261: zig not available</skipped></testcase><testcase classname="tests.test_cli.TestCodeGenerator" name="test_generated[exceptions-python]" time="0.247" /><testcase classname="tests.test_cli.TestCodeGenerator" name="test_generated[exceptions-cpp]" time="0.002"><skipped type="pytest.skip" message="/repo/tests/expected/exceptions.cpp not found">/repo/tests/test_cli.py:257: /repo/tests/expected/exceptions.cpp not found</skipped></testcase><testcase classname="tests.test_cli.TestCodeGenerator" name="test_generated[exceptions-rust]" time="0.002"><skipped type="pytest.skip" message="/repo/tests/expected/exceptions.rs not found">/repo/tests/test_cli.py:257: /repo/tests/expected/exceptions.rs not found</skipped></testcase><testcase classname="tests.test_cli.TestCodeGenerator" name="test_generated[exceptions-julia]" time="0.002"><skipped type="pytest.skip" message="format.jl not available">/repo/tests/test_cli.py:261: format.jl not available</skipped></testcase><testcase classname="tests.test_cli.TestCodeGenerator" name="test_generated[exceptions-kotlin]" time="0.002"><skipped type="pytest.skip" message="/repo/tests/expected/exceptions.kt not found">/repo/tests/test_cli.py:257: /repo/tests/expected/exceptions.kt not found</skipped></testcase><testcase classname="tests.test_cli.TestCodeGenerator" name="test_generated[exceptions-lean]" time="0.002"><skipped type="pytest.skip" message="/repo/tests/expected/exceptions.lean not found">/repo/tests/test_cli.py:257: /repo/tests/expected/exceptions.lean not found</skipped></testcase><testcase classname="tests.test_cli.TestCodeGenerator" name="test_generated[exceptions-nim]" time="0.002"><skipped type="pytest.skip" message="/repo/tests/expected/exceptions.nim not found">/repo/tests/test_cli.py:257: /repo/tests/expected/exceptions.nim not found</skipped></testcase><testcase classname="tests.test_cli.TestCodeGenerator" name="test_generated[exceptions-mojo]" time="0.002"><skipped type="pytest.skip" message="/repo/tests/expected/exceptions.mojo not found">/repo/tests/test_cli.py:257: /repo/tests/expected/exceptions.mojo not found</skipped></testcase><testcase classname="tests.test_cli.TestCodeGenerator" name="test_generated[exceptions-dlang]" time="0.002"><skipped type="pytest.skip" message="/repo/tests/expected/exceptions.d not found">/repo/tests/test_cli.py:257: /repo/tests/expected/exceptions.d not found</skipped></testcase><testcase classname="tests.test_cli.TestCodeGenerator" name="test_generated[exceptions-dart]" time="0.002"><skipped type="pytest.skip" message="dart not available">/repo/tests/test_cli.py:261: dart not available</skipped></testcase><testcase classname="tests.test_cli.TestCodeGenerator" name="test_generated[exceptions-go]" time="0.002"><skipped type="pytest.skip" message="gofmt not available">/repo/tests/test_cli.py:261: gofmt not available</skipped></testcase><testcase classname="tests.test_cli.TestCodeGenerator" name="test_generated[exceptions-vlang]" time="0.002"><skipped type="pytest.skip" message="v not available">/repo/tests/test_cli.py:261: v not available</skipped></testcase><testcase classname="tests.test_cli.TestCodeGenerator" name="test_generated[exceptions-smt]" time="0.002"><skipped type="pytest.skip" message="/repo/tests/expected/exceptions.smt not found">/repo/tests/test_cli.py:257: /repo/tests/expected/exceptions.smt not found</skipped></testcase><testcase classname="tests.test_cli.TestCodeGenerator" name="test_generated[exceptions-zig]" time="0.002"><skipped type="pytest.skip" message="/repo/tests/expected/exceptions.zig not found">/repo/tests/test_cli.py:257: /repo/tests/expected/exceptions.zig not found</skipped></testcase><testcase classname="tests.test_cli.TestCodeGenerator" name="test_generated[cls-python]" time="0.242" /><testcase classname="tests.test_cli.TestCodeGenerator" name="test_generated[cls-cpp]" time="0.002"><skipped type="pytest.skip" message="clang-format not available">/repo/tests/test_cli.py:261: clang-format not available</skipped></testcase><testcase classname="tests.test_cli.TestCodeGenerator" name="test_generated[cls-rust]" time="0.002"><skipped type="pytest.skip" message="rustfmt not available">/repo/tests/test_cli.py:261: rustfmt not available</skipped></testcase><testcase classname="tests.test_cli.TestCodeGenerator" name="test_generated[cls-julia]" time="0.002"><skipped type="pytest.skip" message="format.jl not available">/repo/tests/test_cli.py:261: format.jl not available</skipped></testcase><testcase classname="tests.test_cli.TestCodeGenerator" name="test_generated[cls-kotlin]" time="0.079"><failure message="AssertionError: Generated output mismatch for cls-kotlin&#10;Expected: /repo/tests/expected/cls.kt&#10;Generated: /repo/tests/build/cls.kt&#10;&#10;--- /repo/tests/expected/cls.kt&#10;+++ /repo/tests/build/cls.kt&#10;@@ -1,9 +1,15 @@&#10; class Foo {&#10;-    fun bar(): String = &quot;a&quot;&#10;+&#10;+&#10;+ fun bar(): String {&#10;+return &quot;a&quot;}&#10;+&#10;+&#10; }&#10; &#10; fun main(argv: Array&lt;String&gt;) {&#10;-    val f = Foo()&#10;-    val b = f.bar()&#10;-    println(&quot;$b&quot;)&#10;-}&#10;+val f = Foo()&#10;+val b = f.bar()&#10;+println(&quot;$b&quot;)}&#10;+&#10;+">/repo/tests/test_cli.py:304: in test_generated
    assert_expected_matches_generated(
/repo/tests/test_cli.py:68: in assert_expected_matches_generated
    raise AssertionError(
E   AssertionError: Generated output mismatch for cls-kotlin
E   Expected: /repo/tests/expected/cls.kt
E   Generated: /repo/tests/build/cls.kt
E   
E   --- /repo/tests/expected/cls.kt
E   +++ /repo/tests/build/cls.kt
E   @@ -1,9 +1,15 @@
E    class Foo {
E   -    fun bar(): String = "a"
E   +
E   +
E   + fun bar(): String {
E   +return "a"}
E   +
E   +
E    }
E    
E    fun main(argv: Array&lt;String&gt;) {
E   -    val f = Foo()
E   -    val b = f.bar()
E   -    println("$b")
E   -}
E   +val f = Foo()
E   +val b = f.bar()
E   +println("$b")}
E   +
E   +</failure></testcase><testcase classname="tests.test_cli.TestCodeGenerator" name="test_generated[cls-lean]" time="0.002"><skipped type="pytest.skip" message="/repo/tests/expected/cls.lean not found">/repo/tests/test_cli.py:257: /repo/tests/expected/cls.lean not found</skipped></testcase><testcase classname="tests.test_cli.TestCodeGenerator" name="test_generated[cls-nim]" time="0.002"><skipped type="pytest.skip" message="nimpretty not available">/repo/tests/test_cli.py:261: nimpretty not available</skipped></testcase><testcase classname="tests.test_cli.TestCodeGenerator" name="test_generated[cls-mojo]" time="0.002"><skipped type="pytest.skip" message="mojo not available">/repo/tests/test_cli.py:261: mojo not available</skipped></testcase><testcase classname="tests.test_cli.TestCodeGenerator" name="test_generated[cls-dlang]" time="0.002"><skipped type="pytest.skip" message="dub not available">/repo/tests/test_cli.py:261: dub not available</skipped></testcase><testcase classname="tests.test_cli.TestCodeGenerator" name="test_generated[cls-dart]" time="0.002"><skipped type="pytest.skip" message="dart not available">/repo/tests/test_cli.py:261: dart not available</skipped></testcase><testcase classname="tests.test_cli.TestCodeGenerator" name="test_generated[cls-go]" time="0.002"><skipped type="pytest.skip" message="gofmt not available">/repo/tests/test_cli.py:261: gofmt not available</skipped></testcase><testcase classname="tests.test_cli.TestCodeGenerator" name="test_generated[cls-vlang]" time="0.002"><skipped type="pytest.skip" message="v not available">/repo/tests/test_cli.py:261: v not available</skipped></testcase><testcase classname="tests.test_cli.TestCodeGenerator" name="test_generated[cls-smt]" time="0.002"><skipped type="pytest.skip" message="/repo/tests/expected/cls.smt not found">/repo/tests/test_cli.py:257: /repo/tests/expected/cls.smt not found</skipped></testcase><testcase classname="tests.test_cli.TestCodeGenerator" name="test_generated[cls-zig]" time="0.002"><skipped type="pytest.skip" message="/repo/tests/expected/cls.zig not found">/repo/tests/test_cli.py:257: /repo/tests/expected/cls.zig not found</skipped></testcase><testcase classname="tests.test_cli.TestCodeGenerator" name="test_generated[datatypes-python]" time="0.002"><skipped type="pytest.skip" message="/repo/tests/expected/datatypes.py not found">/repo/tests/test_cli.py:257: /repo/tests/expected/datatypes.py not found</skipped></testcase><testcase classname="tests.test_cli.TestCodeGenerator" name="test_generated[datatypes-cpp]" time="0.002"><skipped type="pytest.skip" message="/repo/tests/expected/datatypes.cpp not found">/repo/tests/test_cli.py:257: /repo/tests/expected/datatypes.cpp not found</skipped></testcase><testcase classname="tests.test_cli.TestCodeGenerator" name="test_generated[datatypes-rust]" time="0.002"><skipped type="pytest.skip" message="/repo/tests/expected/datatypes.rs not found">/repo/tests/test_cli.py:257: /repo/tests/expected/datatypes.rs not found</skipped></testcase><testcase classname="tests.test_cli.TestCodeGenerator" name="test_generated[datatypes-julia]" time="0.002"><skipped type="pytest.skip" message="/repo/tests/expected/datatypes.jl not found">/repo/tests/test_cli.py:257: /repo/tests/expected/datatypes.jl not found</skipped></testcase><testcase classname="tests.test_cli.TestCodeGenerator" name="test_generated[datatypes-kotlin]" time="0.002"><skipped type="pytest.skip" message="/repo/tests/expected/datatypes.kt not found">/repo/tests/test_cli.py:257: /repo/tests/expected/datatypes.kt not found</skipped></testcase><testcase classname="tests.test_cli.TestCodeGenerator" name="test_generated[datatypes-lean]" time="0.002"><skipped type="pytest.skip" message="/repo/tests/expected/datatypes.lean not found">/repo/tests/test_cli.py:257: /repo/tests/expected/datatypes.lean not found</skipped></testcase><testcase classname="tests.test_cli.TestCodeGenerator" name="test_generated[datatypes-nim]" time="0.002"><skipped type="pytest.skip" message="/repo/tests/expected/datatypes.nim not found">/repo/tests/test_cli.py:257: /repo/tests/expected/datatypes.nim not found</skipped></testcase><testcase classname="tests.test_cli.TestCodeGenerator" name="test_generated[datatypes-mojo]" time="0.002"><skipped type="pytest.skip" message="/repo/tests/expected/datatypes.mojo not found">/repo/tests/test_cli.py:257: /repo/tests/expected/datatypes.mojo not found</skipped></testcase><testcase classname="tests.test_cli.TestCodeGenerator" name="test_generated[datatypes-dlang]" time="0.002"><skipped type="pytest.skip" message="/repo/tests/expected/datatypes.d not found">/repo/tests/test_cli.py:257: /repo/tests/expected/datatypes.d not found</skipped></testcase><testcase classname="tests.test_cli.TestCodeGenerator" name="test_generated[datatypes-dart]" time="0.002"><skipped type="pytest.skip" message="/repo/tests/expected/datatypes.dart not found">/repo/tests/test_cli.py:257: /repo/tests/expected/datatypes.dart not found</skipped></testcase><testcase classname="tests.test_cli.TestCodeGenerator" name="test_generated[datatypes-go]" time="0.002"><skipped type="pytest.skip" message="/repo/tests/expected/datatypes.go not found">/repo/tests/test_cli.py:257: /repo/tests/expected/datatypes.go not found</skipped></testcase><testcase classname="tests.test_cli.TestCodeGenerator" name="test_generated[datatypes-vlang]" time="0.002"><skipped type="pytest.skip" message="/repo/tests/expected/datatypes.v not found">/repo/tests/test_cli.py:257: /repo/tests/expected/datatypes.v not found</skipped></testcase><testcase classname="tests.test_cli.TestCodeGenerator" name="test_generated[datatypes-smt]" time="0.002"><skipped type="pytest.skip" message="cljstyle not available">/repo/tests/test_cli.py:261: cljstyle not available</skipped></testcase><testcase classname="tests.test_cli.TestCodeGenerator" name="test_generated[datatypes-zig]" time="0.002"><skipped type="pytest.skip" message="/repo/tests/expected/datatypes.zig not found">/repo/tests/test_cli.py:257: /repo/tests/expected/datatypes.zig not found</skipped></testcase><testcase classname="tests.test_cli.TestCodeGenerator" name="test_generated[fib-python]" time="0.241" /><testcase classname="tests.test_cli.TestCodeGenerator" name="test_generated[fib-cpp]" time="0.002"><skipped type="pytest.skip" message="clang-format not available">/repo/tests/test_cli.py:261: clang-format not available</skipped></testcase><testcase classname="tests.test_cli.TestCodeGenerator" name="test_generated[fib-rust]" time="0.002"><skipped type="pytest.skip" message="rustfmt not available">/repo/tests/test_cli.py:261: rustfmt not available</skipped></testcase><testcase classname="tests.test_cli.TestCodeGenerator" name="test_generated[fib-julia]" time="0.002"><skipped type="pytest.skip" message="format.jl not available">/repo/tests/test_cli.py:261: format.jl not available</skipped></testcase><testcase classname="tests.test_cli.TestCodeGenerator" name="test_generated[fib-kotlin]" time="0.081"><failure message="AssertionError: Generated output mismatch for fib-kotlin&#10;Expected: /repo/tests/expected/fib.kt&#10;Generated: /repo/tests/build/fib.kt&#10;&#10;--- /repo/tests/expected/fib.kt&#10;+++ /repo/tests/build/fib.kt&#10;@@ -1,13 +1,14 @@&#10; fun fib(i: Int): Int {&#10;-    if (i == 0 || i == 1) {&#10;-        return 1&#10;-    }&#10;-    return (fib((i - 1)) + fib((i - 2)))&#10;+if(i == 0||i == 1) {&#10;+return 1&#10; }&#10;+return (fib((i - 1)) + fib((i - 2)))}&#10;+&#10; &#10; fun main(argv: Array&lt;String&gt;) {&#10;-    if (true) {&#10;-        val __tmp1 = fib(5)&#10;-        println(&quot;$__tmp1&quot;)&#10;-    }&#10;-}&#10;+if (true) {&#10;+val __tmp1 = fib(5)&#10;+println(&quot;$__tmp1&quot;)&#10;+}}&#10;+&#10;+">/repo/tests/test_cli.py:304: in test_generated
    assert_expected_matches_generated(
/repo/tests/test_cli.py:68: in assert_expected_matches_generated
    raise AssertionError(
E   AssertionError: Generated output mismatch for fib-kotlin
E   Expected: /repo/tests/expected/fib.kt
E   Generated: /repo/tests/build/fib.kt
E   
E   --- /repo/tests/expected/fib.kt
E   +++ /repo/tests/build/fib.kt
E   @@ -1,13 +1,14 @@
E    fun fib(i: Int): Int {
E   -    if (i == 0 || i == 1) {
E   -        return 1
E   -    }
E   -    return (fib((i - 1)) + fib((i - 2)))
E   +if(i == 0||i == 1) {
E   +return 1
E    }
E   +return (fib((i - 1)) + fib((i - 2)))}
E   +
E    
E    fun main(argv: Array&lt;String&gt;) {
E   -    if (true) {
E   -        val __tmp1 = fib(5)
E   -        println("$__tmp1")
E   -    }
E   -}
E   +if (true) {
E   +val __tmp1 = fib(5)
E   +println("$__tmp1")
E   +}}
E   +
[...]
ailable</skipped></testcase><testcase classname="tests.test_unsupported.TestCodeGenerator" name="test_snippet[intflag_bitop-go]" time="0.027"><skipped type="pytest.skip" message="gofmt not available">/repo/tests/test_unsupported.py:291: gofmt not available</skipped></testcase><testcase classname="tests.test_unsupported.TestCodeGenerator" name="test_snippet[intflag_bitop-cpp]" time="0.025"><skipped type="pytest.skip" message="clang-format not available">/repo/tests/test_unsupported.py:291: clang-format not available</skipped></testcase><testcase classname="tests.test_unsupported.TestCodeGenerator" name="test_snippet[intflag_bitop-lean]" time="0.026"><skipped type="pytest.skip" message="lean not available">/repo/tests/test_unsupported.py:333: lean not available</skipped></testcase><testcase classname="tests.test_unsupported.TestCodeGenerator" name="test_snippet[intflag_bitop-julia]" time="0.029"><skipped type="pytest.skip" message="format.jl not available">/repo/tests/test_unsupported.py:291: format.jl not available</skipped></testcase><testcase classname="tests.test_unsupported.TestCodeGenerator" name="test_snippet[intflag_bitop-kotlin]" time="0.078" /><testcase classname="tests.test_unsupported.TestCodeGenerator" name="test_snippet[bool_to_int-dlang]" time="0.023"><skipped type="pytest.skip" message="dub not available">/repo/tests/test_unsupported.py:291: dub not available</skipped></testcase><testcase classname="tests.test_unsupported.TestCodeGenerator" name="test_snippet[bool_to_int-dart]" time="0.023"><skipped type="pytest.skip" message="dart not available">/repo/tests/test_unsupported.py:291: dart not available</skipped></testcase><testcase classname="tests.test_unsupported.TestCodeGenerator" name="test_snippet[bool_to_int-vlang]" time="0.022"><skipped type="pytest.skip" message="v not available">/repo/tests/test_unsupported.py:291: v not available</skipped></testcase><testcase classname="tests.test_unsupported.TestCodeGenerator" name="test_snippet[bool_to_int-nim]" time="0.022"><skipped type="pytest.skip" message="nimpretty not available">/repo/tests/test_unsupported.py:291: nimpretty not available</skipped></testcase><testcase classname="tests.test_unsupported.TestCodeGenerator" name="test_snippet[bool_to_int-zig]" time="0.023"><skipped type="pytest.skip" message="zig not available">/repo/tests/test_unsupported.py:291: zig not available</skipped></testcase><testcase classname="tests.test_unsupported.TestCodeGenerator" name="test_snippet[bool_to_int-rust]" time="0.024"><skipped type="pytest.skip" message="rustfmt not available">/repo/tests/test_unsupported.py:291: rustfmt not available</skipped></testcase><testcase classname="tests.test_unsupported.TestCodeGenerator" name="test_snippet[bool_to_int-mojo]" time="0.023"><skipped type="pytest.skip" message="mojo not available">/repo/tests/test_unsupported.py:291: mojo not available</skipped></testcase><testcase classname="tests.test_unsupported.TestCodeGenerator" name="test_snippet[bool_to_int-go]" time="0.025"><skipped type="pytest.skip" message="gofmt not available">/repo/tests/test_unsupported.py:291: gofmt not available</skipped></testcase><testcase classname="tests.test_unsupported.TestCodeGenerator" name="test_snippet[bool_to_int-cpp]" time="0.023"><skipped type="pytest.skip" message="clang-format not available">/repo/tests/test_unsupported.py:291: clang-format not available</skipped></testcase><testcase classname="tests.test_unsupported.TestCodeGenerator" name="test_snippet[bool_to_int-lean]" time="0.022"><skipped type="pytest.skip" message="lean not available">/repo/tests/test_unsupported.py:333: lean not available</skipped></testcase><testcase classname="tests.test_unsupported.TestCodeGenerator" name="test_snippet[bool_to_int-julia]" time="0.022"><skipped type="pytest.skip" message="format.jl not available">/repo/tests/test_unsupported.py:291: format.jl not available</skipped></testcase><testcase classname="tests.test_unsupported.TestCodeGenerator" name="test_snippet[bool_to_int-kotlin]" time="0.076" /><testcase classname="tests.test_unsupported.TestCodeGenerator" name="test_snippet[bool_plus_int-dlang]" time="0.024"><skipped type="pytest.skip" message="dub not available">/repo/tests/test_unsupported.py:291: dub not available</skipped></testcase><testcase classname="tests.test_unsupported.TestCodeGenerator" name="test_snippet[bool_plus_int-dart]" time="0.023"><skipped type="pytest.skip" message="dart not available">/repo/tests/test_unsupported.py:291: dart not available</skipped></testcase><testcase classname="tests.test_unsupported.TestCodeGenerator" name="test_snippet[bool_plus_int-vlang]" time="0.022"><skipped type="pytest.skip" message="v not available">/repo/tests/test_unsupported.py:291: v not available</skipped></testcase><testcase classname="tests.test_unsupported.TestCodeGenerator" name="test_snippet[bool_plus_int-nim]" time="0.023"><skipped type="pytest.skip" message="nimpretty not available">/repo/tests/test_unsupported.py:291: nimpretty not available</skipped></testcase><testcase classname="tests.test_unsupported.TestCodeGenerator" name="test_snippet[bool_plus_int-zig]" time="0.023"><skipped type="pytest.skip" message="zig not available">/repo/tests/test_unsupported.py:291: zig not available</skipped></testcase><testcase classname="tests.test_unsupported.TestCodeGenerator" name="test_snippet[bool_plus_int-rust]" time="0.024"><skipped type="pytest.skip" message="rustfmt not available">/repo/tests/test_unsupported.py:291: rustfmt not available</skipped></testcase><testcase classname="tests.test_unsupported.TestCodeGenerator" name="test_snippet[bool_plus_int-mojo]" time="0.023"><skipped type="pytest.skip" message="mojo not available">/repo/tests/test_unsupported.py:291: mojo not available</skipped></testcase><testcase classname="tests.test_unsupported.TestCodeGenerator" name="test_snippet[bool_plus_int-go]" time="0.023"><skipped type="pytest.skip" message="gofmt not available">/repo/tests/test_unsupported.py:291: gofmt not available</skipped></testcase><testcase classname="tests.test_unsupported.TestCodeGenerator" name="test_snippet[bool_plus_int-cpp]" time="0.023"><skipped type="pytest.skip" message="clang-format not available">/repo/tests/test_unsupported.py:291: clang-format not available</skipped></testcase><testcase classname="tests.test_unsupported.TestCodeGenerator" name="test_snippet[bool_plus_int-lean]" time="0.022"><skipped type="pytest.skip" message="lean not available">/repo/tests/test_unsupported.py:333: lean not available</skipped></testcase><testcase classname="tests.test_unsupported.TestCodeGenerator" name="test_snippet[bool_plus_int-julia]" time="0.022"><skipped type="pytest.skip" message="format.jl not available">/repo/tests/test_unsupported.py:291: format.jl not available</skipped></testcase><testcase classname="tests.test_unsupported.TestCodeGenerator" name="test_snippet[bool_plus_int-kotlin]" time="0.076" /><testcase classname="tests.test_unsupported.TestCodeGenerator" name="test_snippet[del-dlang]" time="0.023"><skipped type="pytest.skip" message="dub not available">/repo/tests/test_unsupported.py:291: dub not available</skipped></testcase><testcase classname="tests.test_unsupported.TestCodeGenerator" name="test_snippet[del-dart]" time="0.023"><skipped type="pytest.skip" message="dart not available">/repo/tests/test_unsupported.py:291: dart not available</skipped></testcase><testcase classname="tests.test_unsupported.TestCodeGenerator" name="test_snippet[del-vlang]" time="0.022"><skipped type="pytest.skip" message="v not available">/repo/tests/test_unsupported.py:291: v not available</skipped></testcase><testcase classname="tests.test_unsupported.TestCodeGenerator" name="test_snippet[del-nim]" time="0.036"><skipped type="pytest.skip" message="nimpretty not available">/repo/tests/test_unsupported.py:291: nimpretty not available</skipped></testcase><testcase classname="tests.test_unsupported.TestCodeGenerator" name="test_snippet[del-zig]" time="0.031"><skipped type="pytest.skip" message="zig not available">/repo/tests/test_unsupported.py:291: zig not available</skipped></testcase><testcase classname="tests.test_unsupported.TestCodeGenerator" name="test_snippet[del-rust]" time="0.027"><skipped type="pytest.skip" message="rustfmt not available">/repo/tests/test_unsupported.py:291: rustfmt not available</skipped></testcase><testcase classname="tests.test_unsupported.TestCodeGenerator" name="test_snippet[del-mojo]" time="0.032"><skipped type="pytest.skip" message="mojo not available">/repo/tests/test_unsupported.py:291: mojo not available</skipped></testcase><testcase classname="tests.test_unsupported.TestCodeGenerator" name="test_snippet[del-go]" time="0.023"><skipped type="pytest.skip" message="gofmt not available">/repo/tests/test_unsupported.py:291: gofmt not available</skipped></testcase><testcase classname="tests.test_unsupported.TestCodeGenerator" name="test_snippet[del-cpp]" time="0.022"><skipped type="pytest.skip" message="clang-format not available">/repo/tests/test_unsupported.py:291: clang-format not available</skipped></testcase><testcase classname="tests.test_unsupported.TestCodeGenerator" name="test_snippet[del-lean]" time="0.022"><skipped type="pytest.skip" message="lean not available">/repo/tests/test_unsupported.py:333: lean not available</skipped></testcase><testcase classname="tests.test_unsupported.TestCodeGenerator" name="test_snippet[del-julia]" time="0.023"><skipped type="pytest.skip" message="format.jl not available">/repo/tests/test_unsupported.py:291: format.jl not available</skipped></testcase><testcase classname="tests.test_unsupported.TestCodeGenerator" name="test_snippet[del-kotlin]" time="0.074" /><testcase classname="tests.test_unsupported.TestCodeGenerator" name="test_snippet[dict_empty-dlang]" time="0.023"><skipped type="pytest.skip" message="dub not available">/repo/tests/test_unsupported.py:291: dub not available</skipped></testcase><testcase classname="tests.test_unsupported.TestCodeGenerator" name="test_snippet[dict_empty-dart]" time="0.022"><skipped type="pytest.skip" message="dart not available">/repo/tests/test_unsupported.py:291: dart not available</skipped></testcase><testcase classname="tests.test_unsupported.TestCodeGenerator" name="test_snippet[dict_empty-vlang]" time="0.021"><skipped type="pytest.skip" message="v not available">/repo/tests/test_unsupported.py:291: v not available</skipped></testcase><testcase classname="tests.test_unsupported.TestCodeGenerator" name="test_snippet[dict_empty-nim]" time="0.021"><skipped type="pytest.skip" message="nimpretty not available">/repo/tests/test_unsupported.py:291: nimpretty not available</skipped></testcase><testcase classname="tests.test_unsupported.TestCodeGenerator" name="test_snippet[dict_empty-zig]" time="0.022"><skipped type="pytest.skip" message="zig not available">/repo/tests/test_unsupported.py:291: zig not available</skipped></testcase><testcase classname="tests.test_unsupported.TestCodeGenerator" name="test_snippet[dict_empty-rust]" time="0.023"><skipped type="pytest.skip" message="rustfmt not available">/repo/tests/test_unsupported.py:291: rustfmt not available</skipped></testcase><testcase classname="tests.test_unsupported.TestCodeGenerator" name="test_snippet[dict_empty-mojo]" time="0.022"><skipped type="pytest.skip" message="mojo not available">/repo/tests/test_unsupported.py:291: mojo not available</skipped></testcase><testcase classname="tests.test_unsupported.TestCodeGenerator" name="test_snippet[dict_empty-go]" time="0.024"><skipped type="pytest.skip" message="gofmt not available">/repo/tests/test_unsupported.py:291: gofmt not available</skipped></testcase><testcase classname="tests.test_unsupported.TestCodeGenerator" name="test_snippet[dict_empty-cpp]" time="0.023"><skipped type="pytest.skip" message="clang-format not available">/repo/tests/test_unsupported.py:291: clang-format not available</skipped></testcase><testcase classname="tests.test_unsupported.TestCodeGenerator" name="test_snippet[dict_empty-lean]" time="0.023"><skipped type="pytest.skip" message="lean not available">/repo/tests/test_unsupported.py:333: lean not available</skipped></testcase><testcase classname="tests.test_unsupported.TestCodeGenerator" name="test_snippet[dict_empty-julia]" time="0.022"><skipped type="pytest.skip" message="format.jl not available">/repo/tests/test_unsupported.py:291: format.jl not available</skipped></testcase><testcase classname="tests.test_unsupported.TestCodeGenerator" name="test_snippet[dict_empty-kotlin]" time="0.077" /><testcase classname="tests.test_unsupported.TestCodeGenerator" name="test_snippet[dict_del-dlang]" time="0.026"><skipped type="pytest.skip" message="dub not available">/repo/tests/test_unsupported.py:291: dub not available</skipped></testcase><testcase classname="tests.test_unsupported.TestCodeGenerator" name="test_snippet[dict_del-dart]" time="0.025"><skipped type="pytest.skip" message="dart not available">/repo/tests/test_unsupported.py:291: dart not available</skipped></testcase><testcase classname="tests.test_unsupported.TestCodeGenerator" name="test_snippet[dict_del-vlang]" time="0.025"><skipped type="pytest.skip" message="v not available">/repo/tests/test_unsupported.py:291: v not available</skipped></testcase><testcase classname="tests.test_unsupported.TestCodeGenerator" name="test_snippet[dict_del-nim]" time="0.025"><skipped type="pytest.skip" message="nimpretty not available">/repo/tests/test_unsupported.py:291: nimpretty not available</skipped></testcase><testcase classname="tests.test_unsupported.TestCodeGenerator" name="test_snippet[dict_del-zig]" time="0.025"><skipped type="pytest.skip" message="zig not available">/repo/tests/test_unsupported.py:291: zig not available</skipped></testcase><testcase classname="tests.test_unsupported.TestCodeGenerator" name="test_snippet[dict_del-rust]" time="0.026"><skipped type="pytest.skip" message="rustfmt not available">/repo/tests/test_unsupported.py:291: rustfmt not available</skipped></testcase><testcase classname="tests.test_unsupported.TestCodeGenerator" name="test_snippet[dict_del-mojo]" time="0.024"><skipped type="pytest.skip" message="mojo not available">/repo/tests/test_unsupported.py:291: mojo not available</skipped></testcase><testcase classname="tests.test_unsupported.TestCodeGenerator" name="test_snippet[dict_del-go]" time="0.023"><skipped type="pytest.skip" message="gofmt not available">/repo/tests/test_unsupported.py:291: gofmt not available</skipped></testcase><testcase classname="tests.test_unsupported.TestCodeGenerator" name="test_snippet[dict_del-cpp]" time="0.024"><skipped type="pytest.skip" message="clang-format not available">/repo/tests/test_unsupported.py:291: clang-format not available</skipped></testcase><testcase classname="tests.test_unsupported.TestCodeGenerator" name="test_snippet[dict_del-lean]" time="0.024"><skipped type="pytest.skip" message="lean not available">/repo/tests/test_unsupported.py:333: lean not available</skipped></testcase><testcase classname="tests.test_unsupported.TestCodeGenerator" name="test_snippet[dict_del-julia]" time="0.024"><skipped type="pytest.skip" message="format.jl not available">/repo/tests/test_unsupported.py:291: format.jl not available</skipped></testcase><testcase classname="tests.test_unsupported.TestCodeGenerator" name="test_snippet[dict_del-kotlin]" time="0.082" /><testcase classname="tests.test_unsupported.TestCodeGenerator" name="test_snippet[dict_order-dlang]" time="0.028"><skipped type="pytest.skip" message="dub not available">/repo/tests/test_unsupported.py:291: dub not available</skipped></testcase><testcase classname="tests.test_unsupported.TestCodeGenerator" name="test_snippet[dict_order-dart]" time="0.028"><skipped type="pytest.skip" message="dart not available">/repo/tests/test_unsupported.py:291: dart not available</skipped></testcase><testcase classname="tests.test_unsupported.TestCodeGenerator" name="test_snippet[dict_order-vlang]" time="0.028"><skipped type="pytest.skip" message="v not available">/repo/tests/test_unsupported.py:291: v not available</skipped></testcase><testcase classname="tests.test_unsupported.TestCodeGenerator" name="test_snippet[dict_order-nim]" time="0.032"><skipped type="pytest.skip" message="nimpretty not available">/repo/tests/test_unsupported.py:291: nimpretty not available</skipped></testcase><testcase classname="tests.test_unsupported.TestCodeGenerator" name="test_snippet[dict_order-zig]" time="0.026"><skipped type="pytest.skip" message="zig not available">/repo/tests/test_unsupported.py:291: zig not available</skipped></testcase><testcase classname="tests.test_unsupported.TestCodeGenerator" name="test_snippet[dict_order-rust]" time="0.027"><skipped type="pytest.skip" message="rustfmt not available">/repo/tests/test_unsupported.py:291: rustfmt not available</skipped></testcase><testcase classname="tests.test_unsupported.TestCodeGenerator" name="test_snippet[dict_order-mojo]" time="0.024"><skipped type="pytest.skip" message="mojo not available">/repo/tests/test_unsupported.py:291: mojo not available</skipped></testcase><testcase classname="tests.test_unsupported.TestCodeGenerator" name="test_snippet[dict_order-go]" time="0.025"><skipped type="pytest.skip" message="gofmt not available">/repo/tests/test_unsupported.py:291: gofmt not available</skipped></testcase><testcase classname="tests.test_unsupported.TestCodeGenerator" name="test_snippet[dict_order-cpp]" time="0.026"><skipped type="pytest.skip" message="clang-format not available">/repo/tests/test_unsupported.py:291: clang-format not available</skipped></testcase><testcase classname="tests.test_unsupported.TestCodeGenerator" name="test_snippet[dict_order-lean]" time="0.025"><skipped type="pytest.skip" message="lean not available">/repo/tests/test_unsupported.py:333: lean not available</skipped></testcase><testcase classname="tests.test_unsupported.TestCodeGenerator" name="test_snippet[dict_order-julia]" time="0.026"><skipped type="pytest.skip" message="format.jl not available">/repo/tests/test_unsupported.py:291: format.jl not available</skipped></testcase><testcase classname="tests.test_unsupported.TestCodeGenerator" name="test_snippet[dict_order-kotlin]" time="0.083" /><testcase classname="tests.test_unsupported.TestCodeGenerator" name="test_comment_unimplemented_body[dlang]" time="0.029" /><testcase classname="tests.test_unsupported.TestCodeGenerator" name="test_comment_unimplemented_body[dart]" time="0.029" /><testcase classname="tests.test_unsupported.TestCodeGenerator" name="test_comment_unimplemented_body[vlang]" time="0.029" /><testcase classname="tests.test_unsupported.TestCodeGenerator" name="test_comment_unimplemented_body[nim]" time="0.030" /><testcase classname="tests.test_unsupported.TestCodeGenerator" name="test_comment_unimplemented_body[zig]" time="0.024" /><testcase classname="tests.test_unsupported.TestCodeGenerator" name="test_comment_unimplemented_body[rust]" time="0.025" /><testcase classname="tests.test_unsupported.TestCodeGenerator" name="test_comment_unimplemented_body[mojo]" time="0.024" /><testcase classname="tests.test_unsupported.TestCodeGenerator" name="test_comment_unimplemented_body[go]" time="0.025" /><testcase classname="tests.test_unsupported.TestCodeGenerator" name="test_comment_unimplemented_body[cpp]" time="0.025" /><testcase classname="tests.test_unsupported.TestCodeGenerator" name="test_comment_unimplemented_body[lean]" time="0.024" /><testcase classname="tests.test_unsupported.TestCodeGenerator" name="test_comment_unimplemented_body[julia]" time="0.024" /><testcase classname="tests.test_unsupported.TestCodeGenerator" name="test_comment_unimplemented_body[kotlin]" time="0.024" /><testcase classname="tests.test_unsupported.TestCodeGenerator" name="test_error_cases[a: i8 = 10; b: i16 = 300; c: i16 = a + b]" time="0.024" /><testcase classname="tests.test_unsupported.TestCodeGenerator" name="test_error_cases[a: i8 = 300]" time="0.025" /></testsuite></testsuites>