<?xml version="1.0" encoding="utf-8"?><testsuites name="pytest tests"><testsuite name="pytest" errors="60" failures="3" skipped="0" tests="97" time="2.421" timestamp="2026-06-06T23:29:28.349706+00:00" hostname="4f4e830432a4"><testcase classname="" name="tests.test_api_image_request" time="0.000"><error message="collection failure">ImportError while importing test module '/repo/tests/test_api_image_request.py'.
Hint: make sure your test modules/packages have valid Python names.
Traceback:
/usr/local/lib/python3.10/importlib/__init__.py:126: in import_module
    return _bootstrap._gcd_import(name[level:], package, level)
tests/test_api_image_request.py:10: in &lt;module&gt;
    from docling.utils.api_image_request import api_image_request
docling/utils/api_image_request.py:7: in &lt;module&gt;
    import requests
E   ModuleNotFoundError: No module named 'requests'</error></testcase><testcase classname="" name="tests.test_asr_mlx_whisper" time="0.000"><error message="collection failure">ImportError while importing test module '/repo/tests/test_asr_mlx_whisper.py'.
Hint: make sure your test modules/packages have valid Python names.
Traceback:
/usr/local/lib/python3.10/importlib/__init__.py:126: in import_module
    return _bootstrap._gcd_import(name[level:], package, level)
tests/test_asr_mlx_whisper.py:27: in &lt;module&gt;
    from docling.pipeline.asr_pipeline import AsrPipeline, _MlxWhisperModel
docling/pipeline/asr_pipeline.py:19: in &lt;module&gt;
    from docling.backend.noop_backend import NoOpBackend
docling/backend/noop_backend.py:8: in &lt;module&gt;
    from docling.datamodel.document import InputDocument
docling/datamodel/document.py:23: in &lt;module&gt;
    import filetype
E   ModuleNotFoundError: No module named 'filetype'</error></testcase><testcase classname="" name="tests.test_asr_pipeline" time="0.000"><error message="collection failure">ImportError while importing test module '/repo/tests/test_asr_pipeline.py'.
Hint: make sure your test modules/packages have valid Python names.
Traceback:
/usr/local/lib/python3.10/importlib/__init__.py:126: in import_module
    return _bootstrap._gcd_import(name[level:], package, level)
tests/test_asr_pipeline.py:9: in &lt;module&gt;
    from docling.backend.noop_backend import NoOpBackend
docling/backend/noop_backend.py:8: in &lt;module&gt;
    from docling.datamodel.document import InputDocument
docling/datamodel/document.py:23: in &lt;module&gt;
    import filetype
E   ModuleNotFoundError: No module named 'filetype'</error></testcase><testcase classname="" name="tests.test_backend_asciidoc" time="0.000"><error message="collection failure">ImportError while importing test module '/repo/tests/test_backend_asciidoc.py'.
Hint: make sure your test modules/packages have valid Python names.
Traceback:
/usr/local/lib/python3.10/importlib/__init__.py:126: in import_module
    return _bootstrap._gcd_import(name[level:], package, level)
tests/test_backend_asciidoc.py:5: in &lt;module&gt;
    from docling.backend.asciidoc_backend import (
docling/backend/asciidoc_backend.py:21: in &lt;module&gt;
    from docling.datamodel.document import InputDocument
docling/datamodel/document.py:23: in &lt;module&gt;
    import filetype
E   ModuleNotFoundError: No module named 'filetype'</error></testcase><testcase classname="" name="tests.test_backend_csv" time="0.000"><error message="collection failure">ImportError while importing test module '/repo/tests/test_backend_csv.py'.
Hint: make sure your test modules/packages have valid Python names.
Traceback:
/usr/local/lib/python3.10/importlib/__init__.py:126: in import_module
    return _bootstrap._gcd_import(name[level:], package, level)
tests/test_backend_csv.py:7: in &lt;module&gt;
    from docling.datamodel.document import ConversionResult, DoclingDocument
docling/datamodel/document.py:23: in &lt;module&gt;
    import filetype
E   ModuleNotFoundError: No module named 'filetype'</error></testcase><testcase classname="" name="tests.test_backend_docling_json" time="0.000"><error message="collection failure">ImportError while importing test module '/repo/tests/test_backend_docling_json.py'.
Hint: make sure your test modules/packages have valid Python names.
Traceback:
/usr/local/lib/python3.10/importlib/__init__.py:126: in import_module
    return _bootstrap._gcd_import(name[level:], package, level)
tests/test_backend_docling_json.py:9: in &lt;module&gt;
    from docling.backend.json.docling_json_backend import DoclingJSONBackend
docling/backend/json/docling_json_backend.py:10: in &lt;module&gt;
    from docling.datamodel.document import InputDocument
docling/datamodel/document.py:23: in &lt;module&gt;
    import filetype
E   ModuleNotFoundError: No module named 'filetype'</error></testcase><testcase classname="" name="tests.test_backend_docling_parse" time="0.000"><error message="collection failure">ImportError while importing test module '/repo/tests/test_backend_docling_parse.py'.
Hint: make sure your test modules/packages have valid Python names.
Traceback:
/usr/local/lib/python3.10/importlib/__init__.py:126: in import_module
    return _bootstrap._gcd_import(name[level:], package, level)
tests/test_backend_docling_parse.py:9: in &lt;module&gt;
    import docling.backend.docling_parse_backend as docling_parse_backend_module
docling/backend/docling_parse_backend.py:10: in &lt;module&gt;
    from docling_parse.pdf_parser import (
E   ModuleNotFoundError: No module named 'docling_parse'</error></testcase><testcase classname="" name="tests.test_backend_docling_parse_legacy" time="0.000"><error message="collection failure">ImportError while importing test module '/repo/tests/test_backend_docling_parse_legacy.py'.
Hint: make sure your test modules/packages have valid Python names.
Traceback:
/usr/local/lib/python3.10/importlib/__init__.py:126: in import_module
    return _bootstrap._gcd_import(name[level:], package, level)
tests/test_backend_docling_parse_legacy.py:5: in &lt;module&gt;
    from docling.backend.docling_parse_v2_backend import DoclingParseV2DocumentBackend
docling/backend/docling_parse_v2_backend.py:6: in &lt;module&gt;
    from docling.backend.docling_parse_backend import DoclingParseDocumentBackend
docling/backend/docling_parse_backend.py:10: in &lt;module&gt;
    from docling_parse.pdf_parser import (
E   ModuleNotFoundError: No module named 'docling_parse'</error></testcase><testcase classname="" name="tests.test_backend_email" time="0.000"><error message="collection failure">ImportError while importing test module '/repo/tests/test_backend_email.py'.
Hint: make sure your test modules/packages have valid Python names.
Traceback:
/usr/local/lib/python3.10/importlib/__init__.py:126: in import_module
    return _bootstrap._gcd_import(name[level:], package, level)
tests/test_backend_email.py:6: in &lt;module&gt;
    from docling.backend.email_backend import EmailDocumentBackend
docling/backend/email_backend.py:7: in &lt;module&gt;
    import mailparser
E   ModuleNotFoundError: No module named 'mailparser'</error></testcase><testcase classname="" name="tests.test_backend_html" time="0.000"><error message="collection failure">ImportError while importing test module '/repo/tests/test_backend_html.py'.
Hint: make sure your test modules/packages have valid Python names.
Traceback:
/usr/local/lib/python3.10/importlib/__init__.py:126: in import_module
    return _bootstrap._gcd_import(name[level:], package, level)
tests/test_backend_html.py:10: in &lt;module&gt;
    import requests
E   ModuleNotFoundError: No module named 'requests'</error></testcase><testcase classname="" name="tests.test_backend_image_native" time="0.000"><error message="collection failure">ImportError while importing test module '/repo/tests/test_backend_image_native.py'.
Hint: make sure your test modules/packages have valid Python names.
Traceback:
/usr/local/lib/python3.10/importlib/__init__.py:126: in import_module
    return _bootstrap._gcd_import(name[level:], package, level)
tests/test_backend_image_native.py:8: in &lt;module&gt;
    from docling.backend.image_backend import ImageDocumentBackend, _ImagePageBackend
docling/backend/image_backend.py:17: in &lt;module&gt;
    from docling.backend.pdf_backend import PdfDocumentBackend, PdfPageBackend
docling/backend/pdf_backend.py:14: in &lt;module&gt;
    from docling.datamodel.document import InputDocument
docling/datamodel/document.py:23: in &lt;module&gt;
    import filetype
E   ModuleNotFoundError: No module named 'filetype'</error></testcase><testcase classname="" name="tests.test_backend_jats" time="0.000"><error message="collection failure">ImportError while importing test module '/repo/tests/test_backend_jats.py'.
Hint: make sure your test modules/packages have valid Python names.
Traceback:
/usr/local/lib/python3.10/importlib/__init__.py:126: in import_module
    return _bootstrap._gcd_import(name[level:], package, level)
tests/test_backend_jats.py:9: in &lt;module&gt;
    from docling.datamodel.document import ConversionResult
docling/datamodel/document.py:23: in &lt;module&gt;
    import filetype
E   ModuleNotFoundError: No module named 'filetype'</error></testcase><testcase classname="" name="tests.test_backend_markdown" time="0.000"><error message="collection failure">ImportError while importing test module '/repo/tests/test_backend_markdown.py'.
Hint: make sure your test modules/packages have valid Python names.
Traceback:
/usr/local/lib/python3.10/importlib/__init__.py:126: in import_module
    return _bootstrap._gcd_import(name[level:], package, level)
tests/test_backend_markdown.py:5: in &lt;module&gt;
    from docling.backend.md_backend import MarkdownDocumentBackend
docling/backend/md_backend.py:11: in &lt;module&gt;
    import marko
E   ModuleNotFoundError: No module named 'marko'</error></testcase><testcase classname="" name="tests.test_backend_mets_gbs" time="0.000"><error message="collection failure">ImportError while importing test module '/repo/tests/test_backend_mets_gbs.py'.
Hint: make sure your test modules/packages have valid Python names.
Traceback:
/usr/local/lib/python3.10/importlib/__init__.py:126: in import_module
    return _bootstrap._gcd_import(name[level:], package, level)
tests/test_backend_mets_gbs.py:5: in &lt;module&gt;
    from docling.backend.mets_gbs_backend import MetsGbsDocumentBackend, MetsGbsPageBackend
docling/backend/mets_gbs_backend.py:20: in &lt;module&gt;
    from lxml import etree
E   ModuleNotFoundError: No module named 'lxml'</error></testcase><testcase classname="" name="tests.test_backend_msexcel" time="0.000"><error message="collection failure">ImportError while importing test module '/repo/tests/test_backend_msexcel.py'.
Hint: make sure your test modules/packages have valid Python names.
Traceback:
/usr/local/lib/python3.10/importlib/__init__.py:126: in import_module
    return _bootstrap._gcd_import(name[level:], package, level)
tests/test_backend_msexcel.py:6: in &lt;module&gt;
    from openpyxl import load_workbook
E   ModuleNotFoundError: No module named 'openpyxl'</error></testcase><testcase classname="" name="tests.test_backend_msexcel_last_row_bounds" time="0.000"><error message="collection failure">ImportError while importing test module '/repo/tests/test_backend_msexcel_last_row_bounds.py'.
Hint: make sure your test modules/packages have valid Python names.
Traceback:
/usr/local/lib/python3.10/importlib/__init__.py:126: in import_module
    return _bootstrap._gcd_import(name[level:], package, level)
tests/test_backend_msexcel_last_row_bounds.py:5: in &lt;module&gt;
    from openpyxl import Workbook
E   ModuleNotFoundError: No module named 'openpyxl'</error></testcase><testcase classname="" name="tests.test_backend_msword" time="0.000"><error message="collection failure">ImportError while importing test module '/repo/tests/test_backend_msword.py'.
Hint: make sure your test modules/packages have valid Python names.
Traceback:
/usr/local/lib/python3.10/importlib/__init__.py:126: in import_module
    return _bootstrap._gcd_import(name[level:], package, level)
tests/test_backend_msword.py:8: in &lt;module&gt;
    from lxml import etree
E   ModuleNotFoundError: No module named 'lxml'</error></testcase><testcase classname="" name="tests.test_backend_patent_uspto" time="0.000"><error message="collection failure">ImportError while importing test module '/repo/tests/test_backend_patent_uspto.py'.
Hint: make sure your test modules/packages have valid Python names.
Traceback:
/usr/local/lib/python3.10/importlib/__init__.py:126: in import_module
    return _bootstrap._gcd_import(name[level:], package, level)
tests/test_backend_patent_uspto.py:12: in &lt;module&gt;
    from docling.backend.xml.uspto_backend import PatentUsptoDocumentBackend, XmlTable
docling/backend/xml/uspto_backend.py:51: in &lt;module&gt;
    from bs4 import BeautifulSoup, Tag
E   ModuleNotFoundError: No module named 'bs4'</error></testcase><testcase classname="" name="tests.test_backend_pdfium" time="0.000"><error message="collection failure">ImportError while importing test module '/repo/tests/test_backend_pdfium.py'.
Hint: make sure your test modules/packages have valid Python names.
Traceback:
/usr/local/lib/python3.10/importlib/__init__.py:126: in import_module
    return _bootstrap._gcd_import(name[level:], package, level)
tests/test_backend_pdfium.py:6: in &lt;module&gt;
    from docling.backend.pypdfium2_backend import (
docling/backend/pypdfium2_backend.py:23: in &lt;module&gt;
    from docling.backend.managed_pdfium_backend import (
docling/backend/managed_pdfium_backend.py:8: in &lt;module&gt;
    from docling.backend.pdf_backend import PdfDocumentBackend, PdfPageBackend
docling/backend/pdf_backend.py:14: in &lt;module&gt;
    from docling.datamodel.document import InputDocument
docling/datamodel/document.py:23: in &lt;module&gt;
    import filetype
E   ModuleNotFoundError: No module named 'filetype'</error></testcase><testcase classname="" name="tests.test_backend_pptx" time="0.000"><error message="collection failure">ImportError while importing test module '/repo/tests/test_backend_pptx.py'.
Hint: make sure your test modules/packages have valid Python names.
Traceback:
/usr/local/lib/python3.10/importlib/__init__.py:126: in import_module
    return _bootstrap._gcd_import(name[level:], package, level)
tests/test_backend_pptx.py:6: in &lt;module&gt;
    from docling.datamodel.document import ConversionResult, DoclingDocument
docling/datamodel/document.py:23: in &lt;module&gt;
    import filetype
E   ModuleNotFoundError: No module named 'filetype'</error></testcase><testcase classname="" name="tests.test_backend_vtt" time="0.000"><error message="collection failure">ImportError while importing test module '/repo/tests/test_backend_vtt.py'.
Hint: make sure your test modules/packages have valid Python names.
Traceback:
/usr/local/lib/python3.10/importlib/__init__.py:126: in import_module
    return _bootstrap._gcd_import(name[level:], package, level)
tests/test_backend_vtt.py:9: in &lt;module&gt;
    from docling.datamodel.document import ConversionResult, _DocumentConversionInput
docling/datamodel/document.py:23: in &lt;module&gt;
    import filetype
E   ModuleNotFoundError: No module named 'filetype'</error></testcase><testcase classname="" name="tests.test_backend_webp" time="0.000"><error message="collection failure">ImportError while importing test module '/repo/tests/test_backend_webp.py'.
Hint: make sure your test modules/packages have valid Python names.
Traceback:
/usr/local/lib/python3.10/importlib/__init__.py:126: in import_module
    return _bootstrap._gcd_import(name[level:], package, level)
tests/test_backend_webp.py:9: in &lt;module&gt;
    from docling.datamodel.document import ConversionResult, DoclingDocument
docling/datamodel/document.py:23: in &lt;module&gt;
    import filetype
E   ModuleNotFoundError: No module named 'filetype'</error></testcase><testcase classname="" name="tests.test_backend_xbrl" time="0.000"><error message="collection failure">ImportError while importing test module '/repo/tests/test_backend_xbrl.py'.
Hint: make sure your test modules/packages have valid Python names.
Traceback:
/usr/local/lib/python3.10/importlib/__init__.py:126: in import_module
    return _bootstrap._gcd_import(name[level:], package, level)
tests/test_backend_xbrl.py:17: in &lt;module&gt;
    from docling.datamodel.document import ConversionResult
docling/datamodel/document.py:23: in &lt;module&gt;
    import filetype
E   ModuleNotFoundError: No module named 'filetype'</error></testcase><testcase classname="" name="tests.test_cli" time="0.000"><error message="collection failure">ImportError while importing test module '/repo/tests/test_cli.py'.
Hint: make sure your test modules/packages have valid Python names.
Traceback:
/usr/local/lib/python3.10/importlib/__init__.py:126: in import_module
    return _bootstrap._gcd_import(name[level:], package, level)
tests/test_cli.py:12: in &lt;module&gt;
    from docling.cli.main import app
docling/cli/main.py:40: in &lt;module&gt;
    from docling_core.utils.file import resolve_source_to_path
/usr/local/lib/python3.10/site-packages/docling_core/utils/file.py:11: in &lt;module&gt;
    import requests
E   ModuleNotFoundError: No module named 'requests'</error></testcase><testcase classname="" name="tests.test_code_formula" time="0.000"><error message="collection failure">ImportError while importing test module '/repo/tests/test_code_formula.py'.
Hint: make sure your test modules/packages have valid Python names.
Traceback:
/usr/local/lib/python3.10/importlib/__init__.py:126: in import_module
    return _bootstrap._gcd_import(name[level:], package, level)
tests/test_code_formula.py:8: in &lt;module&gt;
    from docling.datamodel.document import ConversionResult
docling/datamodel/document.py:23: in &lt;module&gt;
    import filetype
E   ModuleNotFoundError: No module named 'filetype'</error></testcase><testcase classname="" name="tests.test_conversion_result_json" time="0.000"><error message="collection failure">ImportError while importing test module '/repo/tests/test_conversion_result_json.py'.
Hint: make sure your test modules/packages have valid Python names.
Traceback:
/usr/local/lib/python3.10/importlib/__init__.py:126: in import_module
    return _bootstrap._gcd_import(name[level:], package, level)
tests/test_conversion_result_json.py:6: in &lt;module&gt;
    from docling.backend.pypdfium2_backend import (
docling/backend/pypdfium2_backend.py:23: in &lt;module&gt;
    from docling.backend.managed_pdfium_backend import (
docling/backend/managed_pdfium_backend.py:8: in &lt;module&gt;
    from docling.backend.pdf_backend import PdfDocumentBackend, PdfPageBackend
docling/backend/pdf_backend.py:14: in &lt;module&gt;
    from docling.datamodel.document import InputDocument
docling/datamodel/document.py:23: in &lt;module&gt;
    import filetype
E   ModuleNotFoundError: No module named 'filetype'</error></testcase><testcase classname="" name="tests.test_deepseekocr_vlm" time="0.000"><error message="collection failure">ImportError while importing test module '/repo/tests/test_deepseekocr_vlm.py'.
Hint: make sure your test modules/packages have valid Python names.
Traceback:
/usr/local/lib/python3.10/importlib/__init__.py:126: in import_module
    return _bootstrap._gcd_import(name[level:], package, level)
tests/test_deepseekocr_vlm.py:19: in &lt;module&gt;
    from docling.datamodel.document import ConversionResult, InputDocument
docling/datamodel/document.py:23: in &lt;module&gt;
    import filetype
E   ModuleNotFoundError: No module named 'filetype'</error></testcase><testcase classname="" name="tests.test_document_picture_classifier" time="0.000"><error message="collection failure">ImportError while importing test module '/repo/tests/test_document_picture_classifier.py'.
Hint: make sure your test modules/packages have valid Python names.
Traceback:
/usr/local/lib/python3.10/importlib/__init__.py:126: in import_module
    return _bootstrap._gcd_import(name[level:], package, level)
tests/test_document_picture_classifier.py:11: in &lt;module&gt;
    from docling.datamodel.document import ConversionResult
docling/datamodel/document.py:23: in &lt;module&gt;
    import filetype
E   ModuleNotFoundError: No module named 'filetype'</error></testcase><testcase classname="" name="tests.test_e2e_conversion" time="0.000"><error message="collection failure">ImportError while importing test module '/repo/tests/test_e2e_conversion.py'.
Hint: make sure your test modules/packages have valid Python names.
Traceback:
/usr/local/lib/python3.10/importlib/__init__.py:126: in import_module
    return _bootstrap._gcd_import(name[level:], package, level)
tests/test_e2e_conversion.py:7: in &lt;module&gt;
    from docling.datamodel.document import ConversionResult
docling/datamodel/document.py:23: in &lt;module&gt;
    import filetype
E   ModuleNotFoundError: No module named 'filetype'</error></testcase><testcase classname="" name="tests.test_e2e_ocr_conversion" time="0.000"><error message="collection failure">ImportError while importing test module '/repo/tests/test_e2e_ocr_conversion.py'.
Hint: make sure your test modules/packages have valid Python names.
Traceback:
/usr/local/lib/python3.10/importlib/__init__.py:126: in import_module
    return _bootstrap._gcd_import(name[level:], package, level)
tests/test_e2e_ocr_conversion.py:7: in &lt;module&gt;
    from docling.backend.docling_parse_backend import DoclingParseDocumentBackend
docling/backend/docling_parse_backend.py:10: in &lt;module&gt;
    from docling_parse.pdf_parser import (
E   ModuleNotFoundError: No module named 'docling_parse'</error></testcase><testcase classname="" name="tests.test_extraction" time="0.000"><error message="collection failure">ImportError while importing test module '/repo/tests/test_extraction.py'.
Hint: make sure your test modules/packages have valid Python names.
Traceback:
/usr/local/lib/python3.10/importlib/__init__.py:126: in import_module
    return _bootstrap._gcd_import(name[level:], package, level)
tests/test_extraction.py:12: in &lt;module&gt;
    from docling.document_converter import DocumentConverter
docling/document_converter.py:21: in &lt;module&gt;
    from docling.backend.asciidoc_backend import AsciiDocBackend
docling/backend/asciidoc_backend.py:21: in &lt;module&gt;
    from docling.datamodel.document import InputDocument
docling/datamodel/document.py:23: in &lt;module&gt;
    import filetype
E   ModuleNotFoundError: No module named 'filetype'</error></testcase><testcase classname="" name="tests.test_failed_pages" time="0.000"><error message="collection failure">ImportError while importing test module '/repo/tests/test_failed_pages.py'.
Hint: make sure your test modules/packages have valid Python names.
Traceback:
/usr/local/lib/python3.10/importlib/__init__.py:126: in import_module
    return _bootstrap._gcd_import(name[level:], package, level)
tests/test_failed_pages.py:16: in &lt;module&gt;
    from docling.document_converter import DocumentConverter, PdfFormatOption
docling/document_converter.py:21: in &lt;module&gt;
    from docling.backend.asciidoc_backend import AsciiDocBackend
docling/backend/asciidoc_backend.py:21: in &lt;module&gt;
    from docling.datamodel.document import InputDocument
docling/datamodel/document.py:23: in &lt;module&gt;
    import filetype
E   ModuleNotFoundError: No module named 'filetype'</error></testcase><testcase classname="" name="tests.test_falcon_ocr_vlm" time="0.000"><error message="collection failure">ImportError while importing test module '/repo/tests/test_falcon_ocr_vlm.py'.
Hint: make sure your test modules/packages have valid Python names.
Traceback:
/usr/local/lib/python3.10/importlib/__init__.py:126: in import_module
    return _bootstrap._gcd_import(name[level:], package, level)
tests/test_falcon_ocr_vlm.py:16: in &lt;module&gt;
    from docling.document_converter import DocumentConverter, PdfFormatOption
docling/document_converter.py:21: in &lt;module&gt;
    from docling.backend.asciidoc_backend import AsciiDocBackend
docling/backend/asciidoc_backend.py:21: in &lt;module&gt;
    from docling.datamodel.document import InputDocument
docling/datamodel/document.py:23: in &lt;module&gt;
    import filetype
E   ModuleNotFoundError: No module named 'filetype'</error></testcase><testcase classname="" name="tests.test_glmocr_vlm" time="0.000"><error message="collection failure">ImportError while importing test module '/repo/tests/test_glmocr_vlm.py'.
Hint: make sure your test modules/packages have valid Python names.
Traceback:
/usr/local/lib/python3.10/importlib/__init__.py:126: in import_module
    return _bootstrap._gcd_import(name[level:], package, level)
tests/test_glmocr_vlm.py:17: in &lt;module&gt;
    from docling.document_converter import DocumentConverter, PdfFormatOption
docling/document_converter.py:21: in &lt;module&gt;
    from docling.backend.asciidoc_backend import AsciiDocBackend
docling/backend/asciidoc_backend.py:21: in &lt;module&gt;
    from docling.datamodel.document import InputDocument
docling/datamodel/document.py:23: in &lt;module&gt;
    import filetype
E   ModuleNotFoundError: No module named 'filetype'</error></testcase><testcase classname="" name="tests.test_input_doc" time="0.000"><error message="collection failure">ImportError while importing test module '/repo/tests/test_input_doc.py'.
Hint: make sure your test modules/packages have valid Python names.
Traceback:
/usr/local/lib/python3.10/importlib/__init__.py:126: in import_module
    return _bootstrap._gcd_import(name[level:], package, level)
tests/test_input_doc.py:7: in &lt;module&gt;
    from docling.backend.html_backend import HTMLDocumentBackend
docling/backend/html_backend.py:17: in &lt;module&gt;
    import requests
E   ModuleNotFoundError: No module named 'requests'</error></testcase><testcase classname="" name="tests.test_interfaces" time="0.000"><error message="collection failure">ImportError while importing test module '/repo/tests/test_interfaces.py'.
Hint: make sure your test modules/packages have valid Python names.
Traceback:
/usr/local/lib/python3.10/importlib/__init__.py:126: in import_module
    return _bootstrap._gcd_import(name[level:], package, level)
tests/test_interfaces.py:15: in &lt;module&gt;
    from docling.document_converter import DocumentConverter, PdfFormatOption
docling/document_converter.py:21: in &lt;module&gt;
    from docling.backend.asciidoc_backend import AsciiDocBackend
docling/backend/asciidoc_backend.py:21: in &lt;module&gt;
    from docling.datamodel.document import InputDocument
docling/datamodel/document.py:23: in &lt;module&gt;
    import filetype
E   ModuleNotFoundError: No module named 'filetype'</error></testcase><testcase classname="" name="tests.test_invalid_input" time="0.000"><error message="collection failure">ImportError while importing test module '/repo/tests/test_invalid_input.py'.
Hint: make sure your test modules/packages have valid Python names.
Traceback:
/usr/local/lib/python3.10/importlib/__init__.py:126: in import_module
    return _bootstrap._gcd_import(name[level:], package, level)
tests/test_invalid_input.py:7: in &lt;module&gt;
    from docling.document_converter import ConversionError, DocumentConverter
docling/document_converter.py:21: in &lt;module&gt;
    from docling.backend.asciidoc_backend import AsciiDocBackend
docling/backend/asciidoc_backend.py:21: in &lt;module&gt;
    from docling.datamodel.document import InputDocument
docling/datamodel/document.py:23: in &lt;module&gt;
    import filetype
E   ModuleNotFoundError: No module named 'filetype'</error></testcase><testcase classname="" name="tests.test_kserve_v2_binary" time="0.000"><error message="collection failure">ImportError while importing test module '/repo/tests/test_kserve_v2_binary.py'.
Hint: make sure your test modules/packages have valid Python names.
Traceback:
/usr/local/lib/python3.10/importlib/__init__.py:126: in import_module
    return _bootstrap._gcd_import(name[level:], package, level)
tests/test_kserve_v2_binary.py:2: in &lt;module&gt;
    import requests
E   ModuleNotFoundError: No module named 'requests'</error></testcase><testcase classname="" name="tests.test_kserve_v2_ocr_integration" time="0.000"><error message="collection failure">ImportError while importing test module '/repo/tests/test_kserve_v2_ocr_integration.py'.
Hint: make sure your test modules/packages have valid Python names.
Traceback:
/usr/local/lib/python3.10/importlib/__init__.py:126: in import_module
    return _bootstrap._gcd_import(name[level:], package, level)
tests/test_kserve_v2_ocr_integration.py:9: in &lt;module&gt;
    from docling.backend.docling_parse_backend import DoclingParseDocumentBackend
docling/backend/docling_parse_backend.py:10: in &lt;module&gt;
    from docling_parse.pdf_parser import (
E   ModuleNotFoundError: No module named 'docling_parse'</error></testcase><testcase classname="" name="tests.test_latex" time="0.000"><error message="collection failure">/usr/local/lib/python3.10/importlib/__init__.py:126: in import_module
    return _bootstrap._gcd_import(name[level:], package, level)
&lt;frozen importlib._bootstrap&gt;:1050: in _gcd_import
    ???
&lt;frozen importlib._bootstrap&gt;:1027: in _find_and_load
    ???
&lt;frozen importlib._bootstrap&gt;:1006: in _find_and_load_unlocked
    ???
&lt;frozen importlib._bootstrap&gt;:688: in _load_unlocked
    ???
/usr/local/lib/python3.10/site-packages/_pytest/assertion/rewrite.py:197: in exec_module
    exec(co, module.__dict__)
tests/test_latex/conftest.py:7: in &lt;module&gt;
    from docling.backend.latex_backend import LatexDocumentBackend
docling/backend/latex_backend.py:1: in &lt;module&gt;
    from docling.backend.latex import LatexDocumentBackend
docling/backend/latex/__init__.py:1: in &lt;module&gt;
    from docling.backend.latex.backend import LatexDocumentBackend
docling/backend/latex/backend.py:10: in &lt;module&gt;
    from pylatexenc.latexwalker import (
E   ModuleNotFoundError: No module named 'pylatexenc'</error></testcase><testcase classname="" name="tests.test_layout_postprocessor" time="0.000"><error message="collection failure">ImportError while importing test module '/repo/tests/test_layout_postprocessor.py'.
Hint: make sure your test modules/packages have valid Python names.
Traceback:
/usr/local/lib/python3.10/importlib/__init__.py:126: in import_module
    return _bootstrap._gcd_import(name[level:], package, level)
tests/test_layout_postprocessor.py:3: in &lt;module&gt;
    from docling.utils.layout_postprocessor import LayoutPostprocessor
docling/utils/layout_postprocessor.py:8: in &lt;module&gt;
    from rtree import index
E   ModuleNotFoundError: No module named 'rtree'</error></testcase><testcase classname="" name="tests.test_legacy_format_transform" time="0.000"><error message="collection failure">ImportError while importing test module '/repo/tests/test_legacy_format_transform.py'.
Hint: make sure your test modules/packages have valid Python names.
Traceback:
/usr/local/lib/python3.10/importlib/__init__.py:126: in import_module
    return _bootstrap._gcd_import(name[level:], package, level)
tests/test_legacy_format_transform.py:8: in &lt;module&gt;
    from docling.document_converter import DocumentConverter, PdfFormatOption
docling/document_converter.py:21: in &lt;module&gt;
    from docling.backend.asciidoc_backend import AsciiDocBackend
docling/backend/asciidoc_backend.py:21: in &lt;module&gt;
    from docling.datamodel.document import InputDocument
docling/datamodel/document.py:23: in &lt;module&gt;
    import filetype
E   ModuleNotFoundError: No module named 'filetype'</error></testcase><testcase classname="" name="tests.test_lightonocr_vlm" time="0.000"><error message="collection failure">ImportError while importing test module '/repo/tests/test_lightonocr_vlm.py'.
Hint: make sure your test modules/packages have valid Python names.
Traceback:
/usr/local/lib/python3.10/importlib/__init__.py:126: in import_module
    return _bootstrap._gcd_import(name[level:], package, level)
tests/test_lightonocr_vlm.py:17: in &lt;module&gt;
    from docling.document_converter import DocumentConverter, PdfFormatOption
docling/document_converter.py:21: in &lt;module&gt;
    from docling.backend.asciidoc_backend import AsciiDocBackend
docling/backend/asciidoc_backend.py:21: in &lt;module&gt;
    from docling.datamodel.document import InputDocument
docling/datamodel/document.py:23: in &lt;module&gt;
    import filetype
E   ModuleNotFoundError: No module named 'filetype'</error></testcase><testcase classname="" name="tests.test_nanonets_ocr_vlm" time="0.000"><error message="collection failure">ImportError while importing test module '/repo/tests/test_nanonets_ocr_vlm.py'.
Hint: make sure your test modules/packages have valid Python names.
Traceback:
/usr/local/lib/python3.10/importlib/__init__.py:126: in import_module
    return _bootstrap._gcd_import(name[level:], package, level)
tests/test_nanonets_ocr_vlm.py:17: in &lt;module&gt;
    from docling.document_converter import DocumentConverter, PdfFormatOption
docling/document_converter.py:21: in &lt;module&gt;
    from docling.backend.asciidoc_backend import AsciiDocBackend
docling/backend/asciidoc_backend.py:21: in &lt;module&gt;
    from docling.datamodel.document import InputDocument
docling/datamodel/document.py:23: in &lt;module&gt;
    import filetype
E   ModuleNotFoundError: No module named 'filetype'</error></testcase><testcase classname="" name="tests.test_options" time="0.000"><error message="collection failure">ImportError while importing test module '/repo/tests/test_options.py'.
Hint: make sure your test modules/packages have valid Python names.
Traceback:
/usr/local/lib/python3.10/importlib/__init__.py:126: in import_module
    return _bootstrap._gcd_import(name[level:], package, level)
tests/test_options.py:7: in &lt;module&gt;
    from docling.backend.docling_parse_backend import (
docling/backend/docling_parse_backend.py:10: in &lt;module&gt;
    from docling_parse.pdf_parser import (
E   ModuleNotFoundError: No module named 'docling_parse'</error></testcase><testcase classname="" name="tests.test_page_assemble_model" time="0.000"><error message="collection failure">ImportError while importing test module '/repo/tests/test_page_assemble_model.py'.
Hint: make sure your test modules/packages have valid Python names.
Traceback:
/usr/local/lib/python3.10/importlib/__init__.py:126: in import_module
    return _bootstrap._gcd_import(name[level:], package, level)
tests/test_page_assemble_model.py:16: in &lt;module&gt;
    from docling.models.stages.page_assemble.page_assemble_model import (
docling/models/stages/page_assemble/page_assemble_model.py:20: in &lt;module&gt;
    from docling.datamodel.document import ConversionResult
docling/datamodel/document.py:23: in &lt;module&gt;
    import filetype
E   ModuleNotFoundError: No module named 'filetype'</error></testcase><testcase classname="" name="tests.test_pdf_password" time="0.000"><error message="collection failure">ImportError while importing test module '/repo/tests/test_pdf_password.py'.
Hint: make sure your test modules/packages have valid Python names.
Traceback:
/usr/local/lib/python3.10/importlib/__init__.py:126: in import_module
    return _bootstrap._gcd_import(name[level:], package, level)
tests/test_pdf_password.py:7: in &lt;module&gt;
    from docling.backend.docling_parse_backend import DoclingParseDocumentBackend
docling/backend/docling_parse_backend.py:10: in &lt;module&gt;
    from docling_parse.pdf_parser import (
E   ModuleNotFoundError: No module named 'docling_parse'</error></testcase><testcase classname="" name="tests.test_picture_description_base_model" time="0.000"><error message="collection failure">ImportError while importing test module '/repo/tests/test_picture_description_base_model.py'.
Hint: make sure your test modules/packages have valid Python names.
Traceback:
/usr/local/lib/python3.10/importlib/__init__.py:126: in import_module
    return _bootstrap._gcd_import(name[level:], package, level)
tests/test_picture_description_base_model.py:22: in &lt;module&gt;
    from docling.models.picture_description_base_model import PictureDescriptionBaseModel
docling/models/picture_description_base_model.py:21: in &lt;module&gt;
    from docling.models.base_model import (
docling/models/base_model.py:22: in &lt;module&gt;
    from docling.datamodel.document import ConversionResult
docling/datamodel/document.py:23: in &lt;module&gt;
    import filetype
E   ModuleNotFoundError: No module named 'filetype'</error></testcase><testcase classname="" name="tests.test_picture_description_filters" time="0.000"><error message="collection failure">ImportError while importing test module '/repo/tests/test_picture_description_filters.py'.
Hint: make sure your test modules/packages have valid Python names.
Traceback:
/usr/local/lib/python3.10/importlib/__init__.py:126: in import_module
    return _bootstrap._gcd_import(name[level:], package, level)
tests/test_picture_description_filters.py:8: in &lt;module&gt;
    from docling.models.picture_description_base_model import _passes_classification
docling/models/picture_description_base_model.py:21: in &lt;module&gt;
    from docling.models.base_model import (
docling/models/base_model.py:22: in &lt;module&gt;
    from docling.datamodel.document import ConversionResult
docling/datamodel/document.py:23: in &lt;module&gt;
    import filetype
E   ModuleNotFoundError: No module named 'filetype'</error></testcase><testcase classname="" name="tests.test_picture_description_rgb_conversion" time="0.000"><error message="collection failure">ImportError while importing test module '/repo/tests/test_picture_description_rgb_conversion.py'.
Hint: make sure your test modules/packages have valid Python names.
Traceback:
/usr/local/lib/python3.10/importlib/__init__.py:126: in import_module
    return _bootstrap._gcd_import(name[level:], package, level)
tests/test_picture_description_rgb_conversion.py:12: in &lt;module&gt;
    from docling.models.picture_description_base_model import PictureDescriptionBaseModel
docling/models/picture_description_base_model.py:21: in &lt;module&gt;
    from docling.models.base_model import (
docling/models/base_model.py:22: in &lt;module&gt;
    from docling.datamodel.document import ConversionResult
docling/datamodel/document.py:23: in &lt;module&gt;
    import filetype
E   ModuleNotFoundError: No module named 'filetype'</error></testcase><testcase classname="" name="tests.test_picture_description_vlm_model" time="0.000"><error message="collection failure">ImportError while importing test module '/repo/tests/test_picture_description_vlm_model.py'.
Hint: make sure your test modules/packages have valid Python names.
Traceback:
/usr/local/lib/python3.10/importlib/__init__.py:126: in import_module
    return _bootstrap._gcd_import(name[level:], package, level)
tests/test_picture_description_vlm_model.py:4: in &lt;module&gt;
    import torch
E   ModuleNotFoundError: No module named 'torch'</error></testcase><testcase classname="" name="tests.test_rapid_ocr_lang" time="0.000"><error message="collection failure">ImportError while importing test module '/repo/tests/test_rapid_ocr_lang.py'.
Hint: make sure your test modules/packages have valid Python names.
Traceback:
/usr/local/lib/python3.10/importlib/__init__.py:126: in import_module
    return _bootstrap._gcd_import(name[level:], package, level)
tests/test_rapid_ocr_lang.py:10: in &lt;module&gt;
    from docling.models.stages.ocr.rapid_ocr_model import RapidOcrModel
docling/models/stages/ocr/rapid_ocr_model.py:12: in &lt;module&gt;
    from docling.datamodel.document import ConversionResult
docling/datamodel/document.py:23: in &lt;module&gt;
    import filetype
E   ModuleNotFoundError: No module named 'filetype'</error></testcase><testcase classname="" name="tests.test_rapid_ocr_model" time="0.000"><error message="collection failure">ImportError while importing test module '/repo/tests/test_rapid_ocr_model.py'.
Hint: make sure your test modules/packages have valid Python names.
Traceback:
/usr/local/lib/python3.10/importlib/__init__.py:126: in import_module
    return _bootstrap._gcd_import(name[level:], package, level)
tests/test_rapid_ocr_model.py:10: in &lt;module&gt;
    from docling.models.stages.ocr.rapid_ocr_model import RapidOcrModel
docling/models/stages/ocr/rapid_ocr_model.py:12: in &lt;module&gt;
    from docling.datamodel.document import ConversionResult
docling/datamodel/document.py:23: in &lt;module&gt;
    import filetype
E   ModuleNotFoundError: No module named 'filetype'</error></testcase><testcase classname="" name="tests.test_service_client_integration" time="0.000"><error message="collection failure">ImportError while importing test module '/repo/tests/test_service_client_integration.py'.
Hint: make sure your test modules/packages have valid Python names.
Traceback:
/usr/local/lib/python3.10/importlib/__init__.py:126: in import_module
    return _bootstrap._gcd_import(name[level:], package, level)
tests/test_service_client_integration.py:11: in &lt;module&gt;
    from docling.service_client import DoclingServiceClient, RawServiceResult
docling/service_client/__init__.py:13: in &lt;module&gt;
    from docling.service_client.client import (
docling/service_client/client.py:27: in &lt;module&gt;
    from docling.backend.noop_backend import NoOpBackend
docling/backend/noop_backend.py:8: in &lt;module&gt;
    from docling.datamodel.document import InputDocument
docling/datamodel/document.py:23: in &lt;module&gt;
    import filetype
E   ModuleNotFoundError: No module named 'filetype'</error></testcase><testcase classname="" name="tests.test_service_client_sdk_unit" time="0.000"><error message="collection failure">ImportError while importing test module '/repo/tests/test_service_client_sdk_unit.py'.
Hint: make sure your test modules/packages have valid Python names.
Traceback:
/usr/local/lib/python3.10/importlib/__init__.py:126: in import_module
    return _bootstrap._gcd_import(name[level:], package, level)
tests/test_service_client_sdk_unit.py:14: in &lt;module&gt;
    import docling.service_client.client as client_module
docling/service_client/__init__.py:13: in &lt;module&gt;
    from docling.service_client.client import (
docling/service_client/client.py:27: in &lt;module&gt;
    from docling.backend.noop_backend import NoOpBackend
docling/backend/noop_backend.py:8: in &lt;module&gt;
    from docling.datamodel.document import InputDocument
docling/datamodel/document.py:23: in &lt;module&gt;
    import filetype
E   ModuleNotFoundError: No module named 'filetype'</error></testcase><testcase classname="" name="tests.test_table_structure_granite_vision" time="0.000"><error message="collection failure">ImportError while importing test module '/repo/tests/test_table_structure_granite_vision.py'.
Hint: make sure your test modules/packages have valid Python names.
Traceback:
/usr/local/lib/python3.10/importlib/__init__.py:126: in import_module
    return _bootstrap._gcd_import(name[level:], package, level)
tests/test_table_structure_granite_vision.py:5: in &lt;module&gt;
    from docling.models.stages.table_structure.table_structure_model_granite_vision import (
docling/models/stages/table_structure/table_structure_model_granite_vision.py:9: in &lt;module&gt;
    import torch
E   ModuleNotFoundError: No module named 'torch'</error></testcase><testcase classname="" name="tests.test_threaded_pipeline" time="0.000"><error message="collection failure">ImportError while importing test module '/repo/tests/test_threaded_pipeline.py'.
Hint: make sure your test modules/packages have valid Python names.
Traceback:
/usr/local/lib/python3.10/importlib/__init__.py:126: in import_module
    return _bootstrap._gcd_import(name[level:], package, level)
tests/test_threaded_pipeline.py:6: in &lt;module&gt;
    from docling.backend.docling_parse_backend import (
docling/backend/docling_parse_backend.py:10: in &lt;module&gt;
    from docling_parse.pdf_parser import (
E   ModuleNotFoundError: No module named 'docling_parse'</error></testcase><testcase classname="" name="tests.test_verify_utils" time="0.000"><error message="collection failure">ImportError while importing test module '/repo/tests/test_verify_utils.py'.
Hint: make sure your test modules/packages have valid Python names.
Traceback:
/usr/local/lib/python3.10/importlib/__init__.py:126: in import_module
    return _bootstrap._gcd_import(name[level:], package, level)
tests/test_verify_utils.py:7: in &lt;module&gt;
    from tests.verify_utils import verify_docitems
tests/verify_utils.py:22: in &lt;module&gt;
    from docling.datamodel.document import ConversionResult
docling/datamodel/document.py:23: in &lt;module&gt;
    import filetype
E   ModuleNotFoundError: No module named 'filetype'</error></testcase><testcase classname="" name="tests.test_vlm_pipeline_status" time="0.000"><error message="collection failure">ImportError while importing test module '/repo/tests/test_vlm_pipeline_status.py'.
Hint: make sure your test modules/packages have valid Python names.
Traceback:
/usr/local/lib/python3.10/importlib/__init__.py:126: in import_module
    return _bootstrap._gcd_import(name[level:], package, level)
tests/test_vlm_pipeline_status.py:21: in &lt;module&gt;
    from docling.datamodel.document import ConversionResult
docling/datamodel/document.py:23: in &lt;module&gt;
    import filetype
E   ModuleNotFoundError: No module named 'filetype'</error></testcase><testcase classname="" name="tests.test_vlm_presets_and_runtime_options" time="0.000"><error message="collection failure">ImportError while importing test module '/repo/tests/test_vlm_presets_and_runtime_options.py'.
Hint: make sure your test modules/packages have valid Python names.
Traceback:
/usr/local/lib/python3.10/importlib/__init__.py:126: in import_module
    return _bootstrap._gcd_import(name[level:], package, level)
tests/test_vlm_presets_and_runtime_options.py:38: in &lt;module&gt;
    from docling.models.inference_engines.vlm.transformers_engine import (
docling/models/inference_engines/vlm/transformers_engine.py:10: in &lt;module&gt;
    import torch
E   ModuleNotFoundError: No module named 'torch'</error></testcase><testcase classname="tests.test_api_kserve_v2_engine_scaffolding" name="test_object_detection_factory_requires_remote_enablement" time="0.004"><failure message="ModuleNotFoundError: No module named 'requests'">tests/test_api_kserve_v2_engine_scaffolding.py:38: in test_object_detection_factory_requires_remote_enablement
    create_object_detection_engine(
docling/models/inference_engines/object_detection/factory.py:93: in create_object_detection_engine
    from docling.models.inference_engines.object_detection.api_kserve_v2_engine import (
docling/models/inference_engines/object_detection/api_kserve_v2_engine.py:18: in &lt;module&gt;
    from docling.models.inference_engines.common import KserveV2Client, KserveV2HttpClient
docling/models/inference_engines/common/__init__.py:5: in &lt;module&gt;
    from docling.models.inference_engines.common.kserve_v2_http import KserveV2HttpClient
docling/models/inference_engines/common/kserve_v2_http.py:17: in &lt;module&gt;
    import requests
E   ModuleNotFoundError: No module named 'requests'</failure></testcase><testcase classname="tests.test_api_kserve_v2_engine_scaffolding" name="test_image_classification_factory_requires_remote_enablement" time="0.001"><failure message="ModuleNotFoundError: No module named 'requests'">tests/test_api_kserve_v2_engine_scaffolding.py:55: in test_image_classification_factory_requires_remote_enablement
    create_image_classification_engine(
docling/models/inference_engines/image_classification/factory.py:81: in create_image_classification_engine
    from docling.models.inference_engines.image_classification.api_kserve_v2_engine import (
docling/models/inference_engines/image_classification/api_kserve_v2_engine.py:17: in &lt;module&gt;
    from docling.models.inference_engines.common import KserveV2Client, KserveV2HttpClient
docling/models/inference_engines/common/__init__.py:5: in &lt;module&gt;
    from docling.models.inference_engines.common.kserve_v2_http import KserveV2HttpClient
docling/models/inference_engines/common/kserve_v2_http.py:17: in &lt;module&gt;
    import requests
E   ModuleNotFoundError: No module named 'requests'</failure></testcase><testcase classname="tests.test_check_needs_results" name="test_collect_failures_allows_configured_skips" time="0.001" /><testcase classname="tests.test_check_needs_results" name="test_collect_failures_rejects_cancelled_jobs_even_when_skip_is_allowed" time="0.000" /><testcase classname="tests.test_check_needs_results" name="test_collect_failures_rejects_unexpected_skips" time="0.000" /><testcase classname="tests.test_check_needs_results" name="test_parse_needs_requires_json_object" time="0.000" /><testcase classname="tests.test_check_needs_results" name="test_result_for_job_requires_string_result" time="0.000" /><testcase classname="tests.test_data_gen_flag" name="test_gen_test_data_flag" time="0.000" /><testcase classname="tests.test_granite_vision_extraction" name="test_granite_vision_spec_has_correct_repo_id" time="0.000" /><testcase classname="tests.test_granite_vision_extraction" name="test_default_prompt_style_is_nuextract" time="0.000" /><testcase classname="tests.test_granite_vision_extraction" name="test_granite_vision_prompt_style_option" time="0.000" /><testcase classname="tests.test_granite_vision_extraction" name="test_pipeline_passes_prompt_style_to_model" time="0.001"><failure message="ModuleNotFoundError: No module named 'docling_parse'">/usr/local/lib/python3.10/unittest/mock.py:1248: in _dot_lookup
    return getattr(thing, comp)
E   AttributeError: module 'docling.pipeline' has no attribute 'extraction_vlm_pipeline'

During handling of the above exception, another exception occurred:
/usr/local/lib/python3.10/unittest/mock.py:1376: in patched
    with self.decoration_helper(patched,
/usr/local/lib/python3.10/contextlib.py:135: in __enter__
    return next(self.gen)
/usr/local/lib/python3.10/unittest/mock.py:1358: in decoration_helper
    arg = exit_stack.enter_context(patching)
/usr/local/lib/python3.10/contextlib.py:492: in enter_context
    result = _cm_type.__enter__(cm)
/usr/local/lib/python3.10/unittest/mock.py:1431: in __enter__
    self.target = self.getter()
/usr/local/lib/python3.10/unittest/mock.py:1618: in &lt;lambda&gt;
    getter = lambda: _importer(target)
/usr/local/lib/python3.10/unittest/mock.py:1261: in _importer
    thing = _dot_lookup(thing, comp, import_path)
/usr/local/lib/python3.10/unittest/mock.py:1250: in _dot_lookup
    __import__(import_path)
docling/pipeline/extraction_vlm_pipeline.py:10: in &lt;module&gt;
    from docling.backend.docling_parse_backend import ThreadedDoclingParseDocumentBackend
docling/backend/docling_parse_backend.py:10: in &lt;module&gt;
    from docling_parse.pdf_parser import (
E   ModuleNotFoundError: No module named 'docling_parse'</failure></testcase><testcase classname="tests.test_granite_vision_extraction" name="test_build_extraction_prompt" time="0.000" /><testcase classname="tests.test_ocr_utils" name="test_rotate_bounding_box[bbox0-im_size0-180-expected_rectangle0]" time="0.001" /><testcase classname="tests.test_ocr_utils" name="test_rotate_bounding_box[bbox1-im_size1--180-expected_rectangle1]" time="0.001" /><testcase classname="tests.test_pytest_marker_selection" name="test_discover_test_markers_uses_module_level_pytestmark" time="0.003" /><testcase classname="tests.test_pytest_marker_selection" name="test_build_ml_suites_returns_all_suites_when_ml_is_triggered" time="0.000" /><testcase classname="tests.test_pytest_marker_selection" name="test_build_ml_suites_returns_empty_without_ml_trigger" time="0.000" /><testcase classname="tests.test_pytest_marker_selection" name="test_function_level_ml_marker_is_rejected" time="0.001" /><testcase classname="tests.test_pytest_marker_selection" name="test_core_ignore_args_only_ignores_ml_marked_modules" time="0.001" /><testcase classname="tests.test_run_pr_fast_checks" name="test_collect_targets_limits_scope_to_supported_paths" time="0.001" /><testcase classname="tests.test_run_pr_fast_checks" name="test_collect_targets_uses_smoke_target_for_tooling_only_changes" time="0.001" /><testcase classname="tests.test_run_pr_fast_checks" name="test_collect_targets_skips_unrelated_changes" time="0.001" /><testcase classname="tests.test_run_pr_fast_checks" name="test_build_check_units_uses_ty_check" time="0.000" /><testcase classname="tests.test_run_pr_fast_checks" name="test_git_helpers_accept_synthetic_merge_tree" time="0.083" /><testcase classname="tests.test_run_pr_fast_checks" name="test_log_result_suppresses_success_output" time="0.001" /><testcase classname="tests.test_run_pr_fast_checks" name="test_log_result_prints_failure_output" time="0.001" /><testcase classname="tests.test_run_pr_fast_checks" name="test_significant_regression_requires_same_successful_target_set" time="0.001" /><testcase classname="tests.test_service_datamodels" name="test_http_source_request_rejects_zip_urls" time="0.001" /><testcase classname="tests.test_service_datamodels" name="test_any_http_source_request_allows_zip_urls" time="0.001" /><testcase classname="tests.test_service_datamodels" name="test_convert_sources_request_rejects_s3_sources" time="0.001" /><testcase classname="tests.test_service_datamodels" name="test_batch_convert_sources_request_allows_zip_http_urls" time="0.001" /><testcase classname="tests.test_service_datamodels" name="test_batch_convert_sources_request_rejects_file_sources" time="0.001" /><testcase classname="tests.test_service_datamodels" name="test_docling_task_result_accepts_presigned_artifact_results" time="0.001" /><testcase classname="tests.test_settings_load" name="test_settings" time="0.007" /><testcase classname="tests.test_settings_load" name="test_compile_model_defaults_from_settings" time="0.003" /><testcase classname="tests.test_settings_load" name="test_scoped_settings_restores_state" time="0.004" /></testsuite></testsuites>